<?xml version="1.0" encoding="UTF-8"?>
<testsuite name="tetris.FullGameTests" tests="5" skipped="0" failures="5" errors="0" timestamp="2023-09-20T14:21:58" hostname="LAPTOP-O5MRDU5L" time="0.165">
  <properties/>
  <testcase name="testGame5x9" classname="tetris.FullGameTests" time="0.016">
    <failure message="org.scalatest.exceptions.TestFailedException: didPass was false&#10;--------------------------------------------------------------------------------&#10;This is what went wrong:&#10;&#10;step=0, rand=0, actions=&lt;&gt;&#10;Want  | Got ✗&#10;-------------&#10;..... | IIIII&#10;.IIII | IIIII&#10;..... | IIIII&#10;..... | IIIII&#10;..... | IIIII&#10;..... | IIIII&#10;..... | IIIII&#10;..... | IIIII&#10;..... | IIIII&#10;&#10;step=1, rand=0, actions=&lt;RotateRight&gt;&#10;Want  | Got ✗&#10;-------------&#10;...I. | IIIII&#10;...I. | IIIII&#10;...I. | IIIII&#10;...I. | IIIII&#10;..... | IIIII&#10;..... | IIIII&#10;..... | IIIII&#10;..... | IIIII&#10;..... | IIIII&#10;&#10;step=2, rand=0, actions=&lt;Down&gt;&#10;Want  | Got ✗&#10;-------------&#10;..... | IIIII&#10;...I. | IIIII&#10;...I. | IIIII&#10;...I. | IIIII&#10;...I. | IIIII&#10;..... | IIIII&#10;..... | IIIII&#10;..... | IIIII&#10;..... | IIIII&#10;&#10;step=3, rand=0, actions=&lt;Down&gt;&#10;Want  | Got ✗&#10;-------------&#10;..... | IIIII&#10;..... | IIIII&#10;...I. | IIIII&#10;...I. | IIIII&#10;...I. | IIIII&#10;...I. | IIIII&#10;..... | IIIII&#10;..... | IIIII&#10;..... | IIIII&#10;&#10;step=4, rand=0, actions=&lt;Down&gt;&#10;Want  | Got ✗&#10;-------------&#10;..... | IIIII&#10;..... | IIIII&#10;..... | IIIII&#10;...I. | IIIII&#10;...I. | IIIII&#10;...I. | IIIII&#10;...I. | IIIII&#10;..... | IIIII&#10;..... | IIIII&#10;&#10;step=5, rand=0, actions=&lt;Down&gt;&#10;Want  | Got ✗&#10;-------------&#10;..... | IIIII&#10;..... | IIIII&#10;..... | IIIII&#10;..... | IIIII&#10;...I. | IIIII&#10;...I. | IIIII&#10;...I. | IIIII&#10;...I. | IIIII&#10;..... | IIIII&#10;&#10;step=6, rand=0, actions=&lt;Down&gt;&#10;Want  | Got ✗&#10;-------------&#10;..... | IIIII&#10;..... | IIIII&#10;..... | IIIII&#10;..... | IIIII&#10;..... | IIIII&#10;...I. | IIIII&#10;...I. | IIIII&#10;...I. | IIIII&#10;...I. | IIIII&#10;&#10;step=7, rand=0, actions=&lt;Down&gt;&#10;Want  | Got ✗&#10;-------------&#10;..... | IIIII&#10;.IIII | IIIII&#10;..... | IIIII&#10;..... | IIIII&#10;..... | IIIII&#10;...I. | IIIII&#10;...I. | IIIII&#10;...I. | IIIII&#10;...I. | IIIII&#10;&#10;step=8, rand=0, actions=&lt;RotateRight&gt;&#10;Want  | Got ✗&#10;-------------&#10;...I. | IIIII&#10;...I. | IIIII&#10;...I. | IIIII&#10;...I. | IIIII&#10;..... | IIIII&#10;...I. | IIIII&#10;...I. | IIIII&#10;...I. | IIIII&#10;...I. | IIIII&#10;&#10;step=9, rand=0, actions=&lt;Left&gt;&#10;Want  | Got ✗&#10;-------------&#10;..I.. | IIIII&#10;..I.. | IIIII&#10;..I.. | IIIII&#10;..I.. | IIIII&#10;..... | IIIII&#10;...I. | IIIII&#10;...I. | IIIII&#10;...I. | IIIII&#10;...I. | IIIII&#10;&#10;step=10, rand=0, actions=&lt;Down&gt;&#10;Want  | Got ✗&#10;-------------&#10;..... | IIIII&#10;..I.. | IIIII&#10;..I.. | IIIII&#10;..I.. | IIIII&#10;..I.. | IIIII&#10;...I. | IIIII&#10;...I. | IIIII&#10;...I. | IIIII&#10;...I. | IIIII&#10;&#10;step=11, rand=0, actions=&lt;Down&gt;&#10;Want  | Got ✗&#10;-------------&#10;..... | IIIII&#10;..... | IIIII&#10;..I.. | IIIII&#10;..I.. | IIIII&#10;..I.. | IIIII&#10;..II. | IIIII&#10;...I. | IIIII&#10;...I. | IIIII&#10;...I. | IIIII&#10;&#10;step=12, rand=0, actions=&lt;Down&gt;&#10;Want  | Got ✗&#10;-------------&#10;..... | IIIII&#10;..... | IIIII&#10;..... | IIIII&#10;..I.. | IIIII&#10;..I.. | IIIII&#10;..II. | IIIII&#10;..II. | IIIII&#10;...I. | IIIII&#10;...I. | IIIII&#10;&#10;step=13, rand=0, actions=&lt;Down&gt;&#10;Want  | Got ✗&#10;-------------&#10;..... | IIIII&#10;..... | IIIII&#10;..... | IIIII&#10;..... | IIIII&#10;..I.. | IIIII&#10;..II. | IIIII&#10;..II. | IIIII&#10;..II. | IIIII&#10;...I. | IIIII&#10;&#10;step=14, rand=0, actions=&lt;Down&gt;&#10;Want  | Got ✗&#10;-------------&#10;..... | IIIII&#10;..... | IIIII&#10;..... | IIIII&#10;..... | IIIII&#10;..... | IIIII&#10;..II. | IIIII&#10;..II. | IIIII&#10;..II. | IIIII&#10;..II. | IIIII&#10;&#10;step=15, rand=3, actions=&lt;Down&gt;&#10;Want  | Got ✗&#10;-------------&#10;..OO. | IIIII&#10;..OO. | IIIII&#10;..... | IIIII&#10;..... | IIIII&#10;..... | IIIII&#10;..II. | IIIII&#10;..II. | IIIII&#10;..II. | IIIII&#10;..II. | IIIII&#10;&#10;step=16, rand=3, actions=&lt;Left&gt;&#10;Want  | Got ✗&#10;-------------&#10;.OO.. | IIIII&#10;.OO.. | IIIII&#10;..... | IIIII&#10;..... | IIIII&#10;..... | IIIII&#10;..II. | IIIII&#10;..II. | IIIII&#10;..II. | IIIII&#10;..II. | IIIII&#10;&#10;step=17, rand=3, actions=&lt;Left&gt;&#10;Want  | Got ✗&#10;-------------&#10;OO... | IIIII&#10;OO... | IIIII&#10;..... | IIIII&#10;..... | IIIII&#10;..... | IIIII&#10;..II. | IIIII&#10;..II. | IIIII&#10;..II. | IIIII&#10;..II. | IIIII&#10;&#10;step=18, rand=3, actions=&lt;Down&gt;&#10;Want  | Got ✗&#10;-------------&#10;..... | IIIII&#10;OO... | IIIII&#10;OO... | IIIII&#10;..... | IIIII&#10;..... | IIIII&#10;..II. | IIIII&#10;..II. | IIIII&#10;..II. | IIIII&#10;..II. | IIIII&#10;&#10;step=19, rand=3, actions=&lt;Down&gt;&#10;Want  | Got ✗&#10;-------------&#10;..... | IIIII&#10;..... | IIIII&#10;OO... | IIIII&#10;OO... | IIIII&#10;..... | IIIII&#10;..II. | IIIII&#10;..II. | IIIII&#10;..II. | IIIII&#10;..II. | IIIII&#10;&#10;step=20, rand=3, actions=&lt;Down&gt;&#10;Want  | Got ✗&#10;-------------&#10;..... | IIIII&#10;..... | IIIII&#10;..... | IIIII&#10;OO... | IIIII&#10;OO... | IIIII&#10;..II. | IIIII&#10;..II. | IIIII&#10;..II. | IIIII&#10;..II. | IIIII&#10;&#10;step=21, rand=3, actions=&lt;Down&gt;&#10;Want  | Got ✗&#10;-------------&#10;..... | IIIII&#10;..... | IIIII&#10;..... | IIIII&#10;..... | IIIII&#10;OO... | IIIII&#10;OOII. | IIIII&#10;..II. | IIIII&#10;..II. | IIIII&#10;..II. | IIIII&#10;&#10;step=22, rand=3, actions=&lt;Down&gt;&#10;Want  | Got ✗&#10;-------------&#10;..... | IIIII&#10;..... | IIIII&#10;..... | IIIII&#10;..... | IIIII&#10;..... | IIIII&#10;OOII. | IIIII&#10;OOII. | IIIII&#10;..II. | IIIII&#10;..II. | IIIII&#10;&#10;step=23, rand=3, actions=&lt;Down&gt;&#10;Want  | Got ✗&#10;-------------&#10;..... | IIIII&#10;..... | IIIII&#10;..... | IIIII&#10;..... | IIIII&#10;..... | IIIII&#10;..II. | IIIII&#10;OOII. | IIIII&#10;OOII. | IIIII&#10;..II. | IIIII&#10;&#10;step=24, rand=3, actions=&lt;Down&gt;&#10;Want  | Got ✗&#10;-------------&#10;..... | IIIII&#10;..... | IIIII&#10;..... | IIIII&#10;..... | IIIII&#10;..... | IIIII&#10;..II. | IIIII&#10;..II. | IIIII&#10;OOII. | IIIII&#10;OOII. | IIIII&#10;&#10;step=25, rand=0, actions=&lt;Down&gt;&#10;Want  | Got ✗&#10;-------------&#10;..... | IIIII&#10;.IIII | IIIII&#10;..... | IIIII&#10;..... | IIIII&#10;..... | IIIII&#10;..II. | IIIII&#10;..II. | IIIII&#10;OOII. | IIIII&#10;OOII. | IIIII&#10;&#10;step=26, rand=0, actions=&lt;RotateRight&gt;&#10;Want  | Got ✗&#10;-------------&#10;...I. | IIIII&#10;...I. | IIIII&#10;...I. | IIIII&#10;...I. | IIIII&#10;..... | IIIII&#10;..II. | IIIII&#10;..II. | IIIII&#10;OOII. | IIIII&#10;OOII. | IIIII&#10;&#10;step=27, rand=0, actions=&lt;Left&gt;&#10;Want  | Got ✗&#10;-------------&#10;..I.. | IIIII&#10;..I.. | IIIII&#10;..I.. | IIIII&#10;..I.. | IIIII&#10;..... | IIIII&#10;..II. | IIIII&#10;..II. | IIIII&#10;OOII. | IIIII&#10;OOII. | IIIII&#10;&#10;step=28, rand=0, actions=&lt;Left&gt;&#10;Want  | Got ✗&#10;-------------&#10;.I... | IIIII&#10;.I... | IIIII&#10;.I... | IIIII&#10;.I... | IIIII&#10;..... | IIIII&#10;..II. | IIIII&#10;..II. | IIIII&#10;OOII. | IIIII&#10;OOII. | IIIII&#10;&#10;step=29, rand=0, actions=&lt;Left&gt;&#10;Want  | Got ✗&#10;-------------&#10;I.... | IIIII&#10;I.... | IIIII&#10;I.... | IIIII&#10;I.... | IIIII&#10;..... | IIIII&#10;..II. | IIIII&#10;..II. | IIIII&#10;OOII. | IIIII&#10;OOII. | IIIII&#10;&#10;step=30, rand=0, actions=&lt;Down&gt;&#10;Want  | Got ✗&#10;-------------&#10;..... | IIIII&#10;I.... | IIIII&#10;I.... | IIIII&#10;I.... | IIIII&#10;I.... | IIIII&#10;..II. | IIIII&#10;..II. | IIIII&#10;OOII. | IIIII&#10;OOII. | IIIII&#10;&#10;step=31, rand=0, actions=&lt;Down&gt;&#10;Want  | Got ✗&#10;-------------&#10;..... | IIIII&#10;..... | IIIII&#10;I.... | IIIII&#10;I.... | IIIII&#10;I.... | IIIII&#10;I.II. | IIIII&#10;..II. | IIIII&#10;OOII. | IIIII&#10;OOII. | IIIII&#10;&#10;step=32, rand=0, actions=&lt;Down&gt;&#10;Want  | Got ✗&#10;-------------&#10;..... | IIIII&#10;..... | IIIII&#10;..... | IIIII&#10;I.... | IIIII&#10;I.... | IIIII&#10;I.II. | IIIII&#10;I.II. | IIIII&#10;OOII. | IIIII&#10;OOII. | IIIII&#10;&#10;step=33, rand=1, actions=&lt;Down&gt;&#10;Want  | Got ✗&#10;-------------&#10;.J... | IIIII&#10;.JJJ. | IIIII&#10;..... | IIIII&#10;I.... | IIIII&#10;I.... | IIIII&#10;I.II. | IIIII&#10;I.II. | IIIII&#10;OOII. | IIIII&#10;OOII. | IIIII&#10;&#10;step=34, rand=1, actions=&lt;RotateRight&gt;&#10;Want  | Got ✗&#10;-------------&#10;..JJ. | IIIII&#10;..J.. | IIIII&#10;..J.. | IIIII&#10;I.... | IIIII&#10;I.... | IIIII&#10;I.II. | IIIII&#10;I.II. | IIIII&#10;OOII. | IIIII&#10;OOII. | IIIII&#10;&#10;step=35, rand=1, actions=&lt;Left&gt;&#10;Want  | Got ✗&#10;-------------&#10;.JJ.. | IIIII&#10;.J... | IIIII&#10;.J... | IIIII&#10;I.... | IIIII&#10;I.... | IIIII&#10;I.II. | IIIII&#10;I.II. | IIIII&#10;OOII. | IIIII&#10;OOII. | IIIII&#10;&#10;step=36, rand=1, actions=&lt;Down&gt;&#10;Want  | Got ✗&#10;-------------&#10;..... | IIIII&#10;.JJ.. | IIIII&#10;.J... | IIIII&#10;IJ... | IIIII&#10;I.... | IIIII&#10;I.II. | IIIII&#10;I.II. | IIIII&#10;OOII. | IIIII&#10;OOII. | IIIII&#10;&#10;step=37, rand=1, actions=&lt;Down&gt;&#10;Want  | Got ✗&#10;-------------&#10;..... | IIIII&#10;..... | IIIII&#10;.JJ.. | IIIII&#10;IJ... | IIIII&#10;IJ... | IIIII&#10;I.II. | IIIII&#10;I.II. | IIIII&#10;OOII. | IIIII&#10;OOII. | IIIII&#10;&#10;step=38, rand=1, actions=&lt;Down&gt;&#10;Want  | Got ✗&#10;-------------&#10;..... | IIIII&#10;..... | IIIII&#10;..... | IIIII&#10;IJJ.. | IIIII&#10;IJ... | IIIII&#10;IJII. | IIIII&#10;I.II. | IIIII&#10;OOII. | IIIII&#10;OOII. | IIIII&#10;&#10;step=39, rand=1, actions=&lt;Down&gt;&#10;Want  | Got ✗&#10;-------------&#10;..... | IIIII&#10;..... | IIIII&#10;..... | IIIII&#10;I.... | IIIII&#10;IJJ.. | IIIII&#10;IJII. | IIIII&#10;IJII. | IIIII&#10;OOII. | IIIII&#10;OOII. | IIIII&#10;&#10;step=40, rand=4, actions=&lt;Down&gt;&#10;Want  | Got ✗&#10;-------------&#10;..SS. | IIIII&#10;.SS.. | IIIII&#10;..... | IIIII&#10;I.... | IIIII&#10;IJJ.. | IIIII&#10;IJII. | IIIII&#10;IJII. | IIIII&#10;OOII. | IIIII&#10;OOII. | IIIII&#10;&#10;step=41, rand=4, actions=&lt;RotateRight&gt;&#10;Want  | Got ✗&#10;-------------&#10;..S.. | IIIII&#10;..SS. | IIIII&#10;...S. | IIIII&#10;I.... | IIIII&#10;IJJ.. | IIIII&#10;IJII. | IIIII&#10;IJII. | IIIII&#10;OOII. | IIIII&#10;OOII. | IIIII&#10;&#10;step=42, rand=4, actions=&lt;Right&gt;&#10;Want  | Got ✗&#10;-------------&#10;...S. | IIIII&#10;...SS | IIIII&#10;....S | IIIII&#10;I.... | IIIII&#10;IJJ.. | IIIII&#10;IJII. | IIIII&#10;IJII. | IIIII&#10;OOII. | IIIII&#10;OOII. | IIIII&#10;&#10;step=43, rand=4, actions=&lt;Down&gt;&#10;Want  | Got ✗&#10;-------------&#10;..... | IIIII&#10;...S. | IIIII&#10;...SS | IIIII&#10;I...S | IIIII&#10;IJJ.. | IIIII&#10;IJII. | IIIII&#10;IJII. | IIIII&#10;OOII. | IIIII&#10;OOII. | IIIII&#10;&#10;step=44, rand=4, actions=&lt;Down&gt;&#10;Want  | Got ✗&#10;-------------&#10;..... | IIIII&#10;..... | IIIII&#10;...S. | IIIII&#10;I..SS | IIIII&#10;IJJ.S | IIIII&#10;IJII. | IIIII&#10;IJII. | IIIII&#10;OOII. | IIIII&#10;OOII. | IIIII&#10;&#10;step=45, rand=4, actions=&lt;Down&gt;&#10;Want  | Got ✗&#10;-------------&#10;..... | IIIII&#10;..... | IIIII&#10;..... | IIIII&#10;I..S. | IIIII&#10;IJJSS | IIIII&#10;IJIIS | IIIII&#10;IJII. | IIIII&#10;OOII. | IIIII&#10;OOII. | IIIII&#10;&#10;step=46, rand=2, actions=&lt;Down&gt;&#10;Want  | Got ✗&#10;-------------&#10;...L. | IIIII&#10;.LLL. | IIIII&#10;..... | IIIII&#10;..... | IIIII&#10;..... | IIIII&#10;I..S. | IIIII&#10;IJII. | IIIII&#10;OOII. | IIIII&#10;OOII. | IIIII&#10;&#10;step=47, rand=2, actions=&lt;RotateRight&gt;&#10;Want  | Got ✗&#10;-------------&#10;..L.. | IIIII&#10;..L.. | IIIII&#10;..LL. | IIIII&#10;..... | IIIII&#10;..... | IIIII&#10;I..S. | IIIII&#10;IJII. | IIIII&#10;OOII. | IIIII&#10;OOII. | IIIII&#10;&#10;step=48, rand=2, actions=&lt;Left&gt;&#10;Want  | Got ✗&#10;-------------&#10;.L... | IIIII&#10;.L... | IIIII&#10;.LL.. | IIIII&#10;..... | IIIII&#10;..... | IIIII&#10;I..S. | IIIII&#10;IJII. | IIIII&#10;OOII. | IIIII&#10;OOII. | IIIII&#10;&#10;step=49, rand=2, actions=&lt;Down&gt;&#10;Want  | Got ✗&#10;-------------&#10;..... | IIIII&#10;.L... | IIIII&#10;.L... | IIIII&#10;.LL.. | IIIII&#10;..... | IIIII&#10;I..S. | IIIII&#10;IJII. | IIIII&#10;OOII. | IIIII&#10;OOII. | IIIII&#10;&#10;step=50, rand=2, actions=&lt;Down&gt;&#10;Want  | Got ✗&#10;-------------&#10;..... | IIIII&#10;..... | IIIII&#10;.L... | IIIII&#10;.L... | IIIII&#10;.LL.. | IIIII&#10;I..S. | IIIII&#10;IJII. | IIIII&#10;OOII. | IIIII&#10;OOII. | IIIII&#10;&#10;step=51, rand=2, actions=&lt;Down&gt;&#10;Want  | Got ✗&#10;-------------&#10;..... | IIIII&#10;..... | IIIII&#10;..... | IIIII&#10;.L... | IIIII&#10;.L... | IIIII&#10;ILLS. | IIIII&#10;IJII. | IIIII&#10;OOII. | IIIII&#10;OOII. | IIIII&#10;&#10;step=52, rand=1, actions=&lt;Down&gt;&#10;Want  | Got ✗&#10;-------------&#10;.J... | IIIII&#10;.JJJ. | IIIII&#10;..... | IIIII&#10;.L... | IIIII&#10;.L... | IIIII&#10;ILLS. | IIIII&#10;IJII. | IIIII&#10;OOII. | IIIII&#10;OOII. | IIIII&#10;&#10;step=53, rand=1, actions=&lt;RotateRight&gt;&#10;Want  | Got ✗&#10;-------------&#10;..JJ. | IIIII&#10;..J.. | IIIII&#10;..J.. | IIIII&#10;.L... | IIIII&#10;.L... | IIIII&#10;ILLS. | IIIII&#10;IJII. | IIIII&#10;OOII. | IIIII&#10;OOII. | IIIII&#10;&#10;step=54, rand=1, actions=&lt;Left&gt;&#10;Want  | Got ✗&#10;-------------&#10;.JJ.. | IIIII&#10;.J... | IIIII&#10;.J... | IIIII&#10;.L... | IIIII&#10;.L... | IIIII&#10;ILLS. | IIIII&#10;IJII. | IIIII&#10;OOII. | IIIII&#10;OOII. | IIIII&#10;&#10;step=55, rand=1, actions=&lt;Left&gt;&#10;Want  | Got ✗&#10;-------------&#10;JJ... | IIIII&#10;J.... | IIIII&#10;J.... | IIIII&#10;.L... | IIIII&#10;.L... | IIIII&#10;ILLS. | IIIII&#10;IJII. | IIIII&#10;OOII. | IIIII&#10;OOII. | IIIII&#10;&#10;step=56, rand=1, actions=&lt;Down&gt;&#10;Want  | Got ✗&#10;-------------&#10;..... | IIIII&#10;JJ... | IIIII&#10;J.... | IIIII&#10;JL... | IIIII&#10;.L... | IIIII&#10;ILLS. | IIIII&#10;IJII. | IIIII&#10;OOII. | IIIII&#10;OOII. | IIIII&#10;&#10;step=57, rand=1, actions=&lt;Down&gt;&#10;Want  | Got ✗&#10;-------------&#10;..... | IIIII&#10;..... | IIIII&#10;JJ... | IIIII&#10;JL... | IIIII&#10;JL... | IIIII&#10;ILLS. | IIIII&#10;IJII. | IIIII&#10;OOII. | IIIII&#10;OOII. | IIIII&#10;&#10;step=58, rand=4, actions=&lt;Down&gt;&#10;Want  | Got ✗&#10;-------------&#10;..SS. | IIIII&#10;.SS.. | IIIII&#10;JJ... | IIIII&#10;JL... | IIIII&#10;JL... | IIIII&#10;ILLS. | IIIII&#10;IJII. | IIIII&#10;OOII. | IIIII&#10;OOII. | IIIII&#10;&#10;step=59, rand=4, actions=&lt;Right&gt;&#10;Want  | Got ✗&#10;-------------&#10;...SS | IIIII&#10;..SS. | IIIII&#10;JJ... | IIIII&#10;JL... | IIIII&#10;JL... | IIIII&#10;ILLS. | IIIII&#10;IJII. | IIIII&#10;OOII. | IIIII&#10;OOII. | IIIII&#10;&#10;step=60, rand=4, actions=&lt;RotateRight&gt;&#10;Want  | Got ✗&#10;-------------&#10;...S. | IIIII&#10;...SS | IIIII&#10;JJ..S | IIIII&#10;JL... | IIIII&#10;JL... | IIIII&#10;ILLS. | IIIII&#10;IJII. | IIIII&#10;OOII. | IIIII&#10;OOII. | IIIII&#10;&#10;step=61, rand=4, actions=&lt;Right&gt;&#10;Want  | Got ✗&#10;-------------&#10;...S. | IIIII&#10;...SS | IIIII&#10;JJ..S | IIIII&#10;JL... | IIIII&#10;JL... | IIIII&#10;ILLS. | IIIII&#10;IJII. | IIIII&#10;OOII. | IIIII&#10;OOII. | IIIII&#10;&#10;step=62, rand=4, actions=&lt;Down&gt;&#10;Want  | Got ✗&#10;-------------&#10;..... | IIIII&#10;...S. | IIIII&#10;JJ.SS | IIIII&#10;JL..S | IIIII&#10;JL... | IIIII&#10;ILLS. | IIIII&#10;IJII. | IIIII&#10;OOII. | IIIII&#10;OOII. | IIIII&#10;&#10;step=63, rand=4, actions=&lt;Down&gt;&#10;Want  | Got ✗&#10;-------------&#10;..... | IIIII&#10;..... | IIIII&#10;JJ.S. | IIIII&#10;JL.SS | IIIII&#10;JL..S | IIIII&#10;ILLS. | IIIII&#10;IJII. | IIIII&#10;OOII. | IIIII&#10;OOII. | IIIII&#10;&#10;step=64, rand=4, actions=&lt;Down&gt;&#10;Want  | Got ✗&#10;-------------&#10;..... | IIIII&#10;..... | IIIII&#10;JJ... | IIIII&#10;JL.S. | IIIII&#10;JL.SS | IIIII&#10;ILLSS | IIIII&#10;IJII. | IIIII&#10;OOII. | IIIII&#10;OOII. | IIIII&#10;&#10;step=65, rand=6, actions=&lt;Down&gt;&#10;Want  | Got ✗&#10;-------------&#10;.ZZ.. | IIIII&#10;..ZZ. | IIIII&#10;..... | IIIII&#10;JJ... | IIIII&#10;JL.S. | IIIII&#10;JL.SS | IIIII&#10;IJII. | IIIII&#10;OOII. | IIIII&#10;OOII. | IIIII&#10;&#10;step=66, rand=6, actions=&lt;Right&gt;&#10;Want  | Got ✗&#10;-------------&#10;..ZZ. | IIIII&#10;...ZZ | IIIII&#10;..... | IIIII&#10;JJ... | IIIII&#10;JL.S. | IIIII&#10;JL.SS | IIIII&#10;IJII. | IIIII&#10;OOII. | IIIII&#10;OOII. | IIIII&#10;&#10;step=67, rand=6, actions=&lt;RotateRight&gt;&#10;Want  | Got ✗&#10;-------------&#10;....Z | IIIII&#10;...ZZ | IIIII&#10;...Z. | IIIII&#10;JJ... | IIIII&#10;JL.S. | IIIII&#10;JL.SS | IIIII&#10;IJII. | IIIII&#10;OOII. | IIIII&#10;OOII. | IIIII&#10;&#10;step=68, rand=6, actions=&lt;Left&gt;&#10;Want  | Got ✗&#10;-------------&#10;...Z. | IIIII&#10;..ZZ. | IIIII&#10;..Z.. | IIIII&#10;JJ... | IIIII&#10;JL.S. | IIIII&#10;JL.SS | IIIII&#10;IJII. | IIIII&#10;OOII. | IIIII&#10;OOII. | IIIII&#10;&#10;step=69, rand=6, actions=&lt;Down&gt;&#10;Want  | Got ✗&#10;-------------&#10;..... | IIIII&#10;...Z. | IIIII&#10;..ZZ. | IIIII&#10;JJZ.. | IIIII&#10;JL.S. | IIIII&#10;JL.SS | IIIII&#10;IJII. | IIIII&#10;OOII. | IIIII&#10;OOII. | IIIII&#10;&#10;step=70, rand=6, actions=&lt;Down&gt;&#10;Want  | Got ✗&#10;-------------&#10;..... | IIIII&#10;..... | IIIII&#10;...Z. | IIIII&#10;JJZZ. | IIIII&#10;JLZS. | IIIII&#10;JL.SS | IIIII&#10;IJII. | IIIII&#10;OOII. | IIIII&#10;OOII. | IIIII&#10;&#10;step=71, rand=3, actions=&lt;Down&gt;&#10;Want  | Got ✗&#10;-------------&#10;..OO. | IIIII&#10;..OO. | IIIII&#10;...Z. | IIIII&#10;JJZZ. | IIIII&#10;JLZS. | IIIII&#10;JL.SS | IIIII&#10;IJII. | IIIII&#10;OOII. | IIIII&#10;OOII. | IIIII&#10;&#10;step=72, rand=3, actions=&lt;Left&gt;&#10;Want  | Got ✗&#10;-------------&#10;.OO.. | IIIII&#10;.OO.. | IIIII&#10;...Z. | IIIII&#10;JJZZ. | IIIII&#10;JLZS. | IIIII&#10;JL.SS | IIIII&#10;IJII. | IIIII&#10;OOII. | IIIII&#10;OOII. | IIIII&#10;&#10;step=73, rand=3, actions=&lt;Down&gt;&#10;Want  | Got ✗&#10;-------------&#10;..... | IIIII&#10;.OO.. | IIIII&#10;.OOZ. | IIIII&#10;JJZZ. | IIIII&#10;JLZS. | IIIII&#10;JL.SS | IIIII&#10;IJII. | IIIII&#10;OOII. | IIIII&#10;OOII. | IIIII&#10;&#10;step=74, rand=1, actions=&lt;Down&gt;&#10;Want              | Got ✗&#10;-------------------------&#10;GameOverDisplay() | IIIII&#10;                  | IIIII&#10;                  | IIIII&#10;                  | IIIII&#10;                  | IIIII&#10;                  | IIIII&#10;                  | IIIII&#10;                  | IIIII&#10;                  | IIIII&#10;&#10;" type="org.scalatest.exceptions.TestFailedException">org.scalatest.exceptions.TestFailedException: didPass was false
--------------------------------------------------------------------------------
This is what went wrong:

step=0, rand=0, actions=&lt;&gt;
Want  | Got ✗
-------------
..... | IIIII
.IIII | IIIII
..... | IIIII
..... | IIIII
..... | IIIII
..... | IIIII
..... | IIIII
..... | IIIII
..... | IIIII

step=1, rand=0, actions=&lt;RotateRight&gt;
Want  | Got ✗
-------------
...I. | IIIII
...I. | IIIII
...I. | IIIII
...I. | IIIII
..... | IIIII
..... | IIIII
..... | IIIII
..... | IIIII
..... | IIIII

step=2, rand=0, actions=&lt;Down&gt;
Want  | Got ✗
-------------
..... | IIIII
...I. | IIIII
...I. | IIIII
...I. | IIIII
...I. | IIIII
..... | IIIII
..... | IIIII
..... | IIIII
..... | IIIII

step=3, rand=0, actions=&lt;Down&gt;
Want  | Got ✗
-------------
..... | IIIII
..... | IIIII
...I. | IIIII
...I. | IIIII
...I. | IIIII
...I. | IIIII
..... | IIIII
..... | IIIII
..... | IIIII

step=4, rand=0, actions=&lt;Down&gt;
Want  | Got ✗
-------------
..... | IIIII
..... | IIIII
..... | IIIII
...I. | IIIII
...I. | IIIII
...I. | IIIII
...I. | IIIII
..... | IIIII
..... | IIIII

step=5, rand=0, actions=&lt;Down&gt;
Want  | Got ✗
-------------
..... | IIIII
..... | IIIII
..... | IIIII
..... | IIIII
...I. | IIIII
...I. | IIIII
...I. | IIIII
...I. | IIIII
..... | IIIII

step=6, rand=0, actions=&lt;Down&gt;
Want  | Got ✗
-------------
..... | IIIII
..... | IIIII
..... | IIIII
..... | IIIII
..... | IIIII
...I. | IIIII
...I. | IIIII
...I. | IIIII
...I. | IIIII

step=7, rand=0, actions=&lt;Down&gt;
Want  | Got ✗
-------------
..... | IIIII
.IIII | IIIII
..... | IIIII
..... | IIIII
..... | IIIII
...I. | IIIII
...I. | IIIII
...I. | IIIII
...I. | IIIII

step=8, rand=0, actions=&lt;RotateRight&gt;
Want  | Got ✗
-------------
...I. | IIIII
...I. | IIIII
...I. | IIIII
...I. | IIIII
..... | IIIII
...I. | IIIII
...I. | IIIII
...I. | IIIII
...I. | IIIII

step=9, rand=0, actions=&lt;Left&gt;
Want  | Got ✗
-------------
..I.. | IIIII
..I.. | IIIII
..I.. | IIIII
..I.. | IIIII
..... | IIIII
...I. | IIIII
...I. | IIIII
...I. | IIIII
...I. | IIIII

step=10, rand=0, actions=&lt;Down&gt;
Want  | Got ✗
-------------
..... | IIIII
..I.. | IIIII
..I.. | IIIII
..I.. | IIIII
..I.. | IIIII
...I. | IIIII
...I. | IIIII
...I. | IIIII
...I. | IIIII

step=11, rand=0, actions=&lt;Down&gt;
Want  | Got ✗
-------------
..... | IIIII
..... | IIIII
..I.. | IIIII
..I.. | IIIII
..I.. | IIIII
..II. | IIIII
...I. | IIIII
...I. | IIIII
...I. | IIIII

step=12, rand=0, actions=&lt;Down&gt;
Want  | Got ✗
-------------
..... | IIIII
..... | IIIII
..... | IIIII
..I.. | IIIII
..I.. | IIIII
..II. | IIIII
..II. | IIIII
...I. | IIIII
...I. | IIIII

step=13, rand=0, actions=&lt;Down&gt;
Want  | Got ✗
-------------
..... | IIIII
..... | IIIII
..... | IIIII
..... | IIIII
..I.. | IIIII
..II. | IIIII
..II. | IIIII
..II. | IIIII
...I. | IIIII

step=14, rand=0, actions=&lt;Down&gt;
Want  | Got ✗
-------------
..... | IIIII
..... | IIIII
..... | IIIII
..... | IIIII
..... | IIIII
..II. | IIIII
..II. | IIIII
..II. | IIIII
..II. | IIIII

step=15, rand=3, actions=&lt;Down&gt;
Want  | Got ✗
-------------
..OO. | IIIII
..OO. | IIIII
..... | IIIII
..... | IIIII
..... | IIIII
..II. | IIIII
..II. | IIIII
..II. | IIIII
..II. | IIIII

step=16, rand=3, actions=&lt;Left&gt;
Want  | Got ✗
-------------
.OO.. | IIIII
.OO.. | IIIII
..... | IIIII
..... | IIIII
..... | IIIII
..II. | IIIII
..II. | IIIII
..II. | IIIII
..II. | IIIII

step=17, rand=3, actions=&lt;Left&gt;
Want  | Got ✗
-------------
OO... | IIIII
OO... | IIIII
..... | IIIII
..... | IIIII
..... | IIIII
..II. | IIIII
..II. | IIIII
..II. | IIIII
..II. | IIIII

step=18, rand=3, actions=&lt;Down&gt;
Want  | Got ✗
-------------
..... | IIIII
OO... | IIIII
OO... | IIIII
..... | IIIII
..... | IIIII
..II. | IIIII
..II. | IIIII
..II. | IIIII
..II. | IIIII

step=19, rand=3, actions=&lt;Down&gt;
Want  | Got ✗
-------------
..... | IIIII
..... | IIIII
OO... | IIIII
OO... | IIIII
..... | IIIII
..II. | IIIII
..II. | IIIII
..II. | IIIII
..II. | IIIII

step=20, rand=3, actions=&lt;Down&gt;
Want  | Got ✗
-------------
..... | IIIII
..... | IIIII
..... | IIIII
OO... | IIIII
OO... | IIIII
..II. | IIIII
..II. | IIIII
..II. | IIIII
..II. | IIIII

step=21, rand=3, actions=&lt;Down&gt;
Want  | Got ✗
-------------
..... | IIIII
..... | IIIII
..... | IIIII
..... | IIIII
OO... | IIIII
OOII. | IIIII
..II. | IIIII
..II. | IIIII
..II. | IIIII

step=22, rand=3, actions=&lt;Down&gt;
Want  | Got ✗
-------------
..... | IIIII
..... | IIIII
..... | IIIII
..... | IIIII
..... | IIIII
OOII. | IIIII
OOII. | IIIII
..II. | IIIII
..II. | IIIII

step=23, rand=3, actions=&lt;Down&gt;
Want  | Got ✗
-------------
..... | IIIII
..... | IIIII
..... | IIIII
..... | IIIII
..... | IIIII
..II. | IIIII
OOII. | IIIII
OOII. | IIIII
..II. | IIIII

step=24, rand=3, actions=&lt;Down&gt;
Want  | Got ✗
-------------
..... | IIIII
..... | IIIII
..... | IIIII
..... | IIIII
..... | IIIII
..II. | IIIII
..II. | IIIII
OOII. | IIIII
OOII. | IIIII

step=25, rand=0, actions=&lt;Down&gt;
Want  | Got ✗
-------------
..... | IIIII
.IIII | IIIII
..... | IIIII
..... | IIIII
..... | IIIII
..II. | IIIII
..II. | IIIII
OOII. | IIIII
OOII. | IIIII

step=26, rand=0, actions=&lt;RotateRight&gt;
Want  | Got ✗
-------------
...I. | IIIII
...I. | IIIII
...I. | IIIII
...I. | IIIII
..... | IIIII
..II. | IIIII
..II. | IIIII
OOII. | IIIII
OOII. | IIIII

step=27, rand=0, actions=&lt;Left&gt;
Want  | Got ✗
-------------
..I.. | IIIII
..I.. | IIIII
..I.. | IIIII
..I.. | IIIII
..... | IIIII
..II. | IIIII
..II. | IIIII
OOII. | IIIII
OOII. | IIIII

step=28, rand=0, actions=&lt;Left&gt;
Want  | Got ✗
-------------
.I... | IIIII
.I... | IIIII
.I... | IIIII
.I... | IIIII
..... | IIIII
..II. | IIIII
..II. | IIIII
OOII. | IIIII
OOII. | IIIII

step=29, rand=0, actions=&lt;Left&gt;
Want  | Got ✗
-------------
I.... | IIIII
I.... | IIIII
I.... | IIIII
I.... | IIIII
..... | IIIII
..II. | IIIII
..II. | IIIII
OOII. | IIIII
OOII. | IIIII

step=30, rand=0, actions=&lt;Down&gt;
Want  | Got ✗
-------------
..... | IIIII
I.... | IIIII
I.... | IIIII
I.... | IIIII
I.... | IIIII
..II. | IIIII
..II. | IIIII
OOII. | IIIII
OOII. | IIIII

step=31, rand=0, actions=&lt;Down&gt;
Want  | Got ✗
-------------
..... | IIIII
..... | IIIII
I.... | IIIII
I.... | IIIII
I.... | IIIII
I.II. | IIIII
..II. | IIIII
OOII. | IIIII
OOII. | IIIII

step=32, rand=0, actions=&lt;Down&gt;
Want  | Got ✗
-------------
..... | IIIII
..... | IIIII
..... | IIIII
I.... | IIIII
I.... | IIIII
I.II. | IIIII
I.II. | IIIII
OOII. | IIIII
OOII. | IIIII

step=33, rand=1, actions=&lt;Down&gt;
Want  | Got ✗
-------------
.J... | IIIII
.JJJ. | IIIII
..... | IIIII
I.... | IIIII
I.... | IIIII
I.II. | IIIII
I.II. | IIIII
OOII. | IIIII
OOII. | IIIII

step=34, rand=1, actions=&lt;RotateRight&gt;
Want  | Got ✗
-------------
..JJ. | IIIII
..J.. | IIIII
..J.. | IIIII
I.... | IIIII
I.... | IIIII
I.II. | IIIII
I.II. | IIIII
OOII. | IIIII
OOII. | IIIII

step=35, rand=1, actions=&lt;Left&gt;
Want  | Got ✗
-------------
.JJ.. | IIIII
.J... | IIIII
.J... | IIIII
I.... | IIIII
I.... | IIIII
I.II. | IIIII
I.II. | IIIII
OOII. | IIIII
OOII. | IIIII

step=36, rand=1, actions=&lt;Down&gt;
Want  | Got ✗
-------------
..... | IIIII
.JJ.. | IIIII
.J... | IIIII
IJ... | IIIII
I.... | IIIII
I.II. | IIIII
I.II. | IIIII
OOII. | IIIII
OOII. | IIIII

step=37, rand=1, actions=&lt;Down&gt;
Want  | Got ✗
-------------
..... | IIIII
..... | IIIII
.JJ.. | IIIII
IJ... | IIIII
IJ... | IIIII
I.II. | IIIII
I.II. | IIIII
OOII. | IIIII
OOII. | IIIII

step=38, rand=1, actions=&lt;Down&gt;
Want  | Got ✗
-------------
..... | IIIII
..... | IIIII
..... | IIIII
IJJ.. | IIIII
IJ... | IIIII
IJII. | IIIII
I.II. | IIIII
OOII. | IIIII
OOII. | IIIII

step=39, rand=1, actions=&lt;Down&gt;
Want  | Got ✗
-------------
..... | IIIII
..... | IIIII
..... | IIIII
I.... | IIIII
IJJ.. | IIIII
IJII. | IIIII
IJII. | IIIII
OOII. | IIIII
OOII. | IIIII

step=40, rand=4, actions=&lt;Down&gt;
Want  | Got ✗
-------------
..SS. | IIIII
.SS.. | IIIII
..... | IIIII
I.... | IIIII
IJJ.. | IIIII
IJII. | IIIII
IJII. | IIIII
OOII. | IIIII
OOII. | IIIII

step=41, rand=4, actions=&lt;RotateRight&gt;
Want  | Got ✗
-------------
..S.. | IIIII
..SS. | IIIII
...S. | IIIII
I.... | IIIII
IJJ.. | IIIII
IJII. | IIIII
IJII. | IIIII
OOII. | IIIII
OOII. | IIIII

step=42, rand=4, actions=&lt;Right&gt;
Want  | Got ✗
-------------
...S. | IIIII
...SS | IIIII
....S | IIIII
I.... | IIIII
IJJ.. | IIIII
IJII. | IIIII
IJII. | IIIII
OOII. | IIIII
OOII. | IIIII

step=43, rand=4, actions=&lt;Down&gt;
Want  | Got ✗
-------------
..... | IIIII
...S. | IIIII
...SS | IIIII
I...S | IIIII
IJJ.. | IIIII
IJII. | IIIII
IJII. | IIIII
OOII. | IIIII
OOII. | IIIII

step=44, rand=4, actions=&lt;Down&gt;
Want  | Got ✗
-------------
..... | IIIII
..... | IIIII
...S. | IIIII
I..SS | IIIII
IJJ.S | IIIII
IJII. | IIIII
IJII. | IIIII
OOII. | IIIII
OOII. | IIIII

step=45, rand=4, actions=&lt;Down&gt;
Want  | Got ✗
-------------
..... | IIIII
..... | IIIII
..... | IIIII
I..S. | IIIII
IJJSS | IIIII
IJIIS | IIIII
IJII. | IIIII
OOII. | IIIII
OOII. | IIIII

step=46, rand=2, actions=&lt;Down&gt;
Want  | Got ✗
-------------
...L. | IIIII
.LLL. | IIIII
..... | IIIII
..... | IIIII
..... | IIIII
I..S. | IIIII
IJII. | IIIII
OOII. | IIIII
OOII. | IIIII

step=47, rand=2, actions=&lt;RotateRight&gt;
Want  | Got ✗
-------------
..L.. | IIIII
..L.. | IIIII
..LL. | IIIII
..... | IIIII
..... | IIIII
I..S. | IIIII
IJII. | IIIII
OOII. | IIIII
OOII. | IIIII

step=48, rand=2, actions=&lt;Left&gt;
Want  | Got ✗
-------------
.L... | IIIII
.L... | IIIII
.LL.. | IIIII
..... | IIIII
..... | IIIII
I..S. | IIIII
IJII. | IIIII
OOII. | IIIII
OOII. | IIIII

step=49, rand=2, actions=&lt;Down&gt;
Want  | Got ✗
-------------
..... | IIIII
.L... | IIIII
.L... | IIIII
.LL.. | IIIII
..... | IIIII
I..S. | IIIII
IJII. | IIIII
OOII. | IIIII
OOII. | IIIII

step=50, rand=2, actions=&lt;Down&gt;
Want  | Got ✗
-------------
..... | IIIII
..... | IIIII
.L... | IIIII
.L... | IIIII
.LL.. | IIIII
I..S. | IIIII
IJII. | IIIII
OOII. | IIIII
OOII. | IIIII

step=51, rand=2, actions=&lt;Down&gt;
Want  | Got ✗
-------------
..... | IIIII
..... | IIIII
..... | IIIII
.L... | IIIII
.L... | IIIII
ILLS. | IIIII
IJII. | IIIII
OOII. | IIIII
OOII. | IIIII

step=52, rand=1, actions=&lt;Down&gt;
Want  | Got ✗
-------------
.J... | IIIII
.JJJ. | IIIII
..... | IIIII
.L... | IIIII
.L... | IIIII
ILLS. | IIIII
IJII. | IIIII
OOII. | IIIII
OOII. | IIIII

step=53, rand=1, actions=&lt;RotateRight&gt;
Want  | Got ✗
-------------
..JJ. | IIIII
..J.. | IIIII
..J.. | IIIII
.L... | IIIII
.L... | IIIII
ILLS. | IIIII
IJII. | IIIII
OOII. | IIIII
OOII. | IIIII

step=54, rand=1, actions=&lt;Left&gt;
Want  | Got ✗
-------------
.JJ.. | IIIII
.J... | IIIII
.J... | IIIII
.L... | IIIII
.L... | IIIII
ILLS. | IIIII
IJII. | IIIII
OOII. | IIIII
OOII. | IIIII

step=55, rand=1, actions=&lt;Left&gt;
Want  | Got ✗
-------------
JJ... | IIIII
J.... | IIIII
J.... | IIIII
.L... | IIIII
.L... | IIIII
ILLS. | IIIII
IJII. | IIIII
OOII. | IIIII
OOII. | IIIII

step=56, rand=1, actions=&lt;Down&gt;
Want  | Got ✗
-------------
..... | IIIII
JJ... | IIIII
J.... | IIIII
JL... | IIIII
.L... | IIIII
ILLS. | IIIII
IJII. | IIIII
OOII. | IIIII
OOII. | IIIII

step=57, rand=1, actions=&lt;Down&gt;
Want  | Got ✗
-------------
..... | IIIII
..... | IIIII
JJ... | IIIII
JL... | IIIII
JL... | IIIII
ILLS. | IIIII
IJII. | IIIII
OOII. | IIIII
OOII. | IIIII

step=58, rand=4, actions=&lt;Down&gt;
Want  | Got ✗
-------------
..SS. | IIIII
.SS.. | IIIII
JJ... | IIIII
JL... | IIIII
JL... | IIIII
ILLS. | IIIII
IJII. | IIIII
OOII. | IIIII
OOII. | IIIII

step=59, rand=4, actions=&lt;Right&gt;
Want  | Got ✗
-------------
...SS | IIIII
..SS. | IIIII
JJ... | IIIII
JL... | IIIII
JL... | IIIII
ILLS. | IIIII
IJII. | IIIII
OOII. | IIIII
OOII. | IIIII

step=60, rand=4, actions=&lt;RotateRight&gt;
Want  | Got ✗
-------------
...S. | IIIII
...SS | IIIII
JJ..S | IIIII
JL... | IIIII
JL... | IIIII
ILLS. | IIIII
IJII. | IIIII
OOII. | IIIII
OOII. | IIIII

step=61, rand=4, actions=&lt;Right&gt;
Want  | Got ✗
-------------
...S. | IIIII
...SS | IIIII
JJ..S | IIIII
JL... | IIIII
JL... | IIIII
ILLS. | IIIII
IJII. | IIIII
OOII. | IIIII
OOII. | IIIII

step=62, rand=4, actions=&lt;Down&gt;
Want  | Got ✗
-------------
..... | IIIII
...S. | IIIII
JJ.SS | IIIII
JL..S | IIIII
JL... | IIIII
ILLS. | IIIII
IJII. | IIIII
OOII. | IIIII
OOII. | IIIII

step=63, rand=4, actions=&lt;Down&gt;
Want  | Got ✗
-------------
..... | IIIII
..... | IIIII
JJ.S. | IIIII
JL.SS | IIIII
JL..S | IIIII
ILLS. | IIIII
IJII. | IIIII
OOII. | IIIII
OOII. | IIIII

step=64, rand=4, actions=&lt;Down&gt;
Want  | Got ✗
-------------
..... | IIIII
..... | IIIII
JJ... | IIIII
JL.S. | IIIII
JL.SS | IIIII
ILLSS | IIIII
IJII. | IIIII
OOII. | IIIII
OOII. | IIIII

step=65, rand=6, actions=&lt;Down&gt;
Want  | Got ✗
-------------
.ZZ.. | IIIII
..ZZ. | IIIII
..... | IIIII
JJ... | IIIII
JL.S. | IIIII
JL.SS | IIIII
IJII. | IIIII
OOII. | IIIII
OOII. | IIIII

step=66, rand=6, actions=&lt;Right&gt;
Want  | Got ✗
-------------
..ZZ. | IIIII
...ZZ | IIIII
..... | IIIII
JJ... | IIIII
JL.S. | IIIII
JL.SS | IIIII
IJII. | IIIII
OOII. | IIIII
OOII. | IIIII

step=67, rand=6, actions=&lt;RotateRight&gt;
Want  | Got ✗
-------------
....Z | IIIII
...ZZ | IIIII
...Z. | IIIII
JJ... | IIIII
JL.S. | IIIII
JL.SS | IIIII
IJII. | IIIII
OOII. | IIIII
OOII. | IIIII

step=68, rand=6, actions=&lt;Left&gt;
Want  | Got ✗
-------------
...Z. | IIIII
..ZZ. | IIIII
..Z.. | IIIII
JJ... | IIIII
JL.S. | IIIII
JL.SS | IIIII
IJII. | IIIII
OOII. | IIIII
OOII. | IIIII

step=69, rand=6, actions=&lt;Down&gt;
Want  | Got ✗
-------------
..... | IIIII
...Z. | IIIII
..ZZ. | IIIII
JJZ.. | IIIII
JL.S. | IIIII
JL.SS | IIIII
IJII. | IIIII
OOII. | IIIII
OOII. | IIIII

step=70, rand=6, actions=&lt;Down&gt;
Want  | Got ✗
-------------
..... | IIIII
..... | IIIII
...Z. | IIIII
JJZZ. | IIIII
JLZS. | IIIII
JL.SS | IIIII
IJII. | IIIII
OOII. | IIIII
OOII. | IIIII

step=71, rand=3, actions=&lt;Down&gt;
Want  | Got ✗
-------------
..OO. | IIIII
..OO. | IIIII
...Z. | IIIII
JJZZ. | IIIII
JLZS. | IIIII
JL.SS | IIIII
IJII. | IIIII
OOII. | IIIII
OOII. | IIIII

step=72, rand=3, actions=&lt;Left&gt;
Want  | Got ✗
-------------
.OO.. | IIIII
.OO.. | IIIII
...Z. | IIIII
JJZZ. | IIIII
JLZS. | IIIII
JL.SS | IIIII
IJII. | IIIII
OOII. | IIIII
OOII. | IIIII

step=73, rand=3, actions=&lt;Down&gt;
Want  | Got ✗
-------------
..... | IIIII
.OO.. | IIIII
.OOZ. | IIIII
JJZZ. | IIIII
JLZS. | IIIII
JL.SS | IIIII
IJII. | IIIII
OOII. | IIIII
OOII. | IIIII

step=74, rand=1, actions=&lt;Down&gt;
Want              | Got ✗
-------------------------
GameOverDisplay() | IIIII
                  | IIIII
                  | IIIII
                  | IIIII
                  | IIIII
                  | IIIII
                  | IIIII
                  | IIIII
                  | IIIII


	at app//org.scalatest.Assertions.newAssertionFailedException(Assertions.scala:530)
	at app//org.scalatest.Assertions.newAssertionFailedException$(Assertions.scala:529)
	at app//org.scalatest.FunSuite.newAssertionFailedException(FunSuite.scala:1560)
	at app//org.scalatest.Assertions$AssertionsHelper.macroAssert(Assertions.scala:503)
	at app//generic.GameTestSuite.checkGame(GameTestSuite.scala:298)
	at app//tetris.TetrisTestSuiteBase.checkGame(TetrisTestSuiteBase.scala:103)
	at app//tetris.FullGameTests.$anonfun$new$1(FullGameTests.scala:5740)
	at app//scala.runtime.java8.JFunction0$mcV$sp.apply(JFunction0$mcV$sp.scala:18)
	at app//infrastructure.TestBase.$anonfun$test$1(TestBase.scala:36)
	at app//org.scalatest.OutcomeOf.outcomeOf(OutcomeOf.scala:85)
	at app//org.scalatest.OutcomeOf.outcomeOf$(OutcomeOf.scala:83)
	at app//org.scalatest.OutcomeOf$.outcomeOf(OutcomeOf.scala:104)
	at app//org.scalatest.Transformer.apply(Transformer.scala:22)
	at app//org.scalatest.Transformer.apply(Transformer.scala:20)
	at app//org.scalatest.FunSuiteLike$$anon$1.apply(FunSuiteLike.scala:186)
	at app//org.scalatest.TestSuite.withFixture(TestSuite.scala:196)
	at app//org.scalatest.TestSuite.withFixture$(TestSuite.scala:195)
	at app//infrastructure.TestBase.org$scalatest$concurrent$TimeLimitedTests$$super$withFixture(TestBase.scala:9)
	at app//org.scalatest.concurrent.TimeLimitedTests.$anonfun$withFixture$3(TimeLimitedTests.scala:154)
	at app//org.scalatest.enablers.Timed$$anon$1.timeoutAfter(Timed.scala:127)
	at app//org.scalatest.concurrent.TimeLimits.failAfterImpl(TimeLimits.scala:239)
	at app//org.scalatest.concurrent.TimeLimits.failAfterImpl$(TimeLimits.scala:233)
	at app//org.scalatest.concurrent.TimeLimits$.failAfterImpl(TimeLimits.scala:305)
	at app//org.scalatest.concurrent.TimeLimitedTests.withFixture(TimeLimitedTests.scala:153)
	at app//org.scalatest.concurrent.TimeLimitedTests.withFixture$(TimeLimitedTests.scala:150)
	at app//infrastructure.TestBase.withFixture(TestBase.scala:9)
	at app//org.scalatest.FunSuiteLike.invokeWithFixture$1(FunSuiteLike.scala:184)
	at app//org.scalatest.FunSuiteLike.$anonfun$runTest$1(FunSuiteLike.scala:196)
	at app//org.scalatest.SuperEngine.runTestImpl(Engine.scala:286)
	at app//org.scalatest.FunSuiteLike.runTest(FunSuiteLike.scala:196)
	at app//org.scalatest.FunSuiteLike.runTest$(FunSuiteLike.scala:178)
	at app//org.scalatest.FunSuite.runTest(FunSuite.scala:1560)
	at app//org.scalatest.FunSuiteLike.$anonfun$runTests$1(FunSuiteLike.scala:229)
	at app//org.scalatest.SuperEngine.$anonfun$runTestsInBranch$1(Engine.scala:393)
	at app//scala.collection.immutable.List.foreach(List.scala:333)
	at app//org.scalatest.SuperEngine.traverseSubNodes$1(Engine.scala:381)
	at app//org.scalatest.SuperEngine.runTestsInBranch(Engine.scala:376)
	at app//org.scalatest.SuperEngine.runTestsImpl(Engine.scala:458)
	at app//org.scalatest.FunSuiteLike.runTests(FunSuiteLike.scala:229)
	at app//org.scalatest.FunSuiteLike.runTests$(FunSuiteLike.scala:228)
	at app//org.scalatest.FunSuite.runTests(FunSuite.scala:1560)
	at app//org.scalatest.Suite.run(Suite.scala:1124)
	at app//org.scalatest.Suite.run$(Suite.scala:1106)
	at app//org.scalatest.FunSuite.org$scalatest$FunSuiteLike$$super$run(FunSuite.scala:1560)
	at app//org.scalatest.FunSuiteLike.$anonfun$run$1(FunSuiteLike.scala:233)
	at app//org.scalatest.SuperEngine.runImpl(Engine.scala:518)
	at app//org.scalatest.FunSuiteLike.run(FunSuiteLike.scala:233)
	at app//org.scalatest.FunSuiteLike.run$(FunSuiteLike.scala:232)
	at app//infrastructure.TestBase.run(TestBase.scala:26)
	at app//org.scalatest.Suite.callExecuteOnSuite$1(Suite.scala:1187)
	at app//org.scalatest.Suite.$anonfun$runNestedSuites$1(Suite.scala:1234)
	at app//scala.collection.ArrayOps$.foreach$extension(ArrayOps.scala:1323)
	at app//org.scalatest.Suite.runNestedSuites(Suite.scala:1232)
	at app//org.scalatest.Suite.runNestedSuites$(Suite.scala:1166)
	at app//org.scalatest.Suites.runNestedSuites(Suites.scala:56)
	at app//org.scalatest.Suite.run(Suite.scala:1121)
	at app//org.scalatest.Suite.run$(Suite.scala:1106)
	at app//tetris.TetrisTestSuitesBase.runDirect(TetrisTestSuitesBase.scala:20)
	at app//tetris.TetrisTestSuitesBase.runWithScoreCounter(TetrisTestSuitesBase.scala:14)
	at app//tetris.TetrisTestSuite3_2.run(TetrisTestSuite3_2.scala:25)
	at app//org.scalatestplus.junit.JUnitRunner.run(JUnitRunner.scala:99)
	at app//org.junit.runner.JUnitCore.run(JUnitCore.java:137)
	at app//org.junit.runner.JUnitCore.run(JUnitCore.java:115)
	at app//org.junit.vintage.engine.execution.RunnerExecutor.execute(RunnerExecutor.java:42)
	at app//org.junit.vintage.engine.VintageTestEngine.executeAllChildren(VintageTestEngine.java:80)
	at app//org.junit.vintage.engine.VintageTestEngine.execute(VintageTestEngine.java:72)
	at org.junit.platform.launcher.core.EngineExecutionOrchestrator.execute(EngineExecutionOrchestrator.java:107)
	at org.junit.platform.launcher.core.EngineExecutionOrchestrator.execute(EngineExecutionOrchestrator.java:88)
	at org.junit.platform.launcher.core.EngineExecutionOrchestrator.lambda$execute$0(EngineExecutionOrchestrator.java:54)
	at org.junit.platform.launcher.core.EngineExecutionOrchestrator.withInterceptedStreams(EngineExecutionOrchestrator.java:67)
	at org.junit.platform.launcher.core.EngineExecutionOrchestrator.execute(EngineExecutionOrchestrator.java:52)
	at org.junit.platform.launcher.core.DefaultLauncher.execute(DefaultLauncher.java:114)
	at org.junit.platform.launcher.core.DefaultLauncher.execute(DefaultLauncher.java:86)
	at org.junit.platform.launcher.core.DefaultLauncherSession$DelegatingLauncher.execute(DefaultLauncherSession.java:86)
	at org.junit.platform.launcher.core.SessionPerRequestLauncher.execute(SessionPerRequestLauncher.java:53)
	at org.gradle.api.internal.tasks.testing.junitplatform.JUnitPlatformTestClassProcessor$CollectAllTestClassesExecutor.processAllTestClasses(JUnitPlatformTestClassProcessor.java:99)
	at org.gradle.api.internal.tasks.testing.junitplatform.JUnitPlatformTestClassProcessor$CollectAllTestClassesExecutor.access$000(JUnitPlatformTestClassProcessor.java:79)
	at org.gradle.api.internal.tasks.testing.junitplatform.JUnitPlatformTestClassProcessor.stop(JUnitPlatformTestClassProcessor.java:75)
	at org.gradle.api.internal.tasks.testing.SuiteTestClassProcessor.stop(SuiteTestClassProcessor.java:61)
	at java.base@11.0.18/jdk.internal.reflect.NativeMethodAccessorImpl.invoke0(Native Method)
	at java.base@11.0.18/jdk.internal.reflect.NativeMethodAccessorImpl.invoke(NativeMethodAccessorImpl.java:62)
	at java.base@11.0.18/jdk.internal.reflect.DelegatingMethodAccessorImpl.invoke(DelegatingMethodAccessorImpl.java:43)
	at java.base@11.0.18/java.lang.reflect.Method.invoke(Method.java:566)
	at org.gradle.internal.dispatch.ReflectionDispatch.dispatch(ReflectionDispatch.java:36)
	at org.gradle.internal.dispatch.ReflectionDispatch.dispatch(ReflectionDispatch.java:24)
	at org.gradle.internal.dispatch.ContextClassLoaderDispatch.dispatch(ContextClassLoaderDispatch.java:33)
	at org.gradle.internal.dispatch.ProxyDispatchAdapter$DispatchingInvocationHandler.invoke(ProxyDispatchAdapter.java:94)
	at com.sun.proxy.$Proxy2.stop(Unknown Source)
	at org.gradle.api.internal.tasks.testing.worker.TestWorker$3.run(TestWorker.java:193)
	at org.gradle.api.internal.tasks.testing.worker.TestWorker.executeAndMaintainThreadName(TestWorker.java:129)
	at org.gradle.api.internal.tasks.testing.worker.TestWorker.execute(TestWorker.java:100)
	at org.gradle.api.internal.tasks.testing.worker.TestWorker.execute(TestWorker.java:60)
	at org.gradle.process.internal.worker.child.ActionExecutionWorker.execute(ActionExecutionWorker.java:56)
	at org.gradle.process.internal.worker.child.SystemApplicationClassLoaderWorker.call(SystemApplicationClassLoaderWorker.java:133)
	at org.gradle.process.internal.worker.child.SystemApplicationClassLoaderWorker.call(SystemApplicationClassLoaderWorker.java:71)
	at app//worker.org.gradle.process.internal.worker.GradleWorkerMain.run(GradleWorkerMain.java:69)
	at app//worker.org.gradle.process.internal.worker.GradleWorkerMain.main(GradleWorkerMain.java:74)
</failure>
  </testcase>
  <testcase name="testGame8x11" classname="tetris.FullGameTests" time="0.075">
    <failure message="org.scalatest.exceptions.TestFailedException: didPass was false&#10;--------------------------------------------------------------------------------&#10;This is what went wrong:&#10;&#10;step=0, rand=2, actions=&lt;&gt;&#10;Want     | Got ✗   &#10;-------------------&#10;....L... | IIIIIIII&#10;..LLL... | IIIIIIII&#10;........ | IIIIIIII&#10;........ | IIIIIIII&#10;........ | IIIIIIII&#10;........ | IIIIIIII&#10;........ | IIIIIIII&#10;........ | IIIIIIII&#10;........ | IIIIIIII&#10;........ | IIIIIIII&#10;........ | IIIIIIII&#10;&#10;step=1, rand=2, actions=&lt;Right&gt;&#10;Want     | Got ✗   &#10;-------------------&#10;.....L.. | IIIIIIII&#10;...LLL.. | IIIIIIII&#10;........ | IIIIIIII&#10;........ | IIIIIIII&#10;........ | IIIIIIII&#10;........ | IIIIIIII&#10;........ | IIIIIIII&#10;........ | IIIIIIII&#10;........ | IIIIIIII&#10;........ | IIIIIIII&#10;........ | IIIIIIII&#10;&#10;step=2, rand=2, actions=&lt;Right&gt;&#10;Want     | Got ✗   &#10;-------------------&#10;......L. | IIIIIIII&#10;....LLL. | IIIIIIII&#10;........ | IIIIIIII&#10;........ | IIIIIIII&#10;........ | IIIIIIII&#10;........ | IIIIIIII&#10;........ | IIIIIIII&#10;........ | IIIIIIII&#10;........ | IIIIIIII&#10;........ | IIIIIIII&#10;........ | IIIIIIII&#10;&#10;step=3, rand=2, actions=&lt;Down&gt;&#10;Want     | Got ✗   &#10;-------------------&#10;........ | IIIIIIII&#10;......L. | IIIIIIII&#10;....LLL. | IIIIIIII&#10;........ | IIIIIIII&#10;........ | IIIIIIII&#10;........ | IIIIIIII&#10;........ | IIIIIIII&#10;........ | IIIIIIII&#10;........ | IIIIIIII&#10;........ | IIIIIIII&#10;........ | IIIIIIII&#10;&#10;step=4, rand=2, actions=&lt;Down&gt;&#10;Want     | Got ✗   &#10;-------------------&#10;........ | IIIIIIII&#10;........ | IIIIIIII&#10;......L. | IIIIIIII&#10;....LLL. | IIIIIIII&#10;........ | IIIIIIII&#10;........ | IIIIIIII&#10;........ | IIIIIIII&#10;........ | IIIIIIII&#10;........ | IIIIIIII&#10;........ | IIIIIIII&#10;........ | IIIIIIII&#10;&#10;step=5, rand=2, actions=&lt;Down&gt;&#10;Want     | Got ✗   &#10;-------------------&#10;........ | IIIIIIII&#10;........ | IIIIIIII&#10;........ | IIIIIIII&#10;......L. | IIIIIIII&#10;....LLL. | IIIIIIII&#10;........ | IIIIIIII&#10;........ | IIIIIIII&#10;........ | IIIIIIII&#10;........ | IIIIIIII&#10;........ | IIIIIIII&#10;........ | IIIIIIII&#10;&#10;step=6, rand=2, actions=&lt;Down&gt;&#10;Want     | Got ✗   &#10;-------------------&#10;........ | IIIIIIII&#10;........ | IIIIIIII&#10;........ | IIIIIIII&#10;........ | IIIIIIII&#10;......L. | IIIIIIII&#10;....LLL. | IIIIIIII&#10;........ | IIIIIIII&#10;........ | IIIIIIII&#10;........ | IIIIIIII&#10;........ | IIIIIIII&#10;........ | IIIIIIII&#10;&#10;step=7, rand=2, actions=&lt;Down&gt;&#10;Want     | Got ✗   &#10;-------------------&#10;........ | IIIIIIII&#10;........ | IIIIIIII&#10;........ | IIIIIIII&#10;........ | IIIIIIII&#10;........ | IIIIIIII&#10;......L. | IIIIIIII&#10;....LLL. | IIIIIIII&#10;........ | IIIIIIII&#10;........ | IIIIIIII&#10;........ | IIIIIIII&#10;........ | IIIIIIII&#10;&#10;step=8, rand=2, actions=&lt;Down&gt;&#10;Want     | Got ✗   &#10;-------------------&#10;........ | IIIIIIII&#10;........ | IIIIIIII&#10;........ | IIIIIIII&#10;........ | IIIIIIII&#10;........ | IIIIIIII&#10;........ | IIIIIIII&#10;......L. | IIIIIIII&#10;....LLL. | IIIIIIII&#10;........ | IIIIIIII&#10;........ | IIIIIIII&#10;........ | IIIIIIII&#10;&#10;step=9, rand=2, actions=&lt;Down&gt;&#10;Want     | Got ✗   &#10;-------------------&#10;........ | IIIIIIII&#10;........ | IIIIIIII&#10;........ | IIIIIIII&#10;........ | IIIIIIII&#10;........ | IIIIIIII&#10;........ | IIIIIIII&#10;........ | IIIIIIII&#10;......L. | IIIIIIII&#10;....LLL. | IIIIIIII&#10;........ | IIIIIIII&#10;........ | IIIIIIII&#10;&#10;step=10, rand=2, actions=&lt;Down&gt;&#10;Want     | Got ✗   &#10;-------------------&#10;........ | IIIIIIII&#10;........ | IIIIIIII&#10;........ | IIIIIIII&#10;........ | IIIIIIII&#10;........ | IIIIIIII&#10;........ | IIIIIIII&#10;........ | IIIIIIII&#10;........ | IIIIIIII&#10;......L. | IIIIIIII&#10;....LLL. | IIIIIIII&#10;........ | IIIIIIII&#10;&#10;step=11, rand=2, actions=&lt;Down&gt;&#10;Want     | Got ✗   &#10;-------------------&#10;........ | IIIIIIII&#10;........ | IIIIIIII&#10;........ | IIIIIIII&#10;........ | IIIIIIII&#10;........ | IIIIIIII&#10;........ | IIIIIIII&#10;........ | IIIIIIII&#10;........ | IIIIIIII&#10;........ | IIIIIIII&#10;......L. | IIIIIIII&#10;....LLL. | IIIIIIII&#10;&#10;step=12, rand=6, actions=&lt;Down&gt;&#10;Want     | Got ✗   &#10;-------------------&#10;..ZZ.... | IIIIIIII&#10;...ZZ... | IIIIIIII&#10;........ | IIIIIIII&#10;........ | IIIIIIII&#10;........ | IIIIIIII&#10;........ | IIIIIIII&#10;........ | IIIIIIII&#10;........ | IIIIIIII&#10;........ | IIIIIIII&#10;......L. | IIIIIIII&#10;....LLL. | IIIIIIII&#10;&#10;step=13, rand=6, actions=&lt;RotateRight&gt;&#10;Want     | Got ✗   &#10;-------------------&#10;....Z... | IIIIIIII&#10;...ZZ... | IIIIIIII&#10;...Z.... | IIIIIIII&#10;........ | IIIIIIII&#10;........ | IIIIIIII&#10;........ | IIIIIIII&#10;........ | IIIIIIII&#10;........ | IIIIIIII&#10;........ | IIIIIIII&#10;......L. | IIIIIIII&#10;....LLL. | IIIIIIII&#10;&#10;step=14, rand=6, actions=&lt;Down&gt;&#10;Want     | Got ✗   &#10;-------------------&#10;........ | IIIIIIII&#10;....Z... | IIIIIIII&#10;...ZZ... | IIIIIIII&#10;...Z.... | IIIIIIII&#10;........ | IIIIIIII&#10;........ | IIIIIIII&#10;........ | IIIIIIII&#10;........ | IIIIIIII&#10;........ | IIIIIIII&#10;......L. | IIIIIIII&#10;....LLL. | IIIIIIII&#10;&#10;step=15, rand=6, actions=&lt;Down&gt;&#10;Want     | Got ✗   &#10;-------------------&#10;........ | IIIIIIII&#10;........ | IIIIIIII&#10;....Z... | IIIIIIII&#10;...ZZ... | IIIIIIII&#10;...Z.... | IIIIIIII&#10;........ | IIIIIIII&#10;........ | IIIIIIII&#10;........ | IIIIIIII&#10;........ | IIIIIIII&#10;......L. | IIIIIIII&#10;....LLL. | IIIIIIII&#10;&#10;step=16, rand=6, actions=&lt;Down&gt;&#10;Want     | Got ✗   &#10;-------------------&#10;........ | IIIIIIII&#10;........ | IIIIIIII&#10;........ | IIIIIIII&#10;....Z... | IIIIIIII&#10;...ZZ... | IIIIIIII&#10;...Z.... | IIIIIIII&#10;........ | IIIIIIII&#10;........ | IIIIIIII&#10;........ | IIIIIIII&#10;......L. | IIIIIIII&#10;....LLL. | IIIIIIII&#10;&#10;step=17, rand=6, actions=&lt;Down&gt;&#10;Want     | Got ✗   &#10;-------------------&#10;........ | IIIIIIII&#10;........ | IIIIIIII&#10;........ | IIIIIIII&#10;........ | IIIIIIII&#10;....Z... | IIIIIIII&#10;...ZZ... | IIIIIIII&#10;...Z.... | IIIIIIII&#10;........ | IIIIIIII&#10;........ | IIIIIIII&#10;......L. | IIIIIIII&#10;....LLL. | IIIIIIII&#10;&#10;step=18, rand=6, actions=&lt;Down&gt;&#10;Want     | Got ✗   &#10;-------------------&#10;........ | IIIIIIII&#10;........ | IIIIIIII&#10;........ | IIIIIIII&#10;........ | IIIIIIII&#10;........ | IIIIIIII&#10;....Z... | IIIIIIII&#10;...ZZ... | IIIIIIII&#10;...Z.... | IIIIIIII&#10;........ | IIIIIIII&#10;......L. | IIIIIIII&#10;....LLL. | IIIIIIII&#10;&#10;step=19, rand=6, actions=&lt;Down&gt;&#10;Want     | Got ✗   &#10;-------------------&#10;........ | IIIIIIII&#10;........ | IIIIIIII&#10;........ | IIIIIIII&#10;........ | IIIIIIII&#10;........ | IIIIIIII&#10;........ | IIIIIIII&#10;....Z... | IIIIIIII&#10;...ZZ... | IIIIIIII&#10;...Z.... | IIIIIIII&#10;......L. | IIIIIIII&#10;....LLL. | IIIIIIII&#10;&#10;step=20, rand=6, actions=&lt;Down&gt;&#10;Want     | Got ✗   &#10;-------------------&#10;........ | IIIIIIII&#10;........ | IIIIIIII&#10;........ | IIIIIIII&#10;........ | IIIIIIII&#10;........ | IIIIIIII&#10;........ | IIIIIIII&#10;........ | IIIIIIII&#10;....Z... | IIIIIIII&#10;...ZZ... | IIIIIIII&#10;...Z..L. | IIIIIIII&#10;....LLL. | IIIIIIII&#10;&#10;step=21, rand=6, actions=&lt;Down&gt;&#10;Want     | Got ✗   &#10;-------------------&#10;........ | IIIIIIII&#10;........ | IIIIIIII&#10;........ | IIIIIIII&#10;........ | IIIIIIII&#10;........ | IIIIIIII&#10;........ | IIIIIIII&#10;........ | IIIIIIII&#10;........ | IIIIIIII&#10;....Z... | IIIIIIII&#10;...ZZ.L. | IIIIIIII&#10;...ZLLL. | IIIIIIII&#10;&#10;step=22, rand=4, actions=&lt;Down&gt;&#10;Want     | Got ✗   &#10;-------------------&#10;...SS... | IIIIIIII&#10;..SS.... | IIIIIIII&#10;........ | IIIIIIII&#10;........ | IIIIIIII&#10;........ | IIIIIIII&#10;........ | IIIIIIII&#10;........ | IIIIIIII&#10;........ | IIIIIIII&#10;....Z... | IIIIIIII&#10;...ZZ.L. | IIIIIIII&#10;...ZLLL. | IIIIIIII&#10;&#10;step=23, rand=4, actions=&lt;Left&gt;&#10;Want     | Got ✗   &#10;-------------------&#10;..SS.... | IIIIIIII&#10;.SS..... | IIIIIIII&#10;........ | IIIIIIII&#10;........ | IIIIIIII&#10;........ | IIIIIIII&#10;........ | IIIIIIII&#10;........ | IIIIIIII&#10;........ | IIIIIIII&#10;....Z... | IIIIIIII&#10;...ZZ.L. | IIIIIIII&#10;...ZLLL. | IIIIIIII&#10;&#10;step=24, rand=4, actions=&lt;RotateRight&gt;&#10;Want     | Got ✗   &#10;-------------------&#10;..S..... | IIIIIIII&#10;..SS.... | IIIIIIII&#10;...S.... | IIIIIIII&#10;........ | IIIIIIII&#10;........ | IIIIIIII&#10;........ | IIIIIIII&#10;........ | IIIIIIII&#10;........ | IIIIIIII&#10;....Z... | IIIIIIII&#10;...ZZ.L. | IIIIIIII&#10;...ZLLL. | IIIIIIII&#10;&#10;step=25, rand=4, actions=&lt;Left&gt;&#10;Want     | Got ✗   &#10;-------------------&#10;.S...... | IIIIIIII&#10;.SS..... | IIIIIIII&#10;..S..... | IIIIIIII&#10;........ | IIIIIIII&#10;........ | IIIIIIII&#10;........ | IIIIIIII&#10;........ | IIIIIIII&#10;........ | IIIIIIII&#10;....Z... | IIIIIIII&#10;...ZZ.L. | IIIIIIII&#10;...ZLLL. | IIIIIIII&#10;&#10;step=26, rand=4, actions=&lt;Down&gt;&#10;Want     | Got ✗   &#10;-------------------&#10;........ | IIIIIIII&#10;.S...... | IIIIIIII&#10;.SS..... | IIIIIIII&#10;..S..... | IIIIIIII&#10;........ | IIIIIIII&#10;........ | IIIIIIII&#10;........ | IIIIIIII&#10;........ | IIIIIIII&#10;....Z... | IIIIIIII&#10;...ZZ.L. | IIIIIIII&#10;...ZLLL. | IIIIIIII&#10;&#10;step=27, rand=4, actions=&lt;Down&gt;&#10;Want     | Got ✗   &#10;-------------------&#10;........ | IIIIIIII&#10;........ | IIIIIIII&#10;.S...... | IIIIIIII&#10;.SS..... | IIIIIIII&#10;..S..... | IIIIIIII&#10;........ | IIIIIIII&#10;........ | IIIIIIII&#10;........ | IIIIIIII&#10;....Z... | IIIIIIII&#10;...ZZ.L. | IIIIIIII&#10;...ZLLL. | IIIIIIII&#10;&#10;step=28, rand=4, actions=&lt;Down&gt;&#10;Want     | Got ✗   &#10;-------------------&#10;........ | IIIIIIII&#10;........ | IIIIIIII&#10;........ | IIIIIIII&#10;.S...... | IIIIIIII&#10;.SS..... | IIIIIIII&#10;..S..... | IIIIIIII&#10;........ | IIIIIIII&#10;........ | IIIIIIII&#10;....Z... | IIIIIIII&#10;...ZZ.L. | IIIIIIII&#10;...ZLLL. | IIIIIIII&#10;&#10;step=29, rand=4, actions=&lt;Down&gt;&#10;Want     | Got ✗   &#10;-------------------&#10;........ | IIIIIIII&#10;........ | IIIIIIII&#10;........ | IIIIIIII&#10;........ | IIIIIIII&#10;.S...... | IIIIIIII&#10;.SS..... | IIIIIIII&#10;..S..... | IIIIIIII&#10;........ | IIIIIIII&#10;....Z... | IIIIIIII&#10;...ZZ.L. | IIIIIIII&#10;...ZLLL. | IIIIIIII&#10;&#10;step=30, rand=4, actions=&lt;Down&gt;&#10;Want     | Got ✗   &#10;-------------------&#10;........ | IIIIIIII&#10;........ | IIIIIIII&#10;........ | IIIIIIII&#10;........ | IIIIIIII&#10;........ | IIIIIIII&#10;.S...... | IIIIIIII&#10;.SS..... | IIIIIIII&#10;..S..... | IIIIIIII&#10;....Z... | IIIIIIII&#10;...ZZ.L. | IIIIIIII&#10;...ZLLL. | IIIIIIII&#10;&#10;step=31, rand=4, actions=&lt;Down&gt;&#10;Want     | Got ✗   &#10;-------------------&#10;........ | IIIIIIII&#10;........ | IIIIIIII&#10;........ | IIIIIIII&#10;........ | IIIIIIII&#10;........ | IIIIIIII&#10;........ | IIIIIIII&#10;.S...... | IIIIIIII&#10;.SS..... | IIIIIIII&#10;..S.Z... | IIIIIIII&#10;...ZZ.L. | IIIIIIII&#10;...ZLLL. | IIIIIIII&#10;&#10;step=32, rand=4, actions=&lt;Down&gt;&#10;Want     | Got ✗   &#10;-------------------&#10;........ | IIIIIIII&#10;........ | IIIIIIII&#10;........ | IIIIIIII&#10;........ | IIIIIIII&#10;........ | IIIIIIII&#10;........ | IIIIIIII&#10;........ | IIIIIIII&#10;.S...... | IIIIIIII&#10;.SS.Z... | IIIIIIII&#10;..SZZ.L. | IIIIIIII&#10;...ZLLL. | IIIIIIII&#10;&#10;step=33, rand=4, actions=&lt;Down&gt;&#10;Want     | Got ✗   &#10;-------------------&#10;........ | IIIIIIII&#10;........ | IIIIIIII&#10;........ | IIIIIIII&#10;........ | IIIIIIII&#10;........ | IIIIIIII&#10;........ | IIIIIIII&#10;........ | IIIIIIII&#10;........ | IIIIIIII&#10;.S..Z... | IIIIIIII&#10;.SSZZ.L. | IIIIIIII&#10;..SZLLL. | IIIIIIII&#10;&#10;step=34, rand=0, actions=&lt;Down&gt;&#10;Want     | Got ✗   &#10;-------------------&#10;........ | IIIIIIII&#10;..IIII.. | IIIIIIII&#10;........ | IIIIIIII&#10;........ | IIIIIIII&#10;........ | IIIIIIII&#10;........ | IIIIIIII&#10;........ | IIIIIIII&#10;........ | IIIIIIII&#10;.S..Z... | IIIIIIII&#10;.SSZZ.L. | IIIIIIII&#10;..SZLLL. | IIIIIIII&#10;&#10;step=35, rand=0, actions=&lt;RotateRight&gt;&#10;Want     | Got ✗   &#10;-------------------&#10;....I... | IIIIIIII&#10;....I... | IIIIIIII&#10;....I... | IIIIIIII&#10;....I... | IIIIIIII&#10;........ | IIIIIIII&#10;........ | IIIIIIII&#10;........ | IIIIIIII&#10;........ | IIIIIIII&#10;.S..Z... | IIIIIIII&#10;.SSZZ.L. | IIIIIIII&#10;..SZLLL. | IIIIIIII&#10;&#10;step=36, rand=0, actions=&lt;Left&gt;&#10;Want     | Got ✗   &#10;-------------------&#10;...I.... | IIIIIIII&#10;...I.... | IIIIIIII&#10;...I.... | IIIIIIII&#10;...I.... | IIIIIIII&#10;........ | IIIIIIII&#10;........ | IIIIIIII&#10;........ | IIIIIIII&#10;........ | IIIIIIII&#10;.S..Z... | IIIIIIII&#10;.SSZZ.L. | IIIIIIII&#10;..SZLLL. | IIIIIIII&#10;&#10;step=37, rand=0, actions=&lt;Left&gt;&#10;Want     | Got ✗   &#10;-------------------&#10;..I..... | IIIIIIII&#10;..I..... | IIIIIIII&#10;..I..... | IIIIIIII&#10;..I..... | IIIIIIII&#10;........ | IIIIIIII&#10;........ | IIIIIIII&#10;........ | IIIIIIII&#10;........ | IIIIIIII&#10;.S..Z... | IIIIIIII&#10;.SSZZ.L. | IIIIIIII&#10;..SZLLL. | IIIIIIII&#10;&#10;step=38, rand=0, actions=&lt;Left&gt;&#10;Want     | Got ✗   &#10;-------------------&#10;.I...... | IIIIIIII&#10;.I...... | IIIIIIII&#10;.I...... | IIIIIIII&#10;.I...... | IIIIIIII&#10;........ | IIIIIIII&#10;........ | IIIIIIII&#10;........ | IIIIIIII&#10;........ | IIIIIIII&#10;.S..Z... | IIIIIIII&#10;.SSZZ.L. | IIIIIIII&#10;..SZLLL. | IIIIIIII&#10;&#10;step=39, rand=0, actions=&lt;Left&gt;&#10;Want     | Got ✗   &#10;-------------------&#10;I....... | IIIIIIII&#10;I....... | IIIIIIII&#10;I....... | IIIIIIII&#10;I....... | IIIIIIII&#10;........ | IIIIIIII&#10;........ | IIIIIIII&#10;........ | IIIIIIII&#10;........ | IIIIIIII&#10;.S..Z... | IIIIIIII&#10;.SSZZ.L. | IIIIIIII&#10;..SZLLL. | IIIIIIII&#10;&#10;step=40, rand=0, actions=&lt;Left&gt;&#10;Want     | Got ✗   &#10;-------------------&#10;I....... | IIIIIIII&#10;I....... | IIIIIIII&#10;I....... | IIIIIIII&#10;I....... | IIIIIIII&#10;........ | IIIIIIII&#10;........ | IIIIIIII&#10;........ | IIIIIIII&#10;........ | IIIIIIII&#10;.S..Z... | IIIIIIII&#10;.SSZZ.L. | IIIIIIII&#10;..SZLLL. | IIIIIIII&#10;&#10;step=41, rand=0, actions=&lt;Down&gt;&#10;Want     | Got ✗   &#10;-------------------&#10;........ | IIIIIIII&#10;I....... | IIIIIIII&#10;I....... | IIIIIIII&#10;I....... | IIIIIIII&#10;I....... | IIIIIIII&#10;........ | IIIIIIII&#10;........ | IIIIIIII&#10;........ | IIIIIIII&#10;.S..Z... | IIIIIIII&#10;.SSZZ.L. | IIIIIIII&#10;..SZLLL. | IIIIIIII&#10;&#10;step=42, rand=0, actions=&lt;Down&gt;&#10;Want     | Got ✗   &#10;-------------------&#10;........ | IIIIIIII&#10;........ | IIIIIIII&#10;I....... | IIIIIIII&#10;I....... | IIIIIIII&#10;I....... | IIIIIIII&#10;I....... | IIIIIIII&#10;........ | IIIIIIII&#10;........ | IIIIIIII&#10;.S..Z... | IIIIIIII&#10;.SSZZ.L. | IIIIIIII&#10;..SZLLL. | IIIIIIII&#10;&#10;step=43, rand=0, actions=&lt;Down&gt;&#10;Want     | Got ✗   &#10;-------------------&#10;........ | IIIIIIII&#10;........ | IIIIIIII&#10;........ | IIIIIIII&#10;I....... | IIIIIIII&#10;I....... | IIIIIIII&#10;I....... | IIIIIIII&#10;I....... | IIIIIIII&#10;........ | IIIIIIII&#10;.S..Z... | IIIIIIII&#10;.SSZZ.L. | IIIIIIII&#10;..SZLLL. | IIIIIIII&#10;&#10;step=44, rand=0, actions=&lt;Down&gt;&#10;Want     | Got ✗   &#10;-------------------&#10;........ | IIIIIIII&#10;........ | IIIIIIII&#10;........ | IIIIIIII&#10;........ | IIIIIIII&#10;I....... | IIIIIIII&#10;I....... | IIIIIIII&#10;I....... | IIIIIIII&#10;I....... | IIIIIIII&#10;.S..Z... | IIIIIIII&#10;.SSZZ.L. | IIIIIIII&#10;..SZLLL. | IIIIIIII&#10;&#10;step=45, rand=0, actions=&lt;Down&gt;&#10;Want     | Got ✗   &#10;-------------------&#10;........ | IIIIIIII&#10;........ | IIIIIIII&#10;........ | IIIIIIII&#10;........ | IIIIIIII&#10;........ | IIIIIIII&#10;I....... | IIIIIIII&#10;I....... | IIIIIIII&#10;I....... | IIIIIIII&#10;IS..Z... | IIIIIIII&#10;.SSZZ.L. | IIIIIIII&#10;..SZLLL. | IIIIIIII&#10;&#10;step=46, rand=0, actions=&lt;Down&gt;&#10;Want     | Got ✗   &#10;-------------------&#10;........ | IIIIIIII&#10;........ | IIIIIIII&#10;........ | IIIIIIII&#10;........ | IIIIIIII&#10;........ | IIIIIIII&#10;........ | IIIIIIII&#10;I....... | IIIIIIII&#10;I....... | IIIIIIII&#10;IS..Z... | IIIIIIII&#10;ISSZZ.L. | IIIIIIII&#10;..SZLLL. | IIIIIIII&#10;&#10;step=47, rand=0, actions=&lt;Down&gt;&#10;Want     | Got ✗   &#10;-------------------&#10;........ | IIIIIIII&#10;........ | IIIIIIII&#10;........ | IIIIIIII&#10;........ | IIIIIIII&#10;........ | IIIIIIII&#10;........ | IIIIIIII&#10;........ | IIIIIIII&#10;I....... | IIIIIIII&#10;IS..Z... | IIIIIIII&#10;ISSZZ.L. | IIIIIIII&#10;I.SZLLL. | IIIIIIII&#10;&#10;step=48, rand=3, actions=&lt;Down&gt;&#10;Want     | Got ✗   &#10;-------------------&#10;...OO... | IIIIIIII&#10;...OO... | IIIIIIII&#10;........ | IIIIIIII&#10;........ | IIIIIIII&#10;........ | IIIIIIII&#10;........ | IIIIIIII&#10;........ | IIIIIIII&#10;I....... | IIIIIIII&#10;IS..Z... | IIIIIIII&#10;ISSZZ.L. | IIIIIIII&#10;I.SZLLL. | IIIIIIII&#10;&#10;step=49, rand=3, actions=&lt;Left&gt;&#10;Want     | Got ✗   &#10;-------------------&#10;..OO.... | IIIIIIII&#10;..OO.... | IIIIIIII&#10;........ | IIIIIIII&#10;........ | IIIIIIII&#10;........ | IIIIIIII&#10;........ | IIIIIIII&#10;........ | IIIIIIII&#10;I....... | IIIIIIII&#10;IS..Z... | IIIIIIII&#10;ISSZZ.L. | IIIIIIII&#10;I.SZLLL. | IIIIIIII&#10;&#10;step=50, rand=3, actions=&lt;Down&gt;&#10;Want     | Got ✗   &#10;-------------------&#10;........ | IIIIIIII&#10;..OO.... | IIIIIIII&#10;..OO.... | IIIIIIII&#10;........ | IIIIIIII&#10;........ | IIIIIIII&#10;........ | IIIIIIII&#10;........ | IIIIIIII&#10;I....... | IIIIIIII&#10;IS..Z... | IIIIIIII&#10;ISSZZ.L. | IIIIIIII&#10;I.SZLLL. | IIIIIIII&#10;&#10;step=51, rand=3, actions=&lt;Left&gt;&#10;Want     | Got ✗   &#10;-------------------&#10;........ | IIIIIIII&#10;.OO..... | IIIIIIII&#10;.OO..... | IIIIIIII&#10;........ | IIIIIIII&#10;........ | IIIIIIII&#10;........ | IIIIIIII&#10;........ | IIIIIIII&#10;I....... | IIIIIIII&#10;IS..Z... | IIIIIIII&#10;ISSZZ.L. | IIIIIIII&#10;I.SZLLL. | IIIIIIII&#10;&#10;step=52, rand=3, actions=&lt;Down&gt;&#10;Want     | Got ✗   &#10;-------------------&#10;........ | IIIIIIII&#10;........ | IIIIIIII&#10;.OO..... | IIIIIIII&#10;.OO..... | IIIIIIII&#10;........ | IIIIIIII&#10;........ | IIIIIIII&#10;........ | IIIIIIII&#10;I....... | IIIIIIII&#10;IS..Z... | IIIIIIII&#10;ISSZZ.L. | IIIIIIII&#10;I.SZLLL. | IIIIIIII&#10;&#10;step=53, rand=3, actions=&lt;Down&gt;&#10;Want     | Got ✗   &#10;-------------------&#10;........ | IIIIIIII&#10;........ | IIIIIIII&#10;........ | IIIIIIII&#10;.OO..... | IIIIIIII&#10;.OO..... | IIIIIIII&#10;........ | IIIIIIII&#10;........ | IIIIIIII&#10;I....... | IIIIIIII&#10;IS..Z... | IIIIIIII&#10;ISSZZ.L. | IIIIIIII&#10;I.SZLLL. | IIIIIIII&#10;&#10;step=54, rand=3, actions=&lt;Down&gt;&#10;Want     | Got ✗   &#10;-------------------&#10;........ | IIIIIIII&#10;........ | IIIIIIII&#10;........ | IIIIIIII&#10;........ | IIIIIIII&#10;.OO..... | IIIIIIII&#10;.OO..... | IIIIIIII&#10;........ | IIIIIIII&#10;I....... | IIIIIIII&#10;IS..Z... | IIIIIIII&#10;ISSZZ.L. | IIIIIIII&#10;I.SZLLL. | IIIIIIII&#10;&#10;step=55, rand=3, actions=&lt;Down&gt;&#10;Want     | Got ✗   &#10;-------------------&#10;........ | IIIIIIII&#10;........ | IIIIIIII&#10;........ | IIIIIIII&#10;........ | IIIIIIII&#10;........ | IIIIIIII&#10;.OO..... | IIIIIIII&#10;.OO..... | IIIIIIII&#10;I....... | IIIIIIII&#10;IS..Z... | IIIIIIII&#10;ISSZZ.L. | IIIIIIII&#10;I.SZLLL. | IIIIIIII&#10;&#10;step=56, rand=3, actions=&lt;Right&gt;&#10;Want     | Got ✗   &#10;-------------------&#10;........ | IIIIIIII&#10;........ | IIIIIIII&#10;........ | IIIIIIII&#10;........ | IIIIIIII&#10;........ | IIIIIIII&#10;..OO.... | IIIIIIII&#10;..OO.... | IIIIIIII&#10;I....... | IIIIIIII&#10;IS..Z... | IIIIIIII&#10;ISSZZ.L. | IIIIIIII&#10;I.SZLLL. | IIIIIIII&#10;&#10;step=57, rand=3, actions=&lt;Down&gt;&#10;Want     | Got ✗   &#10;-------------------&#10;........ | IIIIIIII&#10;........ | IIIIIIII&#10;........ | IIIIIIII&#10;........ | IIIIIIII&#10;........ | IIIIIIII&#10;........ | IIIIIIII&#10;..OO.... | IIIIIIII&#10;I.OO.... | IIIIIIII&#10;IS..Z... | IIIIIIII&#10;ISSZZ.L. | IIIIIIII&#10;I.SZLLL. | IIIIIIII&#10;&#10;step=58, rand=3, actions=&lt;Down&gt;&#10;Want     | Got ✗   &#10;-------------------&#10;........ | IIIIIIII&#10;........ | IIIIIIII&#10;........ | IIIIIIII&#10;........ | IIIIIIII&#10;........ | IIIIIIII&#10;........ | IIIIIIII&#10;........ | IIIIIIII&#10;I.OO.... | IIIIIIII&#10;ISOOZ... | IIIIIIII&#10;ISSZZ.L. | IIIIIIII&#10;I.SZLLL. | IIIIIIII&#10;&#10;step=59, rand=3, actions=&lt;Down&gt;&#10;Want     | Got ✗   &#10;-------------------&#10;...OO... | IIIIIIII&#10;...OO... | IIIIIIII&#10;........ | IIIIIIII&#10;........ | IIIIIIII&#10;........ | IIIIIIII&#10;........ | IIIIIIII&#10;........ | IIIIIIII&#10;I.OO.... | IIIIIIII&#10;ISOOZ... | IIIIIIII&#10;ISSZZ.L. | IIIIIIII&#10;I.SZLLL. | IIIIIIII&#10;&#10;step=60, rand=3, actions=&lt;Left&gt;&#10;Want     | Got ✗   &#10;-------------------&#10;..OO.... | IIIIIIII&#10;..OO.... | IIIIIIII&#10;........ | IIIIIIII&#10;........ | IIIIIIII&#10;........ | IIIIIIII&#10;........ | IIIIIIII&#10;........ | IIIIIIII&#10;I.OO.... | IIIIIIII&#10;ISOOZ... | IIIIIIII&#10;ISSZZ.L. | IIIIIIII&#10;I.SZLLL. | IIIIIIII&#10;&#10;step=61, rand=3, actions=&lt;Down&gt;&#10;Want     | Got ✗   &#10;-------------------&#10;........ | IIIIIIII&#10;..OO.... | IIIIIIII&#10;..OO.... | IIIIIIII&#10;........ | IIIIIIII&#10;........ | IIIIIIII&#10;........ | IIIIIIII&#10;........ | IIIIIIII&#10;I.OO.... | IIIIIIII&#10;ISOOZ... | IIIIIIII&#10;ISSZZ.L. | IIIIIIII&#10;I.SZLLL. | IIIIIIII&#10;&#10;step=62, rand=3, actions=&lt;Down&gt;&#10;Want     | Got ✗   &#10;-------------------&#10;........ | IIIIIIII&#10;........ | IIIIIIII&#10;..OO.... | IIIIIIII&#10;..OO.... | IIIIIIII&#10;........ | IIIIIIII&#10;........ | IIIIIIII&#10;........ | IIIIIIII&#10;I.OO.... | IIIIIIII&#10;ISOOZ... | IIIIIIII&#10;ISSZZ.L. | IIIIIIII&#10;I.SZLLL. | IIIIIIII&#10;&#10;step=63, rand=3, actions=&lt;Down&gt;&#10;Want     | Got ✗   &#10;-------------------&#10;........ | IIIIIIII&#10;........ | IIIIIIII&#10;........ | IIIIIIII&#10;..OO.... | IIIIIIII&#10;..OO.... | IIIIIIII&#10;........ | IIIIIIII&#10;........ | IIIIIIII&#10;I.OO.... | IIIIIIII&#10;ISOOZ... | IIIIIIII&#10;ISSZZ.L. | IIIIIIII&#10;I.SZLLL. | IIIIIIII&#10;&#10;step=64, rand=3, actions=&lt;Down&gt;&#10;Want     | Got ✗   &#10;-------------------&#10;........ | IIIIIIII&#10;........ | IIIIIIII&#10;........ | IIIIIIII&#10;........ | IIIIIIII&#10;..OO.... | IIIIIIII&#10;..OO.... | IIIIIIII&#10;........ | IIIIIIII&#10;I.OO.... | IIIIIIII&#10;ISOOZ... | IIIIIIII&#10;ISSZZ.L. | IIIIIIII&#10;I.SZLLL. | IIIIIIII&#10;&#10;step=65, rand=3, actions=&lt;Down&gt;&#10;Want     | Got ✗   &#10;-------------------&#10;........ | IIIIIIII&#10;........ | IIIIIIII&#10;........ | IIIIIIII&#10;........ | IIIIIIII&#10;........ | IIIIIIII&#10;..OO.... | IIIIIIII&#10;..OO.... | IIIIIIII&#10;I.OO.... | IIIIIIII&#10;ISOOZ... | IIIIIIII&#10;ISSZZ.L. | IIIIIIII&#10;I.SZLLL. | IIIIIIII&#10;&#10;step=66, rand=2, actions=&lt;Down&gt;&#10;Want     | Got ✗   &#10;-------------------&#10;....L... | IIIIIIII&#10;..LLL... | IIIIIIII&#10;........ | IIIIIIII&#10;........ | IIIIIIII&#10;........ | IIIIIIII&#10;..OO.... | IIIIIIII&#10;..OO.... | IIIIIIII&#10;I.OO.... | IIIIIIII&#10;ISOOZ... | IIIIIIII&#10;ISSZZ.L. | IIIIIIII&#10;I.SZLLL. | IIIIIIII&#10;&#10;step=67, rand=2, actions=&lt;RotateRight&gt;&#10;Want     | Got ✗   &#10;-------------------&#10;...L.... | IIIIIIII&#10;...L.... | IIIIIIII&#10;...LL... | IIIIIIII&#10;........ | IIIIIIII&#10;........ | IIIIIIII&#10;..OO.... | IIIIIIII&#10;..OO.... | IIIIIIII&#10;I.OO.... | IIIIIIII&#10;ISOOZ... | IIIIIIII&#10;ISSZZ.L. | IIIIIIII&#10;I.SZLLL. | IIIIIIII&#10;&#10;step=68, rand=2, actions=&lt;Right&gt;&#10;Want     | Got ✗   &#10;-------------------&#10;....L... | IIIIIIII&#10;....L... | IIIIIIII&#10;....LL.. | IIIIIIII&#10;........ | IIIIIIII&#10;........ | IIIIIIII&#10;..OO.... | IIIIIIII&#10;..OO.... | IIIIIIII&#10;I.OO.... | IIIIIIII&#10;ISOOZ... | IIIIIIII&#10;ISSZZ.L. | IIIIIIII&#10;I.SZLLL. | IIIIIIII&#10;&#10;step=69, rand=2, actions=&lt;Right&gt;&#10;Want     | Got ✗   &#10;-------------------&#10;.....L.. | IIIIIIII&#10;.....L.. | IIIIIIII&#10;.....LL. | IIIIIIII&#10;........ | IIIIIIII&#10;........ | IIIIIIII&#10;..OO.... | IIIIIIII&#10;..OO.... | IIIIIIII&#10;I.OO.... | IIIIIIII&#10;ISOOZ... | IIIIIIII&#10;ISSZZ.L. | IIIIIIII&#10;I.SZLLL. | IIIIIIII&#10;&#10;step=70, rand=2, actions=&lt;RotateRight&gt;&#10;Want     | Got ✗   &#10;-------------------&#10;........ | IIIIIIII&#10;....LLL. | IIIIIIII&#10;....L... | IIIIIIII&#10;........ | IIIIIIII&#10;........ | IIIIIIII&#10;..OO.... | IIIIIIII&#10;..OO.... | IIIIIIII&#10;I.OO.... | IIIIIIII&#10;ISOOZ... | IIIIIIII&#10;ISSZZ.L. | IIIIIIII&#10;I.SZLLL. | IIIIIIII&#10;&#10;step=71, rand=2, actions=&lt;RotateRight&gt;&#10;Want     | Got ✗   &#10;-------------------&#10;....LL.. | IIIIIIII&#10;.....L.. | IIIIIIII&#10;.....L.. | IIIIIIII&#10;........ | IIIIIIII&#10;........ | IIIIIIII&#10;..OO.... | IIIIIIII&#10;..OO.... | IIIIIIII&#10;I.OO.... | IIIIIIII&#10;ISOOZ... | IIIIIIII&#10;ISSZZ.L. | IIIIIIII&#10;I.SZLLL. | IIIIIIII&#10;&#10;step=72, rand=2, actions=&lt;Right&gt;&#10;Want     | Got ✗   &#10;-------------------&#10;.....LL. | IIIIIIII&#10;......L. | IIIIIIII&#10;......L. | IIIIIIII&#10;........ | IIIIIIII&#10;........ | IIIIIIII&#10;..OO.... | IIIIIIII&#10;..OO.... | IIIIIIII&#10;I.OO.... | IIIIIIII&#10;ISOOZ... | IIIIIIII&#10;ISSZZ.L. | IIIIIIII&#10;I.SZLLL. | IIIIIIII&#10;&#10;step=73, rand=2, actions=&lt;Right&gt;&#10;Want     | Got ✗   &#10;-------------------&#10;......LL | IIIIIIII&#10;.......L | IIIIIIII&#10;.......L | IIIIIIII&#10;........ | IIIIIIII&#10;........ | IIIIIIII&#10;..OO.... | IIIIIIII&#10;..OO.... | IIIIIIII&#10;I.OO.... | IIIIIIII&#10;ISOOZ... | IIIIIIII&#10;ISSZZ.L. | IIIIIIII&#10;I.SZLLL. | IIIIIIII&#10;&#10;step=74, rand=2, actions=&lt;Down&gt;&#10;Want     | Got ✗   &#10;-------------------&#10;........ | IIIIIIII&#10;......LL | IIIIIIII&#10;.......L | IIIIIIII&#10;.......L | IIIIIIII&#10;........ | IIIIIIII&#10;..OO.... | IIIIIIII&#10;..OO.... | IIIIIIII&#10;I.OO.... | IIIIIIII&#10;ISOOZ... | IIIIIIII&#10;ISSZZ.L. | IIIIIIII&#10;I.SZLLL. | IIIIIIII&#10;&#10;step=75, rand=2, actions=&lt;Down&gt;&#10;Want     | Got ✗   &#10;-------------------&#10;........ | IIIIIIII&#10;........ | IIIIIIII&#10;......LL | IIIIIIII&#10;.......L | IIIIIIII&#10;.......L | IIIIIIII&#10;..OO.... | IIIIIIII&#10;..OO.... | IIIIIIII&#10;I.OO.... | IIIIIIII&#10;ISOOZ... | IIIIIIII&#10;ISSZZ.L. | IIIIIIII&#10;I.SZLLL. | IIIIIIII&#10;&#10;step=76, rand=2, actions=&lt;Down&gt;&#10;Want     | Got ✗   &#10;-------------------&#10;........ | IIIIIIII&#10;........ | IIIIIIII&#10;........ | IIIIIIII&#10;......LL | IIIIIIII&#10;.......L | IIIIIIII&#10;..OO...L | IIIIIIII&#10;..OO.... | IIIIIIII&#10;I.OO.... | IIIIIIII&#10;ISOOZ... | IIIIIIII&#10;ISSZZ.L. | IIIIIIII&#10;I.SZLLL. | IIIIIIII&#10;&#10;step=77, rand=2, actions=&lt;Down&gt;&#10;Want     | Got ✗   &#10;-------------------&#10;........ | IIIIIIII&#10;........ | IIIIIIII&#10;........ | IIIIIIII&#10;........ | IIIIIIII&#10;......LL | IIIIIIII&#10;..OO...L | IIIIIIII&#10;..OO...L | IIIIIIII&#10;I.OO.... | IIIIIIII&#10;ISOOZ... | IIIIIIII&#10;ISSZZ.L. | IIIIIIII&#10;I.SZLLL. | IIIIIIII&#10;&#10;step=78, rand=2, actions=&lt;Down&gt;&#10;Want     | Got ✗   &#10;-------------------&#10;........ | IIIIIIII&#10;........ | IIIIIIII&#10;........ | IIIIIIII&#10;........ | IIIIIIII&#10;........ | IIIIIIII&#10;..OO..LL | IIIIIIII&#10;..OO...L | IIIIIIII&#10;I.OO...L | IIIIIIII&#10;ISOOZ... | IIIIIIII&#10;ISSZZ.L. | IIIIIIII&#10;I.SZLLL. | IIIIIIII&#10;&#10;step=79, rand=2, actions=&lt;Down&gt;&#10;Want     | Got ✗   &#10;-------------------&#10;........ | IIIIIIII&#10;........ | IIIIIIII&#10;........ | IIIIIIII&#10;........ | IIIIIIII&#10;........ | IIIIIIII&#10;..OO.... | IIIIIIII&#10;..OO..LL | IIIIIIII&#10;I.OO...L | IIIIIIII&#10;ISOOZ..L | IIIIIIII&#10;ISSZZ.L. | IIIIIIII&#10;I.SZLLL. | IIIIIIII&#10;&#10;step=80, rand=2, actions=&lt;Down&gt;&#10;Want     | Got ✗   &#10;-------------------&#10;........ | IIIIIIII&#10;........ | IIIIIIII&#10;........ | IIIIIIII&#10;........ | IIIIIIII&#10;........ | IIIIIIII&#10;..OO.... | IIIIIIII&#10;..OO.... | IIIIIIII&#10;I.OO..LL | IIIIIIII&#10;ISOOZ..L | IIIIIIII&#10;ISSZZ.LL | IIIIIIII&#10;I.SZLLL. | IIIIIIII&#10;&#10;step=81, rand=2, actions=&lt;Down&gt;&#10;Want     | Got ✗   &#10;-------------------&#10;........ | IIIIIIII&#10;........ | IIIIIIII&#10;........ | IIIIIIII&#10;........ | IIIIIIII&#10;........ | IIIIIIII&#10;..OO.... | IIIIIIII&#10;..OO.... | IIIIIIII&#10;I.OO.... | IIIIIIII&#10;ISOOZ.LL | IIIIIIII&#10;ISSZZ.LL | IIIIIIII&#10;I.SZLLLL | IIIIIIII&#10;&#10;step=82, rand=5, actions=&lt;Down&gt;&#10;Want     | Got ✗   &#10;-------------------&#10;...T.... | IIIIIIII&#10;..TTT... | IIIIIIII&#10;........ | IIIIIIII&#10;........ | IIIIIIII&#10;........ | IIIIIIII&#10;..OO.... | IIIIIIII&#10;..OO.... | IIIIIIII&#10;I.OO.... | IIIIIIII&#10;ISOOZ.LL | IIIIIIII&#10;ISSZZ.LL | IIIIIIII&#10;I.SZLLLL | IIIIIIII&#10;&#10;step=83, rand=5, actions=&lt;Right&gt;&#10;Want     | Got ✗   &#10;-------------------&#10;....T... | IIIIIIII&#10;...TTT.. | IIIIIIII&#10;........ | IIIIIIII&#10;........ | IIIIIIII&#10;........ | IIIIIIII&#10;..OO.... | IIIIIIII&#10;..OO.... | IIIIIIII&#10;I.OO.... | IIIIIIII&#10;ISOOZ.LL | IIIIIIII&#10;ISSZZ.LL | IIIIIIII&#10;I.SZLLLL | IIIIIIII&#10;&#10;step=84, rand=5, actions=&lt;Right&gt;&#10;Want     | Got ✗   &#10;-------------------&#10;.....T.. | IIIIIIII&#10;....TTT. | IIIIIIII&#10;........ | IIIIIIII&#10;........ | IIIIIIII&#10;........ | IIIIIIII&#10;..OO.... | IIIIIIII&#10;..OO.... | IIIIIIII&#10;I.OO.... | IIIIIIII&#10;ISOOZ.LL | IIIIIIII&#10;ISSZZ.LL | IIIIIIII&#10;I.SZLLLL | IIIIIIII&#10;&#10;step=85, rand=5, actions=&lt;RotateRight&gt;&#10;Want     | Got ✗   &#10;-------------------&#10;.....T.. | IIIIIIII&#10;.....TT. | IIIIIIII&#10;.....T.. | IIIIIIII&#10;........ | IIIIIIII&#10;........ | IIIIIIII&#10;..OO.... | IIIIIIII&#10;..OO.... | IIIIIIII&#10;I.OO.... | IIIIIIII&#10;ISOOZ.LL | IIIIIIII&#10;ISSZZ.LL | IIIIIIII&#10;I.SZLLLL | IIIIIIII&#10;&#10;step=86, rand=5, actions=&lt;RotateRight&gt;&#10;Want     | Got ✗   &#10;-------------------&#10;........ | IIIIIIII&#10;....TTT. | IIIIIIII&#10;.....T.. | IIIIIIII&#10;........ | IIIIIIII&#10;........ | IIIIIIII&#10;..OO.... | IIIIIIII&#10;..OO.... | IIIIIIII&#10;I.OO.... | IIIIIIII&#10;ISOOZ.LL | IIIIIIII&#10;ISSZZ.LL | IIIIIIII&#10;I.SZLLLL | IIIIIIII&#10;&#10;step=87, rand=5, actions=&lt;Down&gt;&#10;Want     | Got ✗   &#10;-------------------&#10;........ | IIIIIIII&#10;........ | IIIIIIII&#10;....TTT. | IIIIIIII&#10;.....T.. | IIIIIIII&#10;........ | IIIIIIII&#10;..OO.... | IIIIIIII&#10;..OO.... | IIIIIIII&#10;I.OO.... | IIIIIIII&#10;ISOOZ.LL | IIIIIIII&#10;ISSZZ.LL | IIIIIIII&#10;I.SZLLLL | IIIIIIII&#10;&#10;step=88, rand=5, actions=&lt;Down&gt;&#10;Want     | Got ✗   &#10;-------------------&#10;........ | IIIIIIII&#10;........ | IIIIIIII&#10;........ | IIIIIIII&#10;....TTT. | IIIIIIII&#10;.....T.. | IIIIIIII&#10;..OO.... | IIIIIIII&#10;..OO.... | IIIIIIII&#10;I.OO.... | IIIIIIII&#10;ISOOZ.LL | IIIIIIII&#10;ISSZZ.LL | IIIIIIII&#10;I.SZLLLL | IIIIIIII&#10;&#10;step=89, rand=5, actions=&lt;Down&gt;&#10;Want     | Got ✗   &#10;-------------------&#10;........ | IIIIIIII&#10;........ | IIIIIIII&#10;........ | IIIIIIII&#10;........ | IIIIIIII&#10;....TTT. | IIIIIIII&#10;..OO.T.. | IIIIIIII&#10;..OO.... | IIIIIIII&#10;I.OO.... | IIIIIIII&#10;ISOOZ.LL | IIIIIIII&#10;ISSZZ.LL | IIIIIIII&#10;I.SZLLLL | IIIIIIII&#10;&#10;step=90, rand=5, actions=&lt;Down&gt;&#10;Want     | Got ✗   &#10;-------------------&#10;........ | IIIIIIII&#10;........ | IIIIIIII&#10;........ | IIIIIIII&#10;........ | IIIIIIII&#10;........ | IIIIIIII&#10;..OOTTT. | IIIIIIII&#10;..OO.T.. | IIIIIIII&#10;I.OO.... | IIIIIIII&#10;ISOOZ.LL | IIIIIIII&#10;ISSZZ.LL | IIIIIIII&#10;I.SZLLLL | IIIIIIII&#10;&#10;step=91, rand=5, actions=&lt;Down&gt;&#10;Want     | Got ✗   &#10;-------------------&#10;........ | IIIIIIII&#10;........ | IIIIIIII&#10;........ | IIIIIIII&#10;........ | IIIIIIII&#10;........ | IIIIIIII&#10;..OO.... | IIIIIIII&#10;..OOTTT. | IIIIIIII&#10;I.OO.T.. | IIIIIIII&#10;ISOOZ.LL | IIIIIIII&#10;ISSZZ.LL | IIIIIIII&#10;I.SZLLLL | IIIIIIII&#10;&#10;step=92, rand=5, actions=&lt;Down&gt;&#10;Want     | Got ✗   &#10;-------------------&#10;........ | IIIIIIII&#10;........ | IIIIIIII&#10;........ | IIIIIIII&#10;........ | IIIIIIII&#10;........ | IIIIIIII&#10;..OO.... | IIIIIIII&#10;..OO.... | IIIIIIII&#10;I.OOTTT. | IIIIIIII&#10;ISOOZTLL | IIIIIIII&#10;ISSZZ.LL | IIIIIIII&#10;I.SZLLLL | IIIIIIII&#10;&#10;step=93, rand=4, actions=&lt;Down&gt;&#10;Want     | Got ✗   &#10;-------------------&#10;...SS... | IIIIIIII&#10;..SS.... | IIIIIIII&#10;........ | IIIIIIII&#10;........ | IIIIIIII&#10;........ | IIIIIIII&#10;........ | IIIIIIII&#10;..OO.... | IIIIIIII&#10;..OO.... | IIIIIIII&#10;I.OOTTT. | IIIIIIII&#10;ISSZZ.LL | IIIIIIII&#10;I.SZLLLL | IIIIIIII&#10;&#10;step=94, rand=4, actions=&lt;Right&gt;&#10;Want     | Got ✗   &#10;-------------------&#10;....SS.. | IIIIIIII&#10;...SS... | IIIIIIII&#10;........ | IIIIIIII&#10;........ | IIIIIIII&#10;........ | IIIIIIII&#10;........ | IIIIIIII&#10;..OO.... | IIIIIIII&#10;..OO.... | IIIIIIII&#10;I.OOTTT. | IIIIIIII&#10;ISSZZ.LL | IIIIIIII&#10;I.SZLLLL | IIIIIIII&#10;&#10;step=95, rand=4, actions=&lt;RotateRight&gt;&#10;Want     | Got ✗   &#10;-------------------&#10;....S... | IIIIIIII&#10;....SS.. | IIIIIIII&#10;.....S.. | IIIIIIII&#10;........ | IIIIIIII&#10;........ | IIIIIIII&#10;........ | IIIIIIII&#10;..OO.... | IIIIIIII&#10;..OO.... | IIIIIIII&#10;I.OOTTT. | IIIIIIII&#10;ISSZZ.LL | IIIIIIII&#10;I.SZLLLL | IIIIIIII&#10;&#10;step=96, rand=4, actions=&lt;Right&gt;&#10;Want     | Got ✗   &#10;-------------------&#10;.....S.. | IIIIIIII&#10;.....SS. | IIIIIIII&#10;......S. | IIIIIIII&#10;........ | IIIIIIII&#10;........ | IIIIIIII&#10;........ | IIIIIIII&#10;..OO.... | IIIIIIII&#10;..OO.... | IIIIIIII&#10;I.OOTTT. | IIIIIIII&#10;ISSZZ.LL | IIIIIIII&#10;I.SZLLLL | IIIIIIII&#10;&#10;step=97, rand=4, actions=&lt;Right&gt;&#10;Want     | Got ✗   &#10;-------------------&#10;......S. | IIIIIIII&#10;......SS | IIIIIIII&#10;.......S | IIIIIIII&#10;........ | IIIIIIII&#10;........ | IIIIIIII&#10;........ | IIIIIIII&#10;..OO.... | IIIIIIII&#10;..OO.... | IIIIIIII&#10;I.OOTTT. | IIIIIIII&#10;ISSZZ.LL | IIIIIIII&#10;I.SZLLLL | IIIIIIII&#10;&#10;step=98, rand=4, actions=&lt;Down&gt;&#10;Want     | Got ✗   &#10;-------------------&#10;........ | IIIIIIII&#10;......S. | IIIIIIII&#10;......SS | IIIIIIII&#10;.......S | IIIIIIII&#10;........ | IIIIIIII&#10;........ | IIIIIIII&#10;..OO.... | IIIIIIII&#10;..OO.... | IIIIIIII&#10;I.OOTTT. | IIIIIIII&#10;ISSZZ.LL | IIIIIIII&#10;I.SZLLLL | IIIIIIII&#10;&#10;step=99, rand=4, actions=&lt;Down&gt;&#10;Want     | Got ✗   &#10;-------------------&#10;........ | IIIIIIII&#10;........ | IIIIIIII&#10;......S. | IIIIIIII&#10;......SS | IIIIIIII&#10;.......S | IIIIIIII&#10;........ | IIIIIIII&#10;..OO.... | IIIIIIII&#10;..OO.... | IIIIIIII&#10;I.OOTTT. | IIIIIIII&#10;ISSZZ.LL | IIIIIIII&#10;I.SZLLLL | IIIIIIII&#10;&#10;step=100, rand=4, actions=&lt;Down&gt;&#10;Want     | Got ✗   &#10;-------------------&#10;........ | IIIIIIII&#10;........ | IIIIIIII&#10;........ | IIIIIIII&#10;......S. | IIIIIIII&#10;......SS | IIIIIIII&#10;.......S | IIIIIIII&#10;..OO.... | IIIIIIII&#10;..OO.... | IIIIIIII&#10;I.OOTTT. | IIIIIIII&#10;ISSZZ.LL | IIIIIIII&#10;I.SZLLLL | IIIIIIII&#10;&#10;step=101, rand=4, actions=&lt;Down&gt;&#10;Want     | Got ✗   &#10;-------------------&#10;........ | IIIIIIII&#10;........ | IIIIIIII&#10;........ | IIIIIIII&#10;........ | IIIIIIII&#10;......S. | IIIIIIII&#10;..
[...]
 Hint: It should be possible to “run” multiple games simultaneously, i.e., it should not be a problem to have multiple instances of TetrisLogic which act independently. To test this, we perform “interleave tests”: we instantiate two TetrisLogic objects with different board sizes and alternate between performing a step on one and a step on the other. If all is correct, the two games should progress exactly as they would if they were the only snake games being run. If this is not true, then there is likely some global state through which one game influences the other.   Hence if you fail this test but you passed the other full game test, then you have some global state. Running two instances of TetrisLogic/and alternately doing steps between them results in some interference.   
	at app//org.scalatest.Assertions.newAssertionFailedException(Assertions.scala:530)
	at app//org.scalatest.Assertions.newAssertionFailedException$(Assertions.scala:529)
	at app//org.scalatest.FunSuite.newAssertionFailedException(FunSuite.scala:1560)
	at app//org.scalatest.Assertions$AssertionsHelper.macroAssert(Assertions.scala:503)
	at app//generic.GameTestSuite.checkInterleave(GameTestSuite.scala:303)
	at app//tetris.TetrisTestSuiteBase.checkInterleave(TetrisTestSuiteBase.scala:109)
	at app//tetris.FullGameTests.$anonfun$new$4(FullGameTests.scala:5752)
	at app//scala.runtime.java8.JFunction0$mcV$sp.apply(JFunction0$mcV$sp.scala:18)
	at app//infrastructure.TestBase.$anonfun$test$1(TestBase.scala:36)
	at app//org.scalatest.OutcomeOf.outcomeOf(OutcomeOf.scala:85)
	at app//org.scalatest.OutcomeOf.outcomeOf$(OutcomeOf.scala:83)
	at app//org.scalatest.OutcomeOf$.outcomeOf(OutcomeOf.scala:104)
	at app//org.scalatest.Transformer.apply(Transformer.scala:22)
	at app//org.scalatest.Transformer.apply(Transformer.scala:20)
	at app//org.scalatest.FunSuiteLike$$anon$1.apply(FunSuiteLike.scala:186)
	at app//org.scalatest.TestSuite.withFixture(TestSuite.scala:196)
	at app//org.scalatest.TestSuite.withFixture$(TestSuite.scala:195)
	at app//infrastructure.TestBase.org$scalatest$concurrent$TimeLimitedTests$$super$withFixture(TestBase.scala:9)
	at app//org.scalatest.concurrent.TimeLimitedTests.$anonfun$withFixture$3(TimeLimitedTests.scala:154)
	at app//org.scalatest.enablers.Timed$$anon$1.timeoutAfter(Timed.scala:127)
	at app//org.scalatest.concurrent.TimeLimits.failAfterImpl(TimeLimits.scala:239)
	at app//org.scalatest.concurrent.TimeLimits.failAfterImpl$(TimeLimits.scala:233)
	at app//org.scalatest.concurrent.TimeLimits$.failAfterImpl(TimeLimits.scala:305)
	at app//org.scalatest.concurrent.TimeLimitedTests.withFixture(TimeLimitedTests.scala:153)
	at app//org.scalatest.concurrent.TimeLimitedTests.withFixture$(TimeLimitedTests.scala:150)
	at app//infrastructure.TestBase.withFixture(TestBase.scala:9)
	at app//org.scalatest.FunSuiteLike.invokeWithFixture$1(FunSuiteLike.scala:184)
	at app//org.scalatest.FunSuiteLike.$anonfun$runTest$1(FunSuiteLike.scala:196)
	at app//org.scalatest.SuperEngine.runTestImpl(Engine.scala:286)
	at app//org.scalatest.FunSuiteLike.runTest(FunSuiteLike.scala:196)
	at app//org.scalatest.FunSuiteLike.runTest$(FunSuiteLike.scala:178)
	at app//org.scalatest.FunSuite.runTest(FunSuite.scala:1560)
	at app//org.scalatest.FunSuiteLike.$anonfun$runTests$1(FunSuiteLike.scala:229)
	at app//org.scalatest.SuperEngine.$anonfun$runTestsInBranch$1(Engine.scala:393)
	at app//scala.collection.immutable.List.foreach(List.scala:333)
	at app//org.scalatest.SuperEngine.traverseSubNodes$1(Engine.scala:381)
	at app//org.scalatest.SuperEngine.runTestsInBranch(Engine.scala:376)
	at app//org.scalatest.SuperEngine.runTestsImpl(Engine.scala:458)
	at app//org.scalatest.FunSuiteLike.runTests(FunSuiteLike.scala:229)
	at app//org.scalatest.FunSuiteLike.runTests$(FunSuiteLike.scala:228)
	at app//org.scalatest.FunSuite.runTests(FunSuite.scala:1560)
	at app//org.scalatest.Suite.run(Suite.scala:1124)
	at app//org.scalatest.Suite.run$(Suite.scala:1106)
	at app//org.scalatest.FunSuite.org$scalatest$FunSuiteLike$$super$run(FunSuite.scala:1560)
	at app//org.scalatest.FunSuiteLike.$anonfun$run$1(FunSuiteLike.scala:233)
	at app//org.scalatest.SuperEngine.runImpl(Engine.scala:518)
	at app//org.scalatest.FunSuiteLike.run(FunSuiteLike.scala:233)
	at app//org.scalatest.FunSuiteLike.run$(FunSuiteLike.scala:232)
	at app//infrastructure.TestBase.run(TestBase.scala:26)
	at app//org.scalatest.Suite.callExecuteOnSuite$1(Suite.scala:1187)
	at app//org.scalatest.Suite.$anonfun$runNestedSuites$1(Suite.scala:1234)
	at app//scala.collection.ArrayOps$.foreach$extension(ArrayOps.scala:1323)
	at app//org.scalatest.Suite.runNestedSuites(Suite.scala:1232)
	at app//org.scalatest.Suite.runNestedSuites$(Suite.scala:1166)
	at app//org.scalatest.Suites.runNestedSuites(Suites.scala:56)
	at app//org.scalatest.Suite.run(Suite.scala:1121)
	at app//org.scalatest.Suite.run$(Suite.scala:1106)
	at app//tetris.TetrisTestSuitesBase.runDirect(TetrisTestSuitesBase.scala:20)
	at app//tetris.TetrisTestSuitesBase.runWithScoreCounter(TetrisTestSuitesBase.scala:14)
	at app//tetris.TetrisTestSuite3_2.run(TetrisTestSuite3_2.scala:25)
	at app//org.scalatestplus.junit.JUnitRunner.run(JUnitRunner.scala:99)
	at app//org.junit.runner.JUnitCore.run(JUnitCore.java:137)
	at app//org.junit.runner.JUnitCore.run(JUnitCore.java:115)
	at app//org.junit.vintage.engine.execution.RunnerExecutor.execute(RunnerExecutor.java:42)
	at app//org.junit.vintage.engine.VintageTestEngine.executeAllChildren(VintageTestEngine.java:80)
	at app//org.junit.vintage.engine.VintageTestEngine.execute(VintageTestEngine.java:72)
	at org.junit.platform.launcher.core.EngineExecutionOrchestrator.execute(EngineExecutionOrchestrator.java:107)
	at org.junit.platform.launcher.core.EngineExecutionOrchestrator.execute(EngineExecutionOrchestrator.java:88)
	at org.junit.platform.launcher.core.EngineExecutionOrchestrator.lambda$execute$0(EngineExecutionOrchestrator.java:54)
	at org.junit.platform.launcher.core.EngineExecutionOrchestrator.withInterceptedStreams(EngineExecutionOrchestrator.java:67)
	at org.junit.platform.launcher.core.EngineExecutionOrchestrator.execute(EngineExecutionOrchestrator.java:52)
	at org.junit.platform.launcher.core.DefaultLauncher.execute(DefaultLauncher.java:114)
	at org.junit.platform.launcher.core.DefaultLauncher.execute(DefaultLauncher.java:86)
	at org.junit.platform.launcher.core.DefaultLauncherSession$DelegatingLauncher.execute(DefaultLauncherSession.java:86)
	at org.junit.platform.launcher.core.SessionPerRequestLauncher.execute(SessionPerRequestLauncher.java:53)
	at org.gradle.api.internal.tasks.testing.junitplatform.JUnitPlatformTestClassProcessor$CollectAllTestClassesExecutor.processAllTestClasses(JUnitPlatformTestClassProcessor.java:99)
	at org.gradle.api.internal.tasks.testing.junitplatform.JUnitPlatformTestClassProcessor$CollectAllTestClassesExecutor.access$000(JUnitPlatformTestClassProcessor.java:79)
	at org.gradle.api.internal.tasks.testing.junitplatform.JUnitPlatformTestClassProcessor.stop(JUnitPlatformTestClassProcessor.java:75)
	at org.gradle.api.internal.tasks.testing.SuiteTestClassProcessor.stop(SuiteTestClassProcessor.java:61)
	at java.base@11.0.18/jdk.internal.reflect.NativeMethodAccessorImpl.invoke0(Native Method)
	at java.base@11.0.18/jdk.internal.reflect.NativeMethodAccessorImpl.invoke(NativeMethodAccessorImpl.java:62)
	at java.base@11.0.18/jdk.internal.reflect.DelegatingMethodAccessorImpl.invoke(DelegatingMethodAccessorImpl.java:43)
	at java.base@11.0.18/java.lang.reflect.Method.invoke(Method.java:566)
	at org.gradle.internal.dispatch.ReflectionDispatch.dispatch(ReflectionDispatch.java:36)
	at org.gradle.internal.dispatch.ReflectionDispatch.dispatch(ReflectionDispatch.java:24)
	at org.gradle.internal.dispatch.ContextClassLoaderDispatch.dispatch(ContextClassLoaderDispatch.java:33)
	at org.gradle.internal.dispatch.ProxyDispatchAdapter$DispatchingInvocationHandler.invoke(ProxyDispatchAdapter.java:94)
	at com.sun.proxy.$Proxy2.stop(Unknown Source)
	at org.gradle.api.internal.tasks.testing.worker.TestWorker$3.run(TestWorker.java:193)
	at org.gradle.api.internal.tasks.testing.worker.TestWorker.executeAndMaintainThreadName(TestWorker.java:129)
	at org.gradle.api.internal.tasks.testing.worker.TestWorker.execute(TestWorker.java:100)
	at org.gradle.api.internal.tasks.testing.worker.TestWorker.execute(TestWorker.java:60)
	at org.gradle.process.internal.worker.child.ActionExecutionWorker.execute(ActionExecutionWorker.java:56)
	at org.gradle.process.internal.worker.child.SystemApplicationClassLoaderWorker.call(SystemApplicationClassLoaderWorker.java:133)
	at org.gradle.process.internal.worker.child.SystemApplicationClassLoaderWorker.call(SystemApplicationClassLoaderWorker.java:71)
	at app//worker.org.gradle.process.internal.worker.GradleWorkerMain.run(GradleWorkerMain.java:69)
	at app//worker.org.gradle.process.internal.worker.GradleWorkerMain.main(GradleWorkerMain.java:74)
</failure>
  </testcase>
  <testcase name="testInterleave8x11and6x10" classname="tetris.FullGameTests" time="0.01">
    <failure message="org.scalatest.exceptions.TestFailedException: didPass was false&#10; Hint: It should be possible to “run” multiple games simultaneously, i.e., it should not be a problem to have multiple instances of TetrisLogic which act independently. To test this, we perform “interleave tests”: we instantiate two TetrisLogic objects with different board sizes and alternate between performing a step on one and a step on the other. If all is correct, the two games should progress exactly as they would if they were the only snake games being run. If this is not true, then there is likely some global state through which one game influences the other.   Hence if you fail this test but you passed the other full game test, then you have some global state. Running two instances of TetrisLogic/and alternately doing steps between them results in some interference.   " type="org.scalatest.exceptions.TestFailedException">org.scalatest.exceptions.TestFailedException: didPass was false
 Hint: It should be possible to “run” multiple games simultaneously, i.e., it should not be a problem to have multiple instances of TetrisLogic which act independently. To test this, we perform “interleave tests”: we instantiate two TetrisLogic objects with different board sizes and alternate between performing a step on one and a step on the other. If all is correct, the two games should progress exactly as they would if they were the only snake games being run. If this is not true, then there is likely some global state through which one game influences the other.   Hence if you fail this test but you passed the other full game test, then you have some global state. Running two instances of TetrisLogic/and alternately doing steps between them results in some interference.   
	at app//org.scalatest.Assertions.newAssertionFailedException(Assertions.scala:530)
	at app//org.scalatest.Assertions.newAssertionFailedException$(Assertions.scala:529)
	at app//org.scalatest.FunSuite.newAssertionFailedException(FunSuite.scala:1560)
	at app//org.scalatest.Assertions$AssertionsHelper.macroAssert(Assertions.scala:503)
	at app//generic.GameTestSuite.checkInterleave(GameTestSuite.scala:303)
	at app//tetris.TetrisTestSuiteBase.checkInterleave(TetrisTestSuiteBase.scala:109)
	at app//tetris.FullGameTests.$anonfun$new$5(FullGameTests.scala:5757)
	at app//scala.runtime.java8.JFunction0$mcV$sp.apply(JFunction0$mcV$sp.scala:18)
	at app//infrastructure.TestBase.$anonfun$test$1(TestBase.scala:36)
	at app//org.scalatest.OutcomeOf.outcomeOf(OutcomeOf.scala:85)
	at app//org.scalatest.OutcomeOf.outcomeOf$(OutcomeOf.scala:83)
	at app//org.scalatest.OutcomeOf$.outcomeOf(OutcomeOf.scala:104)
	at app//org.scalatest.Transformer.apply(Transformer.scala:22)
	at app//org.scalatest.Transformer.apply(Transformer.scala:20)
	at app//org.scalatest.FunSuiteLike$$anon$1.apply(FunSuiteLike.scala:186)
	at app//org.scalatest.TestSuite.withFixture(TestSuite.scala:196)
	at app//org.scalatest.TestSuite.withFixture$(TestSuite.scala:195)
	at app//infrastructure.TestBase.org$scalatest$concurrent$TimeLimitedTests$$super$withFixture(TestBase.scala:9)
	at app//org.scalatest.concurrent.TimeLimitedTests.$anonfun$withFixture$3(TimeLimitedTests.scala:154)
	at app//org.scalatest.enablers.Timed$$anon$1.timeoutAfter(Timed.scala:127)
	at app//org.scalatest.concurrent.TimeLimits.failAfterImpl(TimeLimits.scala:239)
	at app//org.scalatest.concurrent.TimeLimits.failAfterImpl$(TimeLimits.scala:233)
	at app//org.scalatest.concurrent.TimeLimits$.failAfterImpl(TimeLimits.scala:305)
	at app//org.scalatest.concurrent.TimeLimitedTests.withFixture(TimeLimitedTests.scala:153)
	at app//org.scalatest.concurrent.TimeLimitedTests.withFixture$(TimeLimitedTests.scala:150)
	at app//infrastructure.TestBase.withFixture(TestBase.scala:9)
	at app//org.scalatest.FunSuiteLike.invokeWithFixture$1(FunSuiteLike.scala:184)
	at app//org.scalatest.FunSuiteLike.$anonfun$runTest$1(FunSuiteLike.scala:196)
	at app//org.scalatest.SuperEngine.runTestImpl(Engine.scala:286)
	at app//org.scalatest.FunSuiteLike.runTest(FunSuiteLike.scala:196)
	at app//org.scalatest.FunSuiteLike.runTest$(FunSuiteLike.scala:178)
	at app//org.scalatest.FunSuite.runTest(FunSuite.scala:1560)
	at app//org.scalatest.FunSuiteLike.$anonfun$runTests$1(FunSuiteLike.scala:229)
	at app//org.scalatest.SuperEngine.$anonfun$runTestsInBranch$1(Engine.scala:393)
	at app//scala.collection.immutable.List.foreach(List.scala:333)
	at app//org.scalatest.SuperEngine.traverseSubNodes$1(Engine.scala:381)
	at app//org.scalatest.SuperEngine.runTestsInBranch(Engine.scala:376)
	at app//org.scalatest.SuperEngine.runTestsImpl(Engine.scala:458)
	at app//org.scalatest.FunSuiteLike.runTests(FunSuiteLike.scala:229)
	at app//org.scalatest.FunSuiteLike.runTests$(FunSuiteLike.scala:228)
	at app//org.scalatest.FunSuite.runTests(FunSuite.scala:1560)
	at app//org.scalatest.Suite.run(Suite.scala:1124)
	at app//org.scalatest.Suite.run$(Suite.scala:1106)
	at app//org.scalatest.FunSuite.org$scalatest$FunSuiteLike$$super$run(FunSuite.scala:1560)
	at app//org.scalatest.FunSuiteLike.$anonfun$run$1(FunSuiteLike.scala:233)
	at app//org.scalatest.SuperEngine.runImpl(Engine.scala:518)
	at app//org.scalatest.FunSuiteLike.run(FunSuiteLike.scala:233)
	at app//org.scalatest.FunSuiteLike.run$(FunSuiteLike.scala:232)
	at app//infrastructure.TestBase.run(TestBase.scala:26)
	at app//org.scalatest.Suite.callExecuteOnSuite$1(Suite.scala:1187)
	at app//org.scalatest.Suite.$anonfun$runNestedSuites$1(Suite.scala:1234)
	at app//scala.collection.ArrayOps$.foreach$extension(ArrayOps.scala:1323)
	at app//org.scalatest.Suite.runNestedSuites(Suite.scala:1232)
	at app//org.scalatest.Suite.runNestedSuites$(Suite.scala:1166)
	at app//org.scalatest.Suites.runNestedSuites(Suites.scala:56)
	at app//org.scalatest.Suite.run(Suite.scala:1121)
	at app//org.scalatest.Suite.run$(Suite.scala:1106)
	at app//tetris.TetrisTestSuitesBase.runDirect(TetrisTestSuitesBase.scala:20)
	at app//tetris.TetrisTestSuitesBase.runWithScoreCounter(TetrisTestSuitesBase.scala:14)
	at app//tetris.TetrisTestSuite3_2.run(TetrisTestSuite3_2.scala:25)
	at app//org.scalatestplus.junit.JUnitRunner.run(JUnitRunner.scala:99)
	at app//org.junit.runner.JUnitCore.run(JUnitCore.java:137)
	at app//org.junit.runner.JUnitCore.run(JUnitCore.java:115)
	at app//org.junit.vintage.engine.execution.RunnerExecutor.execute(RunnerExecutor.java:42)
	at app//org.junit.vintage.engine.VintageTestEngine.executeAllChildren(VintageTestEngine.java:80)
	at app//org.junit.vintage.engine.VintageTestEngine.execute(VintageTestEngine.java:72)
	at org.junit.platform.launcher.core.EngineExecutionOrchestrator.execute(EngineExecutionOrchestrator.java:107)
	at org.junit.platform.launcher.core.EngineExecutionOrchestrator.execute(EngineExecutionOrchestrator.java:88)
	at org.junit.platform.launcher.core.EngineExecutionOrchestrator.lambda$execute$0(EngineExecutionOrchestrator.java:54)
	at org.junit.platform.launcher.core.EngineExecutionOrchestrator.withInterceptedStreams(EngineExecutionOrchestrator.java:67)
	at org.junit.platform.launcher.core.EngineExecutionOrchestrator.execute(EngineExecutionOrchestrator.java:52)
	at org.junit.platform.launcher.core.DefaultLauncher.execute(DefaultLauncher.java:114)
	at org.junit.platform.launcher.core.DefaultLauncher.execute(DefaultLauncher.java:86)
	at org.junit.platform.launcher.core.DefaultLauncherSession$DelegatingLauncher.execute(DefaultLauncherSession.java:86)
	at org.junit.platform.launcher.core.SessionPerRequestLauncher.execute(SessionPerRequestLauncher.java:53)
	at org.gradle.api.internal.tasks.testing.junitplatform.JUnitPlatformTestClassProcessor$CollectAllTestClassesExecutor.processAllTestClasses(JUnitPlatformTestClassProcessor.java:99)
	at org.gradle.api.internal.tasks.testing.junitplatform.JUnitPlatformTestClassProcessor$CollectAllTestClassesExecutor.access$000(JUnitPlatformTestClassProcessor.java:79)
	at org.gradle.api.internal.tasks.testing.junitplatform.JUnitPlatformTestClassProcessor.stop(JUnitPlatformTestClassProcessor.java:75)
	at org.gradle.api.internal.tasks.testing.SuiteTestClassProcessor.stop(SuiteTestClassProcessor.java:61)
	at java.base@11.0.18/jdk.internal.reflect.NativeMethodAccessorImpl.invoke0(Native Method)
	at java.base@11.0.18/jdk.internal.reflect.NativeMethodAccessorImpl.invoke(NativeMethodAccessorImpl.java:62)
	at java.base@11.0.18/jdk.internal.reflect.DelegatingMethodAccessorImpl.invoke(DelegatingMethodAccessorImpl.java:43)
	at java.base@11.0.18/java.lang.reflect.Method.invoke(Method.java:566)
	at org.gradle.internal.dispatch.ReflectionDispatch.dispatch(ReflectionDispatch.java:36)
	at org.gradle.internal.dispatch.ReflectionDispatch.dispatch(ReflectionDispatch.java:24)
	at org.gradle.internal.dispatch.ContextClassLoaderDispatch.dispatch(ContextClassLoaderDispatch.java:33)
	at org.gradle.internal.dispatch.ProxyDispatchAdapter$DispatchingInvocationHandler.invoke(ProxyDispatchAdapter.java:94)
	at com.sun.proxy.$Proxy2.stop(Unknown Source)
	at org.gradle.api.internal.tasks.testing.worker.TestWorker$3.run(TestWorker.java:193)
	at org.gradle.api.internal.tasks.testing.worker.TestWorker.executeAndMaintainThreadName(TestWorker.java:129)
	at org.gradle.api.internal.tasks.testing.worker.TestWorker.execute(TestWorker.java:100)
	at org.gradle.api.internal.tasks.testing.worker.TestWorker.execute(TestWorker.java:60)
	at org.gradle.process.internal.worker.child.ActionExecutionWorker.execute(ActionExecutionWorker.java:56)
	at org.gradle.process.internal.worker.child.SystemApplicationClassLoaderWorker.call(SystemApplicationClassLoaderWorker.java:133)
	at org.gradle.process.internal.worker.child.SystemApplicationClassLoaderWorker.call(SystemApplicationClassLoaderWorker.java:71)
	at app//worker.org.gradle.process.internal.worker.GradleWorkerMain.run(GradleWorkerMain.java:69)
	at app//worker.org.gradle.process.internal.worker.GradleWorkerMain.main(GradleWorkerMain.java:74)
</failure>
  </testcase>
  <system-out><![CDATA[You got 0/50 points!
Your base grade for the tetris exercise will be : 0.00
]]></system-out>
  <system-err><![CDATA[]]></system-err>
</testsuite>
