<?xml version="1.0" encoding="UTF-8"?>
<testsuite name="tetris.ClearLinesTests" tests="5" skipped="0" failures="5" errors="0" timestamp="2023-09-20T14:21:58" hostname="LAPTOP-O5MRDU5L" time="0.099">
  <properties/>
  <testcase name="testClear1Line" classname="tetris.ClearLinesTests" time="0.004">
    <failure message="org.scalatest.exceptions.TestFailedException: didPass was false&#10;Hint: When a new tetromino is placed, any full lines are removed from the board. If a lines is&#10;removed, the lines above it are moved down to such that the line is replaced by the line above it.&#10;Empty lines are added to the top to ensure the game has the correct height.&#10;--------------------------------------------------------------------------------&#10;This is what went wrong:&#10;&#10;step=0, rand=4, actions=&lt;&gt;&#10;Want | Got ✗&#10;------------&#10;.SS  | III  &#10;SS.  | III  &#10;...  | III  &#10;...  | III  &#10;ZZ.  | III  &#10;&#10;step=1, rand=4, actions=&lt;RotateRight&gt;&#10;Want | Got ✗&#10;------------&#10;.S.  | III  &#10;.SS  | III  &#10;..S  | III  &#10;...  | III  &#10;ZZ.  | III  &#10;&#10;step=2, rand=4, actions=&lt;Down&gt;&#10;Want | Got ✗&#10;------------&#10;...  | III  &#10;.S.  | III  &#10;.SS  | III  &#10;..S  | III  &#10;ZZ.  | III  &#10;&#10;step=3, rand=4, actions=&lt;Down&gt;&#10;Want | Got ✗&#10;------------&#10;...  | III  &#10;...  | III  &#10;.S.  | III  &#10;.SS  | III  &#10;ZZS  | III  &#10;&#10;step=4, rand=4, actions=&lt;Down&gt;&#10;Want | Got ✗&#10;------------&#10;.SS  | III  &#10;SS.  | III  &#10;...  | III  &#10;.S.  | III  &#10;.SS  | III  &#10;&#10;" type="org.scalatest.exceptions.TestFailedException">org.scalatest.exceptions.TestFailedException: didPass was false
Hint: When a new tetromino is placed, any full lines are removed from the board. If a lines is
removed, the lines above it are moved down to such that the line is replaced by the line above it.
Empty lines are added to the top to ensure the game has the correct height.
--------------------------------------------------------------------------------
This is what went wrong:

step=0, rand=4, actions=&lt;&gt;
Want | Got ✗
------------
.SS  | III  
SS.  | III  
...  | III  
...  | III  
ZZ.  | III  

step=1, rand=4, actions=&lt;RotateRight&gt;
Want | Got ✗
------------
.S.  | III  
.SS  | III  
..S  | III  
...  | III  
ZZ.  | III  

step=2, rand=4, actions=&lt;Down&gt;
Want | Got ✗
------------
...  | III  
.S.  | III  
.SS  | III  
..S  | III  
ZZ.  | III  

step=3, rand=4, actions=&lt;Down&gt;
Want | Got ✗
------------
...  | III  
...  | III  
.S.  | III  
.SS  | III  
ZZS  | III  

step=4, rand=4, actions=&lt;Down&gt;
Want | Got ✗
------------
.SS  | III  
SS.  | III  
...  | III  
.S.  | III  
.SS  | III  


	at app//org.scalatest.Assertions.newAssertionFailedException(Assertions.scala:530)
	at app//org.scalatest.Assertions.newAssertionFailedException$(Assertions.scala:529)
	at app//org.scalatest.FunSuite.newAssertionFailedException(FunSuite.scala:1560)
	at app//org.scalatest.Assertions$AssertionsHelper.macroAssert(Assertions.scala:503)
	at app//generic.GameTestSuite.checkGame(GameTestSuite.scala:298)
	at app//tetris.TetrisTestSuiteBase.checkGame(TetrisTestSuiteBase.scala:106)
	at app//tetris.ClearLinesTests.$anonfun$new$1(ClearLinesTests.scala:42)
	at app//scala.runtime.java8.JFunction0$mcV$sp.apply(JFunction0$mcV$sp.scala:18)
	at app//infrastructure.TestBase.$anonfun$test$1(TestBase.scala:36)
	at app//org.scalatest.OutcomeOf.outcomeOf(OutcomeOf.scala:85)
	at app//org.scalatest.OutcomeOf.outcomeOf$(OutcomeOf.scala:83)
	at app//org.scalatest.OutcomeOf$.outcomeOf(OutcomeOf.scala:104)
	at app//org.scalatest.Transformer.apply(Transformer.scala:22)
	at app//org.scalatest.Transformer.apply(Transformer.scala:20)
	at app//org.scalatest.FunSuiteLike$$anon$1.apply(FunSuiteLike.scala:186)
	at app//org.scalatest.TestSuite.withFixture(TestSuite.scala:196)
	at app//org.scalatest.TestSuite.withFixture$(TestSuite.scala:195)
	at app//infrastructure.TestBase.org$scalatest$concurrent$TimeLimitedTests$$super$withFixture(TestBase.scala:9)
	at app//org.scalatest.concurrent.TimeLimitedTests.$anonfun$withFixture$3(TimeLimitedTests.scala:154)
	at app//org.scalatest.enablers.Timed$$anon$1.timeoutAfter(Timed.scala:127)
	at app//org.scalatest.concurrent.TimeLimits.failAfterImpl(TimeLimits.scala:239)
	at app//org.scalatest.concurrent.TimeLimits.failAfterImpl$(TimeLimits.scala:233)
	at app//org.scalatest.concurrent.TimeLimits$.failAfterImpl(TimeLimits.scala:305)
	at app//org.scalatest.concurrent.TimeLimitedTests.withFixture(TimeLimitedTests.scala:153)
	at app//org.scalatest.concurrent.TimeLimitedTests.withFixture$(TimeLimitedTests.scala:150)
	at app//infrastructure.TestBase.withFixture(TestBase.scala:9)
	at app//org.scalatest.FunSuiteLike.invokeWithFixture$1(FunSuiteLike.scala:184)
	at app//org.scalatest.FunSuiteLike.$anonfun$runTest$1(FunSuiteLike.scala:196)
	at app//org.scalatest.SuperEngine.runTestImpl(Engine.scala:286)
	at app//org.scalatest.FunSuiteLike.runTest(FunSuiteLike.scala:196)
	at app//org.scalatest.FunSuiteLike.runTest$(FunSuiteLike.scala:178)
	at app//org.scalatest.FunSuite.runTest(FunSuite.scala:1560)
	at app//org.scalatest.FunSuiteLike.$anonfun$runTests$1(FunSuiteLike.scala:229)
	at app//org.scalatest.SuperEngine.$anonfun$runTestsInBranch$1(Engine.scala:393)
	at app//scala.collection.immutable.List.foreach(List.scala:333)
	at app//org.scalatest.SuperEngine.traverseSubNodes$1(Engine.scala:381)
	at app//org.scalatest.SuperEngine.runTestsInBranch(Engine.scala:376)
	at app//org.scalatest.SuperEngine.runTestsImpl(Engine.scala:458)
	at app//org.scalatest.FunSuiteLike.runTests(FunSuiteLike.scala:229)
	at app//org.scalatest.FunSuiteLike.runTests$(FunSuiteLike.scala:228)
	at app//org.scalatest.FunSuite.runTests(FunSuite.scala:1560)
	at app//org.scalatest.Suite.run(Suite.scala:1124)
	at app//org.scalatest.Suite.run$(Suite.scala:1106)
	at app//org.scalatest.FunSuite.org$scalatest$FunSuiteLike$$super$run(FunSuite.scala:1560)
	at app//org.scalatest.FunSuiteLike.$anonfun$run$1(FunSuiteLike.scala:233)
	at app//org.scalatest.SuperEngine.runImpl(Engine.scala:518)
	at app//org.scalatest.FunSuiteLike.run(FunSuiteLike.scala:233)
	at app//org.scalatest.FunSuiteLike.run$(FunSuiteLike.scala:232)
	at app//infrastructure.TestBase.run(TestBase.scala:26)
	at app//org.scalatest.Suite.callExecuteOnSuite$1(Suite.scala:1187)
	at app//org.scalatest.Suite.$anonfun$runNestedSuites$1(Suite.scala:1234)
	at app//scala.collection.ArrayOps$.foreach$extension(ArrayOps.scala:1323)
	at app//org.scalatest.Suite.runNestedSuites(Suite.scala:1232)
	at app//org.scalatest.Suite.runNestedSuites$(Suite.scala:1166)
	at app//org.scalatest.Suites.runNestedSuites(Suites.scala:56)
	at app//org.scalatest.Suite.run(Suite.scala:1121)
	at app//org.scalatest.Suite.run$(Suite.scala:1106)
	at app//tetris.TetrisTestSuitesBase.runDirect(TetrisTestSuitesBase.scala:20)
	at app//tetris.TetrisTestSuitesBase.runWithScoreCounter(TetrisTestSuitesBase.scala:14)
	at app//tetris.TetrisTestSuite3_2.run(TetrisTestSuite3_2.scala:25)
	at app//org.scalatestplus.junit.JUnitRunner.run(JUnitRunner.scala:99)
	at app//org.junit.runner.JUnitCore.run(JUnitCore.java:137)
	at app//org.junit.runner.JUnitCore.run(JUnitCore.java:115)
	at app//org.junit.vintage.engine.execution.RunnerExecutor.execute(RunnerExecutor.java:42)
	at app//org.junit.vintage.engine.VintageTestEngine.executeAllChildren(VintageTestEngine.java:80)
	at app//org.junit.vintage.engine.VintageTestEngine.execute(VintageTestEngine.java:72)
	at org.junit.platform.launcher.core.EngineExecutionOrchestrator.execute(EngineExecutionOrchestrator.java:107)
	at org.junit.platform.launcher.core.EngineExecutionOrchestrator.execute(EngineExecutionOrchestrator.java:88)
	at org.junit.platform.launcher.core.EngineExecutionOrchestrator.lambda$execute$0(EngineExecutionOrchestrator.java:54)
	at org.junit.platform.launcher.core.EngineExecutionOrchestrator.withInterceptedStreams(EngineExecutionOrchestrator.java:67)
	at org.junit.platform.launcher.core.EngineExecutionOrchestrator.execute(EngineExecutionOrchestrator.java:52)
	at org.junit.platform.launcher.core.DefaultLauncher.execute(DefaultLauncher.java:114)
	at org.junit.platform.launcher.core.DefaultLauncher.execute(DefaultLauncher.java:86)
	at org.junit.platform.launcher.core.DefaultLauncherSession$DelegatingLauncher.execute(DefaultLauncherSession.java:86)
	at org.junit.platform.launcher.core.SessionPerRequestLauncher.execute(SessionPerRequestLauncher.java:53)
	at org.gradle.api.internal.tasks.testing.junitplatform.JUnitPlatformTestClassProcessor$CollectAllTestClassesExecutor.processAllTestClasses(JUnitPlatformTestClassProcessor.java:99)
	at org.gradle.api.internal.tasks.testing.junitplatform.JUnitPlatformTestClassProcessor$CollectAllTestClassesExecutor.access$000(JUnitPlatformTestClassProcessor.java:79)
	at org.gradle.api.internal.tasks.testing.junitplatform.JUnitPlatformTestClassProcessor.stop(JUnitPlatformTestClassProcessor.java:75)
	at org.gradle.api.internal.tasks.testing.SuiteTestClassProcessor.stop(SuiteTestClassProcessor.java:61)
	at java.base@11.0.18/jdk.internal.reflect.NativeMethodAccessorImpl.invoke0(Native Method)
	at java.base@11.0.18/jdk.internal.reflect.NativeMethodAccessorImpl.invoke(NativeMethodAccessorImpl.java:62)
	at java.base@11.0.18/jdk.internal.reflect.DelegatingMethodAccessorImpl.invoke(DelegatingMethodAccessorImpl.java:43)
	at java.base@11.0.18/java.lang.reflect.Method.invoke(Method.java:566)
	at org.gradle.internal.dispatch.ReflectionDispatch.dispatch(ReflectionDispatch.java:36)
	at org.gradle.internal.dispatch.ReflectionDispatch.dispatch(ReflectionDispatch.java:24)
	at org.gradle.internal.dispatch.ContextClassLoaderDispatch.dispatch(ContextClassLoaderDispatch.java:33)
	at org.gradle.internal.dispatch.ProxyDispatchAdapter$DispatchingInvocationHandler.invoke(ProxyDispatchAdapter.java:94)
	at com.sun.proxy.$Proxy2.stop(Unknown Source)
	at org.gradle.api.internal.tasks.testing.worker.TestWorker$3.run(TestWorker.java:193)
	at org.gradle.api.internal.tasks.testing.worker.TestWorker.executeAndMaintainThreadName(TestWorker.java:129)
	at org.gradle.api.internal.tasks.testing.worker.TestWorker.execute(TestWorker.java:100)
	at org.gradle.api.internal.tasks.testing.worker.TestWorker.execute(TestWorker.java:60)
	at org.gradle.process.internal.worker.child.ActionExecutionWorker.execute(ActionExecutionWorker.java:56)
	at org.gradle.process.internal.worker.child.SystemApplicationClassLoaderWorker.call(SystemApplicationClassLoaderWorker.java:133)
	at org.gradle.process.internal.worker.child.SystemApplicationClassLoaderWorker.call(SystemApplicationClassLoaderWorker.java:71)
	at app//worker.org.gradle.process.internal.worker.GradleWorkerMain.run(GradleWorkerMain.java:69)
	at app//worker.org.gradle.process.internal.worker.GradleWorkerMain.main(GradleWorkerMain.java:74)
</failure>
  </testcase>
  <testcase name="testClear1LineMiddle" classname="tetris.ClearLinesTests" time="0.042">
    <failure message="org.scalatest.exceptions.TestFailedException: didPass was false&#10;Hint: When a new tetromino is placed, any full lines are removed from the board. If a lines is&#10;removed, the lines above it are moved down to such that the line is replaced by the line above it.&#10;Empty lines are added to the top to ensure the game has the correct height.&#10;--------------------------------------------------------------------------------&#10;This is what went wrong:&#10;&#10;step=0, rand=0, actions=&lt;&gt;&#10;Want | Got ✗&#10;------------&#10;.... | IIII &#10;IIII | IIII &#10;.... | IIII &#10;.... | IIII &#10;.Z.. | IIII &#10;.Z.. | IIII &#10;ZZZ. | IIII &#10;ZZ.. | IIII &#10;Z.Z. | IIII &#10;&#10;step=1, rand=0, actions=&lt;RotateRight&gt;&#10;Want | Got ✗&#10;------------&#10;..I. | IIII &#10;..I. | IIII &#10;..I. | IIII &#10;..I. | IIII &#10;.Z.. | IIII &#10;.Z.. | IIII &#10;ZZZ. | IIII &#10;ZZ.. | IIII &#10;Z.Z. | IIII &#10;&#10;step=2, rand=0, actions=&lt;Right&gt;&#10;Want | Got ✗&#10;------------&#10;...I | IIII &#10;...I | IIII &#10;...I | IIII &#10;...I | IIII &#10;.Z.. | IIII &#10;.Z.. | IIII &#10;ZZZ. | IIII &#10;ZZ.. | IIII &#10;Z.Z. | IIII &#10;&#10;step=3, rand=0, actions=&lt;Down&gt;&#10;Want | Got ✗&#10;------------&#10;.... | IIII &#10;...I | IIII &#10;...I | IIII &#10;...I | IIII &#10;.Z.I | IIII &#10;.Z.. | IIII &#10;ZZZ. | IIII &#10;ZZ.. | IIII &#10;Z.Z. | IIII &#10;&#10;step=4, rand=0, actions=&lt;Down&gt;&#10;Want | Got ✗&#10;------------&#10;.... | IIII &#10;.... | IIII &#10;...I | IIII &#10;...I | IIII &#10;.Z.I | IIII &#10;.Z.I | IIII &#10;ZZZ. | IIII &#10;ZZ.. | IIII &#10;Z.Z. | IIII &#10;&#10;step=5, rand=0, actions=&lt;Down&gt;&#10;Want | Got ✗&#10;------------&#10;.... | IIII &#10;.... | IIII &#10;.... | IIII &#10;...I | IIII &#10;.Z.I | IIII &#10;.Z.I | IIII &#10;ZZZI | IIII &#10;ZZ.. | IIII &#10;Z.Z. | IIII &#10;&#10;step=6, rand=0, actions=&lt;Down&gt;&#10;Want | Got ✗&#10;------------&#10;.... | IIII &#10;.... | IIII &#10;.... | IIII &#10;.... | IIII &#10;.Z.I | IIII &#10;.Z.I | IIII &#10;ZZZI | IIII &#10;ZZ.I | IIII &#10;Z.Z. | IIII &#10;&#10;step=7, rand=0, actions=&lt;Down&gt;&#10;Want | Got ✗&#10;------------&#10;.... | IIII &#10;.... | IIII &#10;.... | IIII &#10;.... | IIII &#10;.Z.. | IIII &#10;.Z.I | IIII &#10;ZZZI | IIII &#10;ZZ.I | IIII &#10;Z.ZI | IIII &#10;&#10;step=8, rand=0, actions=&lt;Down&gt;&#10;Want | Got ✗&#10;------------&#10;.... | IIII &#10;IIII | IIII &#10;.... | IIII &#10;.... | IIII &#10;.... | IIII &#10;.Z.. | IIII &#10;.Z.I | IIII &#10;ZZ.I | IIII &#10;Z.ZI | IIII &#10;&#10;" type="org.scalatest.exceptions.TestFailedException">org.scalatest.exceptions.TestFailedException: didPass was false
Hint: When a new tetromino is placed, any full lines are removed from the board. If a lines is
removed, the lines above it are moved down to such that the line is replaced by the line above it.
Empty lines are added to the top to ensure the game has the correct height.
--------------------------------------------------------------------------------
This is what went wrong:

step=0, rand=0, actions=&lt;&gt;
Want | Got ✗
------------
.... | IIII 
IIII | IIII 
.... | IIII 
.... | IIII 
.Z.. | IIII 
.Z.. | IIII 
ZZZ. | IIII 
ZZ.. | IIII 
Z.Z. | IIII 

step=1, rand=0, actions=&lt;RotateRight&gt;
Want | Got ✗
------------
..I. | IIII 
..I. | IIII 
..I. | IIII 
..I. | IIII 
.Z.. | IIII 
.Z.. | IIII 
ZZZ. | IIII 
ZZ.. | IIII 
Z.Z. | IIII 

step=2, rand=0, actions=&lt;Right&gt;
Want | Got ✗
------------
...I | IIII 
...I | IIII 
...I | IIII 
...I | IIII 
.Z.. | IIII 
.Z.. | IIII 
ZZZ. | IIII 
ZZ.. | IIII 
Z.Z. | IIII 

step=3, rand=0, actions=&lt;Down&gt;
Want | Got ✗
------------
.... | IIII 
...I | IIII 
...I | IIII 
...I | IIII 
.Z.I | IIII 
.Z.. | IIII 
ZZZ. | IIII 
ZZ.. | IIII 
Z.Z. | IIII 

step=4, rand=0, actions=&lt;Down&gt;
Want | Got ✗
------------
.... | IIII 
.... | IIII 
...I | IIII 
...I | IIII 
.Z.I | IIII 
.Z.I | IIII 
ZZZ. | IIII 
ZZ.. | IIII 
Z.Z. | IIII 

step=5, rand=0, actions=&lt;Down&gt;
Want | Got ✗
------------
.... | IIII 
.... | IIII 
.... | IIII 
...I | IIII 
.Z.I | IIII 
.Z.I | IIII 
ZZZI | IIII 
ZZ.. | IIII 
Z.Z. | IIII 

step=6, rand=0, actions=&lt;Down&gt;
Want | Got ✗
------------
.... | IIII 
.... | IIII 
.... | IIII 
.... | IIII 
.Z.I | IIII 
.Z.I | IIII 
ZZZI | IIII 
ZZ.I | IIII 
Z.Z. | IIII 

step=7, rand=0, actions=&lt;Down&gt;
Want | Got ✗
------------
.... | IIII 
.... | IIII 
.... | IIII 
.... | IIII 
.Z.. | IIII 
.Z.I | IIII 
ZZZI | IIII 
ZZ.I | IIII 
Z.ZI | IIII 

step=8, rand=0, actions=&lt;Down&gt;
Want | Got ✗
------------
.... | IIII 
IIII | IIII 
.... | IIII 
.... | IIII 
.... | IIII 
.Z.. | IIII 
.Z.I | IIII 
ZZ.I | IIII 
Z.ZI | IIII 


	at app//org.scalatest.Assertions.newAssertionFailedException(Assertions.scala:530)
	at app//org.scalatest.Assertions.newAssertionFailedException$(Assertions.scala:529)
	at app//org.scalatest.FunSuite.newAssertionFailedException(FunSuite.scala:1560)
	at app//org.scalatest.Assertions$AssertionsHelper.macroAssert(Assertions.scala:503)
	at app//generic.GameTestSuite.checkGame(GameTestSuite.scala:298)
	at app//tetris.TetrisTestSuiteBase.checkGame(TetrisTestSuiteBase.scala:106)
	at app//tetris.ClearLinesTests.$anonfun$new$2(ClearLinesTests.scala:147)
	at app//scala.runtime.java8.JFunction0$mcV$sp.apply(JFunction0$mcV$sp.scala:18)
	at app//infrastructure.TestBase.$anonfun$test$1(TestBase.scala:36)
	at app//org.scalatest.OutcomeOf.outcomeOf(OutcomeOf.scala:85)
	at app//org.scalatest.OutcomeOf.outcomeOf$(OutcomeOf.scala:83)
	at app//org.scalatest.OutcomeOf$.outcomeOf(OutcomeOf.scala:104)
	at app//org.scalatest.Transformer.apply(Transformer.scala:22)
	at app//org.scalatest.Transformer.apply(Transformer.scala:20)
	at app//org.scalatest.FunSuiteLike$$anon$1.apply(FunSuiteLike.scala:186)
	at app//org.scalatest.TestSuite.withFixture(TestSuite.scala:196)
	at app//org.scalatest.TestSuite.withFixture$(TestSuite.scala:195)
	at app//infrastructure.TestBase.org$scalatest$concurrent$TimeLimitedTests$$super$withFixture(TestBase.scala:9)
	at app//org.scalatest.concurrent.TimeLimitedTests.$anonfun$withFixture$3(TimeLimitedTests.scala:154)
	at app//org.scalatest.enablers.Timed$$anon$1.timeoutAfter(Timed.scala:127)
	at app//org.scalatest.concurrent.TimeLimits.failAfterImpl(TimeLimits.scala:239)
	at app//org.scalatest.concurrent.TimeLimits.failAfterImpl$(TimeLimits.scala:233)
	at app//org.scalatest.concurrent.TimeLimits$.failAfterImpl(TimeLimits.scala:305)
	at app//org.scalatest.concurrent.TimeLimitedTests.withFixture(TimeLimitedTests.scala:153)
	at app//org.scalatest.concurrent.TimeLimitedTests.withFixture$(TimeLimitedTests.scala:150)
	at app//infrastructure.TestBase.withFixture(TestBase.scala:9)
	at app//org.scalatest.FunSuiteLike.invokeWithFixture$1(FunSuiteLike.scala:184)
	at app//org.scalatest.FunSuiteLike.$anonfun$runTest$1(FunSuiteLike.scala:196)
	at app//org.scalatest.SuperEngine.runTestImpl(Engine.scala:286)
	at app//org.scalatest.FunSuiteLike.runTest(FunSuiteLike.scala:196)
	at app//org.scalatest.FunSuiteLike.runTest$(FunSuiteLike.scala:178)
	at app//org.scalatest.FunSuite.runTest(FunSuite.scala:1560)
	at app//org.scalatest.FunSuiteLike.$anonfun$runTests$1(FunSuiteLike.scala:229)
	at app//org.scalatest.SuperEngine.$anonfun$runTestsInBranch$1(Engine.scala:393)
	at app//scala.collection.immutable.List.foreach(List.scala:333)
	at app//org.scalatest.SuperEngine.traverseSubNodes$1(Engine.scala:381)
	at app//org.scalatest.SuperEngine.runTestsInBranch(Engine.scala:376)
	at app//org.scalatest.SuperEngine.runTestsImpl(Engine.scala:458)
	at app//org.scalatest.FunSuiteLike.runTests(FunSuiteLike.scala:229)
	at app//org.scalatest.FunSuiteLike.runTests$(FunSuiteLike.scala:228)
	at app//org.scalatest.FunSuite.runTests(FunSuite.scala:1560)
	at app//org.scalatest.Suite.run(Suite.scala:1124)
	at app//org.scalatest.Suite.run$(Suite.scala:1106)
	at app//org.scalatest.FunSuite.org$scalatest$FunSuiteLike$$super$run(FunSuite.scala:1560)
	at app//org.scalatest.FunSuiteLike.$anonfun$run$1(FunSuiteLike.scala:233)
	at app//org.scalatest.SuperEngine.runImpl(Engine.scala:518)
	at app//org.scalatest.FunSuiteLike.run(FunSuiteLike.scala:233)
	at app//org.scalatest.FunSuiteLike.run$(FunSuiteLike.scala:232)
	at app//infrastructure.TestBase.run(TestBase.scala:26)
	at app//org.scalatest.Suite.callExecuteOnSuite$1(Suite.scala:1187)
	at app//org.scalatest.Suite.$anonfun$runNestedSuites$1(Suite.scala:1234)
	at app//scala.collection.ArrayOps$.foreach$extension(ArrayOps.scala:1323)
	at app//org.scalatest.Suite.runNestedSuites(Suite.scala:1232)
	at app//org.scalatest.Suite.runNestedSuites$(Suite.scala:1166)
	at app//org.scalatest.Suites.runNestedSuites(Suites.scala:56)
	at app//org.scalatest.Suite.run(Suite.scala:1121)
	at app//org.scalatest.Suite.run$(Suite.scala:1106)
	at app//tetris.TetrisTestSuitesBase.runDirect(TetrisTestSuitesBase.scala:20)
	at app//tetris.TetrisTestSuitesBase.runWithScoreCounter(TetrisTestSuitesBase.scala:14)
	at app//tetris.TetrisTestSuite3_2.run(TetrisTestSuite3_2.scala:25)
	at app//org.scalatestplus.junit.JUnitRunner.run(JUnitRunner.scala:99)
	at app//org.junit.runner.JUnitCore.run(JUnitCore.java:137)
	at app//org.junit.runner.JUnitCore.run(JUnitCore.java:115)
	at app//org.junit.vintage.engine.execution.RunnerExecutor.execute(RunnerExecutor.java:42)
	at app//org.junit.vintage.engine.VintageTestEngine.executeAllChildren(VintageTestEngine.java:80)
	at app//org.junit.vintage.engine.VintageTestEngine.execute(VintageTestEngine.java:72)
	at org.junit.platform.launcher.core.EngineExecutionOrchestrator.execute(EngineExecutionOrchestrator.java:107)
	at org.junit.platform.launcher.core.EngineExecutionOrchestrator.execute(EngineExecutionOrchestrator.java:88)
	at org.junit.platform.launcher.core.EngineExecutionOrchestrator.lambda$execute$0(EngineExecutionOrchestrator.java:54)
	at org.junit.platform.launcher.core.EngineExecutionOrchestrator.withInterceptedStreams(EngineExecutionOrchestrator.java:67)
	at org.junit.platform.launcher.core.EngineExecutionOrchestrator.execute(EngineExecutionOrchestrator.java:52)
	at org.junit.platform.launcher.core.DefaultLauncher.execute(DefaultLauncher.java:114)
	at org.junit.platform.launcher.core.DefaultLauncher.execute(DefaultLauncher.java:86)
	at org.junit.platform.launcher.core.DefaultLauncherSession$DelegatingLauncher.execute(DefaultLauncherSession.java:86)
	at org.junit.platform.launcher.core.SessionPerRequestLauncher.execute(SessionPerRequestLauncher.java:53)
	at org.gradle.api.internal.tasks.testing.junitplatform.JUnitPlatformTestClassProcessor$CollectAllTestClassesExecutor.processAllTestClasses(JUnitPlatformTestClassProcessor.java:99)
	at org.gradle.api.internal.tasks.testing.junitplatform.JUnitPlatformTestClassProcessor$CollectAllTestClassesExecutor.access$000(JUnitPlatformTestClassProcessor.java:79)
	at org.gradle.api.internal.tasks.testing.junitplatform.JUnitPlatformTestClassProcessor.stop(JUnitPlatformTestClassProcessor.java:75)
	at org.gradle.api.internal.tasks.testing.SuiteTestClassProcessor.stop(SuiteTestClassProcessor.java:61)
	at java.base@11.0.18/jdk.internal.reflect.NativeMethodAccessorImpl.invoke0(Native Method)
	at java.base@11.0.18/jdk.internal.reflect.NativeMethodAccessorImpl.invoke(NativeMethodAccessorImpl.java:62)
	at java.base@11.0.18/jdk.internal.reflect.DelegatingMethodAccessorImpl.invoke(DelegatingMethodAccessorImpl.java:43)
	at java.base@11.0.18/java.lang.reflect.Method.invoke(Method.java:566)
	at org.gradle.internal.dispatch.ReflectionDispatch.dispatch(ReflectionDispatch.java:36)
	at org.gradle.internal.dispatch.ReflectionDispatch.dispatch(ReflectionDispatch.java:24)
	at org.gradle.internal.dispatch.ContextClassLoaderDispatch.dispatch(ContextClassLoaderDispatch.java:33)
	at org.gradle.internal.dispatch.ProxyDispatchAdapter$DispatchingInvocationHandler.invoke(ProxyDispatchAdapter.java:94)
	at com.sun.proxy.$Proxy2.stop(Unknown Source)
	at org.gradle.api.internal.tasks.testing.worker.TestWorker$3.run(TestWorker.java:193)
	at org.gradle.api.internal.tasks.testing.worker.TestWorker.executeAndMaintainThreadName(TestWorker.java:129)
	at org.gradle.api.internal.tasks.testing.worker.TestWorker.execute(TestWorker.java:100)
	at org.gradle.api.internal.tasks.testing.worker.TestWorker.execute(TestWorker.java:60)
	at org.gradle.process.internal.worker.child.ActionExecutionWorker.execute(ActionExecutionWorker.java:56)
	at org.gradle.process.internal.worker.child.SystemApplicationClassLoaderWorker.call(SystemApplicationClassLoaderWorker.java:133)
	at org.gradle.process.internal.worker.child.SystemApplicationClassLoaderWorker.call(SystemApplicationClassLoaderWorker.java:71)
	at app//worker.org.gradle.process.internal.worker.GradleWorkerMain.run(GradleWorkerMain.java:69)
	at app//worker.org.gradle.process.internal.worker.GradleWorkerMain.main(GradleWorkerMain.java:74)
</failure>
  </testcase>
  <testcase name="testClear2Lines" classname="tetris.ClearLinesTests" time="0.009">
    <failure message="org.scalatest.exceptions.TestFailedException: didPass was false&#10;Hint: When a new tetromino is placed, any full lines are removed from the board. If a lines is&#10;removed, the lines above it are moved down to such that the line is replaced by the line above it.&#10;Empty lines are added to the top to ensure the game has the correct height.&#10;--------------------------------------------------------------------------------&#10;This is what went wrong:&#10;&#10;step=0, rand=0, actions=&lt;&gt;&#10;Want | Got ✗&#10;------------&#10;.... | IIII &#10;IIII | IIII &#10;.... | IIII &#10;.... | IIII &#10;ZZZ. | IIII &#10;.Z.. | IIII &#10;ZZZ. | IIII &#10;Z.Z. | IIII &#10;&#10;step=1, rand=0, actions=&lt;RotateRight&gt;&#10;Want | Got ✗&#10;------------&#10;..I. | IIII &#10;..I. | IIII &#10;..I. | IIII &#10;..I. | IIII &#10;ZZZ. | IIII &#10;.Z.. | IIII &#10;ZZZ. | IIII &#10;Z.Z. | IIII &#10;&#10;step=2, rand=0, actions=&lt;Right&gt;&#10;Want | Got ✗&#10;------------&#10;...I | IIII &#10;...I | IIII &#10;...I | IIII &#10;...I | IIII &#10;ZZZ. | IIII &#10;.Z.. | IIII &#10;ZZZ. | IIII &#10;Z.Z. | IIII &#10;&#10;step=3, rand=0, actions=&lt;Down&gt;&#10;Want | Got ✗&#10;------------&#10;.... | IIII &#10;...I | IIII &#10;...I | IIII &#10;...I | IIII &#10;ZZZI | IIII &#10;.Z.. | IIII &#10;ZZZ. | IIII &#10;Z.Z. | IIII &#10;&#10;step=4, rand=0, actions=&lt;Down&gt;&#10;Want | Got ✗&#10;------------&#10;.... | IIII &#10;.... | IIII &#10;...I | IIII &#10;...I | IIII &#10;ZZZI | IIII &#10;.Z.I | IIII &#10;ZZZ. | IIII &#10;Z.Z. | IIII &#10;&#10;step=5, rand=0, actions=&lt;Down&gt;&#10;Want | Got ✗&#10;------------&#10;.... | IIII &#10;.... | IIII &#10;.... | IIII &#10;...I | IIII &#10;ZZZI | IIII &#10;.Z.I | IIII &#10;ZZZI | IIII &#10;Z.Z. | IIII &#10;&#10;step=6, rand=0, actions=&lt;Down&gt;&#10;Want | Got ✗&#10;------------&#10;.... | IIII &#10;.... | IIII &#10;.... | IIII &#10;.... | IIII &#10;ZZZI | IIII &#10;.Z.I | IIII &#10;ZZZI | IIII &#10;Z.ZI | IIII &#10;&#10;step=7, rand=0, actions=&lt;Down&gt;&#10;Want | Got ✗&#10;------------&#10;.... | IIII &#10;IIII | IIII &#10;.... | IIII &#10;.... | IIII &#10;.... | IIII &#10;.... | IIII &#10;.Z.I | IIII &#10;Z.ZI | IIII &#10;&#10;" type="org.scalatest.exceptions.TestFailedException">org.scalatest.exceptions.TestFailedException: didPass was false
Hint: When a new tetromino is placed, any full lines are removed from the board. If a lines is
removed, the lines above it are moved down to such that the line is replaced by the line above it.
Empty lines are added to the top to ensure the game has the correct height.
--------------------------------------------------------------------------------
This is what went wrong:

step=0, rand=0, actions=&lt;&gt;
Want | Got ✗
------------
.... | IIII 
IIII | IIII 
.... | IIII 
.... | IIII 
ZZZ. | IIII 
.Z.. | IIII 
ZZZ. | IIII 
Z.Z. | IIII 

step=1, rand=0, actions=&lt;RotateRight&gt;
Want | Got ✗
------------
..I. | IIII 
..I. | IIII 
..I. | IIII 
..I. | IIII 
ZZZ. | IIII 
.Z.. | IIII 
ZZZ. | IIII 
Z.Z. | IIII 

step=2, rand=0, actions=&lt;Right&gt;
Want | Got ✗
------------
...I | IIII 
...I | IIII 
...I | IIII 
...I | IIII 
ZZZ. | IIII 
.Z.. | IIII 
ZZZ. | IIII 
Z.Z. | IIII 

step=3, rand=0, actions=&lt;Down&gt;
Want | Got ✗
------------
.... | IIII 
...I | IIII 
...I | IIII 
...I | IIII 
ZZZI | IIII 
.Z.. | IIII 
ZZZ. | IIII 
Z.Z. | IIII 

step=4, rand=0, actions=&lt;Down&gt;
Want | Got ✗
------------
.... | IIII 
.... | IIII 
...I | IIII 
...I | IIII 
ZZZI | IIII 
.Z.I | IIII 
ZZZ. | IIII 
Z.Z. | IIII 

step=5, rand=0, actions=&lt;Down&gt;
Want | Got ✗
------------
.... | IIII 
.... | IIII 
.... | IIII 
...I | IIII 
ZZZI | IIII 
.Z.I | IIII 
ZZZI | IIII 
Z.Z. | IIII 

step=6, rand=0, actions=&lt;Down&gt;
Want | Got ✗
------------
.... | IIII 
.... | IIII 
.... | IIII 
.... | IIII 
ZZZI | IIII 
.Z.I | IIII 
ZZZI | IIII 
Z.ZI | IIII 

step=7, rand=0, actions=&lt;Down&gt;
Want | Got ✗
------------
.... | IIII 
IIII | IIII 
.... | IIII 
.... | IIII 
.... | IIII 
.... | IIII 
.Z.I | IIII 
Z.ZI | IIII 


	at app//org.scalatest.Assertions.newAssertionFailedException(Assertions.scala:530)
	at app//org.scalatest.Assertions.newAssertionFailedException$(Assertions.scala:529)
	at app//org.scalatest.FunSuite.newAssertionFailedException(FunSuite.scala:1560)
	at app//org.scalatest.Assertions$AssertionsHelper.macroAssert(Assertions.scala:503)
	at app//generic.GameTestSuite.checkGame(GameTestSuite.scala:298)
	at app//tetris.TetrisTestSuiteBase.checkGame(TetrisTestSuiteBase.scala:106)
	at app//tetris.ClearLinesTests.$anonfun$new$3(ClearLinesTests.scala:233)
	at app//scala.runtime.java8.JFunction0$mcV$sp.apply(JFunction0$mcV$sp.scala:18)
	at app//infrastructure.TestBase.$anonfun$test$1(TestBase.scala:36)
	at app//org.scalatest.OutcomeOf.outcomeOf(OutcomeOf.scala:85)
	at app//org.scalatest.OutcomeOf.outcomeOf$(OutcomeOf.scala:83)
	at app//org.scalatest.OutcomeOf$.outcomeOf(OutcomeOf.scala:104)
	at app//org.scalatest.Transformer.apply(Transformer.scala:22)
	at app//org.scalatest.Transformer.apply(Transformer.scala:20)
	at app//org.scalatest.FunSuiteLike$$anon$1.apply(FunSuiteLike.scala:186)
	at app//org.scalatest.TestSuite.withFixture(TestSuite.scala:196)
	at app//org.scalatest.TestSuite.withFixture$(TestSuite.scala:195)
	at app//infrastructure.TestBase.org$scalatest$concurrent$TimeLimitedTests$$super$withFixture(TestBase.scala:9)
	at app//org.scalatest.concurrent.TimeLimitedTests.$anonfun$withFixture$3(TimeLimitedTests.scala:154)
	at app//org.scalatest.enablers.Timed$$anon$1.timeoutAfter(Timed.scala:127)
	at app//org.scalatest.concurrent.TimeLimits.failAfterImpl(TimeLimits.scala:239)
	at app//org.scalatest.concurrent.TimeLimits.failAfterImpl$(TimeLimits.scala:233)
	at app//org.scalatest.concurrent.TimeLimits$.failAfterImpl(TimeLimits.scala:305)
	at app//org.scalatest.concurrent.TimeLimitedTests.withFixture(TimeLimitedTests.scala:153)
	at app//org.scalatest.concurrent.TimeLimitedTests.withFixture$(TimeLimitedTests.scala:150)
	at app//infrastructure.TestBase.withFixture(TestBase.scala:9)
	at app//org.scalatest.FunSuiteLike.invokeWithFixture$1(FunSuiteLike.scala:184)
	at app//org.scalatest.FunSuiteLike.$anonfun$runTest$1(FunSuiteLike.scala:196)
	at app//org.scalatest.SuperEngine.runTestImpl(Engine.scala:286)
	at app//org.scalatest.FunSuiteLike.runTest(FunSuiteLike.scala:196)
	at app//org.scalatest.FunSuiteLike.runTest$(FunSuiteLike.scala:178)
	at app//org.scalatest.FunSuite.runTest(FunSuite.scala:1560)
	at app//org.scalatest.FunSuiteLike.$anonfun$runTests$1(FunSuiteLike.scala:229)
	at app//org.scalatest.SuperEngine.$anonfun$runTestsInBranch$1(Engine.scala:393)
	at app//scala.collection.immutable.List.foreach(List.scala:333)
	at app//org.scalatest.SuperEngine.traverseSubNodes$1(Engine.scala:381)
	at app//org.scalatest.SuperEngine.runTestsInBranch(Engine.scala:376)
	at app//org.scalatest.SuperEngine.runTestsImpl(Engine.scala:458)
	at app//org.scalatest.FunSuiteLike.runTests(FunSuiteLike.scala:229)
	at app//org.scalatest.FunSuiteLike.runTests$(FunSuiteLike.scala:228)
	at app//org.scalatest.FunSuite.runTests(FunSuite.scala:1560)
	at app//org.scalatest.Suite.run(Suite.scala:1124)
	at app//org.scalatest.Suite.run$(Suite.scala:1106)
	at app//org.scalatest.FunSuite.org$scalatest$FunSuiteLike$$super$run(FunSuite.scala:1560)
	at app//org.scalatest.FunSuiteLike.$anonfun$run$1(FunSuiteLike.scala:233)
	at app//org.scalatest.SuperEngine.runImpl(Engine.scala:518)
	at app//org.scalatest.FunSuiteLike.run(FunSuiteLike.scala:233)
	at app//org.scalatest.FunSuiteLike.run$(FunSuiteLike.scala:232)
	at app//infrastructure.TestBase.run(TestBase.scala:26)
	at app//org.scalatest.Suite.callExecuteOnSuite$1(Suite.scala:1187)
	at app//org.scalatest.Suite.$anonfun$runNestedSuites$1(Suite.scala:1234)
	at app//scala.collection.ArrayOps$.foreach$extension(ArrayOps.scala:1323)
	at app//org.scalatest.Suite.runNestedSuites(Suite.scala:1232)
	at app//org.scalatest.Suite.runNestedSuites$(Suite.scala:1166)
	at app//org.scalatest.Suites.runNestedSuites(Suites.scala:56)
	at app//org.scalatest.Suite.run(Suite.scala:1121)
	at app//org.scalatest.Suite.run$(Suite.scala:1106)
	at app//tetris.TetrisTestSuitesBase.runDirect(TetrisTestSuitesBase.scala:20)
	at app//tetris.TetrisTestSuitesBase.runWithScoreCounter(TetrisTestSuitesBase.scala:14)
	at app//tetris.TetrisTestSuite3_2.run(TetrisTestSuite3_2.scala:25)
	at app//org.scalatestplus.junit.JUnitRunner.run(JUnitRunner.scala:99)
	at app//org.junit.runner.JUnitCore.run(JUnitCore.java:137)
	at app//org.junit.runner.JUnitCore.run(JUnitCore.java:115)
	at app//org.junit.vintage.engine.execution.RunnerExecutor.execute(RunnerExecutor.java:42)
	at app//org.junit.vintage.engine.VintageTestEngine.executeAllChildren(VintageTestEngine.java:80)
	at app//org.junit.vintage.engine.VintageTestEngine.execute(VintageTestEngine.java:72)
	at org.junit.platform.launcher.core.EngineExecutionOrchestrator.execute(EngineExecutionOrchestrator.java:107)
	at org.junit.platform.launcher.core.EngineExecutionOrchestrator.execute(EngineExecutionOrchestrator.java:88)
	at org.junit.platform.launcher.core.EngineExecutionOrchestrator.lambda$execute$0(EngineExecutionOrchestrator.java:54)
	at org.junit.platform.launcher.core.EngineExecutionOrchestrator.withInterceptedStreams(EngineExecutionOrchestrator.java:67)
	at org.junit.platform.launcher.core.EngineExecutionOrchestrator.execute(EngineExecutionOrchestrator.java:52)
	at org.junit.platform.launcher.core.DefaultLauncher.execute(DefaultLauncher.java:114)
	at org.junit.platform.launcher.core.DefaultLauncher.execute(DefaultLauncher.java:86)
	at org.junit.platform.launcher.core.DefaultLauncherSession$DelegatingLauncher.execute(DefaultLauncherSession.java:86)
	at org.junit.platform.launcher.core.SessionPerRequestLauncher.execute(SessionPerRequestLauncher.java:53)
	at org.gradle.api.internal.tasks.testing.junitplatform.JUnitPlatformTestClassProcessor$CollectAllTestClassesExecutor.processAllTestClasses(JUnitPlatformTestClassProcessor.java:99)
	at org.gradle.api.internal.tasks.testing.junitplatform.JUnitPlatformTestClassProcessor$CollectAllTestClassesExecutor.access$000(JUnitPlatformTestClassProcessor.java:79)
	at org.gradle.api.internal.tasks.testing.junitplatform.JUnitPlatformTestClassProcessor.stop(JUnitPlatformTestClassProcessor.java:75)
	at org.gradle.api.internal.tasks.testing.SuiteTestClassProcessor.stop(SuiteTestClassProcessor.java:61)
	at java.base@11.0.18/jdk.internal.reflect.NativeMethodAccessorImpl.invoke0(Native Method)
	at java.base@11.0.18/jdk.internal.reflect.NativeMethodAccessorImpl.invoke(NativeMethodAccessorImpl.java:62)
	at java.base@11.0.18/jdk.internal.reflect.DelegatingMethodAccessorImpl.invoke(DelegatingMethodAccessorImpl.java:43)
	at java.base@11.0.18/java.lang.reflect.Method.invoke(Method.java:566)
	at org.gradle.internal.dispatch.ReflectionDispatch.dispatch(ReflectionDispatch.java:36)
	at org.gradle.internal.dispatch.ReflectionDispatch.dispatch(ReflectionDispatch.java:24)
	at org.gradle.internal.dispatch.ContextClassLoaderDispatch.dispatch(ContextClassLoaderDispatch.java:33)
	at org.gradle.internal.dispatch.ProxyDispatchAdapter$DispatchingInvocationHandler.invoke(ProxyDispatchAdapter.java:94)
	at com.sun.proxy.$Proxy2.stop(Unknown Source)
	at org.gradle.api.internal.tasks.testing.worker.TestWorker$3.run(TestWorker.java:193)
	at org.gradle.api.internal.tasks.testing.worker.TestWorker.executeAndMaintainThreadName(TestWorker.java:129)
	at org.gradle.api.internal.tasks.testing.worker.TestWorker.execute(TestWorker.java:100)
	at org.gradle.api.internal.tasks.testing.worker.TestWorker.execute(TestWorker.java:60)
	at org.gradle.process.internal.worker.child.ActionExecutionWorker.execute(ActionExecutionWorker.java:56)
	at org.gradle.process.internal.worker.child.SystemApplicationClassLoaderWorker.call(SystemApplicationClassLoaderWorker.java:133)
	at org.gradle.process.internal.worker.child.SystemApplicationClassLoaderWorker.call(SystemApplicationClassLoaderWorker.java:71)
	at app//worker.org.gradle.process.internal.worker.GradleWorkerMain.run(GradleWorkerMain.java:69)
	at app//worker.org.gradle.process.internal.worker.GradleWorkerMain.main(GradleWorkerMain.java:74)
</failure>
  </testcase>
  <testcase name="testClear3Lines" classname="tetris.ClearLinesTests" time="0.011">
    <failure message="org.scalatest.exceptions.TestFailedException: didPass was false&#10;Hint: When a new tetromino is placed, any full lines are removed from the board. If a lines is&#10;removed, the lines above it are moved down to such that the line is replaced by the line above it.&#10;Empty lines are added to the top to ensure the game has the correct height.&#10;--------------------------------------------------------------------------------&#10;This is what went wrong:&#10;&#10;step=0, rand=0, actions=&lt;&gt;&#10;Want | Got ✗&#10;------------&#10;.... | IIII &#10;IIII | IIII &#10;.... | IIII &#10;.... | IIII &#10;ZZZ. | IIII &#10;.Z.. | IIII &#10;ZZZ. | IIII &#10;ZZZ. | IIII &#10;&#10;step=1, rand=0, actions=&lt;RotateRight&gt;&#10;Want | Got ✗&#10;------------&#10;..I. | IIII &#10;..I. | IIII &#10;..I. | IIII &#10;..I. | IIII &#10;ZZZ. | IIII &#10;.Z.. | IIII &#10;ZZZ. | IIII &#10;ZZZ. | IIII &#10;&#10;step=2, rand=0, actions=&lt;Right&gt;&#10;Want | Got ✗&#10;------------&#10;...I | IIII &#10;...I | IIII &#10;...I | IIII &#10;...I | IIII &#10;ZZZ. | IIII &#10;.Z.. | IIII &#10;ZZZ. | IIII &#10;ZZZ. | IIII &#10;&#10;step=3, rand=0, actions=&lt;Down&gt;&#10;Want | Got ✗&#10;------------&#10;.... | IIII &#10;...I | IIII &#10;...I | IIII &#10;...I | IIII &#10;ZZZI | IIII &#10;.Z.. | IIII &#10;ZZZ. | IIII &#10;ZZZ. | IIII &#10;&#10;step=4, rand=0, actions=&lt;Down&gt;&#10;Want | Got ✗&#10;------------&#10;.... | IIII &#10;.... | IIII &#10;...I | IIII &#10;...I | IIII &#10;ZZZI | IIII &#10;.Z.I | IIII &#10;ZZZ. | IIII &#10;ZZZ. | IIII &#10;&#10;step=5, rand=0, actions=&lt;Down&gt;&#10;Want | Got ✗&#10;------------&#10;.... | IIII &#10;.... | IIII &#10;.... | IIII &#10;...I | IIII &#10;ZZZI | IIII &#10;.Z.I | IIII &#10;ZZZI | IIII &#10;ZZZ. | IIII &#10;&#10;step=6, rand=0, actions=&lt;Down&gt;&#10;Want | Got ✗&#10;------------&#10;.... | IIII &#10;.... | IIII &#10;.... | IIII &#10;.... | IIII &#10;ZZZI | IIII &#10;.Z.I | IIII &#10;ZZZI | IIII &#10;ZZZI | IIII &#10;&#10;step=7, rand=0, actions=&lt;Down&gt;&#10;Want | Got ✗&#10;------------&#10;.... | IIII &#10;IIII | IIII &#10;.... | IIII &#10;.... | IIII &#10;.... | IIII &#10;.... | IIII &#10;.... | IIII &#10;.Z.I | IIII &#10;&#10;" type="org.scalatest.exceptions.TestFailedException">org.scalatest.exceptions.TestFailedException: didPass was false
Hint: When a new tetromino is placed, any full lines are removed from the board. If a lines is
removed, the lines above it are moved down to such that the line is replaced by the line above it.
Empty lines are added to the top to ensure the game has the correct height.
--------------------------------------------------------------------------------
This is what went wrong:

step=0, rand=0, actions=&lt;&gt;
Want | Got ✗
------------
.... | IIII 
IIII | IIII 
.... | IIII 
.... | IIII 
ZZZ. | IIII 
.Z.. | IIII 
ZZZ. | IIII 
ZZZ. | IIII 

step=1, rand=0, actions=&lt;RotateRight&gt;
Want | Got ✗
------------
..I. | IIII 
..I. | IIII 
..I. | IIII 
..I. | IIII 
ZZZ. | IIII 
.Z.. | IIII 
ZZZ. | IIII 
ZZZ. | IIII 

step=2, rand=0, actions=&lt;Right&gt;
Want | Got ✗
------------
...I | IIII 
...I | IIII 
...I | IIII 
...I | IIII 
ZZZ. | IIII 
.Z.. | IIII 
ZZZ. | IIII 
ZZZ. | IIII 

step=3, rand=0, actions=&lt;Down&gt;
Want | Got ✗
------------
.... | IIII 
...I | IIII 
...I | IIII 
...I | IIII 
ZZZI | IIII 
.Z.. | IIII 
ZZZ. | IIII 
ZZZ. | IIII 

step=4, rand=0, actions=&lt;Down&gt;
Want | Got ✗
------------
.... | IIII 
.... | IIII 
...I | IIII 
...I | IIII 
ZZZI | IIII 
.Z.I | IIII 
ZZZ. | IIII 
ZZZ. | IIII 

step=5, rand=0, actions=&lt;Down&gt;
Want | Got ✗
------------
.... | IIII 
.... | IIII 
.... | IIII 
...I | IIII 
ZZZI | IIII 
.Z.I | IIII 
ZZZI | IIII 
ZZZ. | IIII 

step=6, rand=0, actions=&lt;Down&gt;
Want | Got ✗
------------
.... | IIII 
.... | IIII 
.... | IIII 
.... | IIII 
ZZZI | IIII 
.Z.I | IIII 
ZZZI | IIII 
ZZZI | IIII 

step=7, rand=0, actions=&lt;Down&gt;
Want | Got ✗
------------
.... | IIII 
IIII | IIII 
.... | IIII 
.... | IIII 
.... | IIII 
.... | IIII 
.... | IIII 
.Z.I | IIII 


	at app//org.scalatest.Assertions.newAssertionFailedException(Assertions.scala:530)
	at app//org.scalatest.Assertions.newAssertionFailedException$(Assertions.scala:529)
	at app//org.scalatest.FunSuite.newAssertionFailedException(FunSuite.scala:1560)
	at app//org.scalatest.Assertions$AssertionsHelper.macroAssert(Assertions.scala:503)
	at app//generic.GameTestSuite.checkGame(GameTestSuite.scala:298)
	at app//tetris.TetrisTestSuiteBase.checkGame(TetrisTestSuiteBase.scala:106)
	at app//tetris.ClearLinesTests.$anonfun$new$4(ClearLinesTests.scala:319)
	at app//scala.runtime.java8.JFunction0$mcV$sp.apply(JFunction0$mcV$sp.scala:18)
	at app//infrastructure.TestBase.$anonfun$test$1(TestBase.scala:36)
	at app//org.scalatest.OutcomeOf.outcomeOf(OutcomeOf.scala:85)
	at app//org.scalatest.OutcomeOf.outcomeOf$(OutcomeOf.scala:83)
	at app//org.scalatest.OutcomeOf$.outcomeOf(OutcomeOf.scala:104)
	at app//org.scalatest.Transformer.apply(Transformer.scala:22)
	at app//org.scalatest.Transformer.apply(Transformer.scala:20)
	at app//org.scalatest.FunSuiteLike$$anon$1.apply(FunSuiteLike.scala:186)
	at app//org.scalatest.TestSuite.withFixture(TestSuite.scala:196)
	at app//org.scalatest.TestSuite.withFixture$(TestSuite.scala:195)
	at app//infrastructure.TestBase.org$scalatest$concurrent$TimeLimitedTests$$super$withFixture(TestBase.scala:9)
	at app//org.scalatest.concurrent.TimeLimitedTests.$anonfun$withFixture$3(TimeLimitedTests.scala:154)
	at app//org.scalatest.enablers.Timed$$anon$1.timeoutAfter(Timed.scala:127)
	at app//org.scalatest.concurrent.TimeLimits.failAfterImpl(TimeLimits.scala:239)
	at app//org.scalatest.concurrent.TimeLimits.failAfterImpl$(TimeLimits.scala:233)
	at app//org.scalatest.concurrent.TimeLimits$.failAfterImpl(TimeLimits.scala:305)
	at app//org.scalatest.concurrent.TimeLimitedTests.withFixture(TimeLimitedTests.scala:153)
	at app//org.scalatest.concurrent.TimeLimitedTests.withFixture$(TimeLimitedTests.scala:150)
	at app//infrastructure.TestBase.withFixture(TestBase.scala:9)
	at app//org.scalatest.FunSuiteLike.invokeWithFixture$1(FunSuiteLike.scala:184)
	at app//org.scalatest.FunSuiteLike.$anonfun$runTest$1(FunSuiteLike.scala:196)
	at app//org.scalatest.SuperEngine.runTestImpl(Engine.scala:286)
	at app//org.scalatest.FunSuiteLike.runTest(FunSuiteLike.scala:196)
	at app//org.scalatest.FunSuiteLike.runTest$(FunSuiteLike.scala:178)
	at app//org.scalatest.FunSuite.runTest(FunSuite.scala:1560)
	at app//org.scalatest.FunSuiteLike.$anonfun$runTests$1(FunSuiteLike.scala:229)
	at app//org.scalatest.SuperEngine.$anonfun$runTestsInBranch$1(Engine.scala:393)
	at app//scala.collection.immutable.List.foreach(List.scala:333)
	at app//org.scalatest.SuperEngine.traverseSubNodes$1(Engine.scala:381)
	at app//org.scalatest.SuperEngine.runTestsInBranch(Engine.scala:376)
	at app//org.scalatest.SuperEngine.runTestsImpl(Engine.scala:458)
	at app//org.scalatest.FunSuiteLike.runTests(FunSuiteLike.scala:229)
	at app//org.scalatest.FunSuiteLike.runTests$(FunSuiteLike.scala:228)
	at app//org.scalatest.FunSuite.runTests(FunSuite.scala:1560)
	at app//org.scalatest.Suite.run(Suite.scala:1124)
	at app//org.scalatest.Suite.run$(Suite.scala:1106)
	at app//org.scalatest.FunSuite.org$scalatest$FunSuiteLike$$super$run(FunSuite.scala:1560)
	at app//org.scalatest.FunSuiteLike.$anonfun$run$1(FunSuiteLike.scala:233)
	at app//org.scalatest.SuperEngine.runImpl(Engine.scala:518)
	at app//org.scalatest.FunSuiteLike.run(FunSuiteLike.scala:233)
	at app//org.scalatest.FunSuiteLike.run$(FunSuiteLike.scala:232)
	at app//infrastructure.TestBase.run(TestBase.scala:26)
	at app//org.scalatest.Suite.callExecuteOnSuite$1(Suite.scala:1187)
	at app//org.scalatest.Suite.$anonfun$runNestedSuites$1(Suite.scala:1234)
	at app//scala.collection.ArrayOps$.foreach$extension(ArrayOps.scala:1323)
	at app//org.scalatest.Suite.runNestedSuites(Suite.scala:1232)
	at app//org.scalatest.Suite.runNestedSuites$(Suite.scala:1166)
	at app//org.scalatest.Suites.runNestedSuites(Suites.scala:56)
	at app//org.scalatest.Suite.run(Suite.scala:1121)
	at app//org.scalatest.Suite.run$(Suite.scala:1106)
	at app//tetris.TetrisTestSuitesBase.runDirect(TetrisTestSuitesBase.scala:20)
	at app//tetris.TetrisTestSuitesBase.runWithScoreCounter(TetrisTestSuitesBase.scala:14)
	at app//tetris.TetrisTestSuite3_2.run(TetrisTestSuite3_2.scala:25)
	at app//org.scalatestplus.junit.JUnitRunner.run(JUnitRunner.scala:99)
	at app//org.junit.runner.JUnitCore.run(JUnitCore.java:137)
	at app//org.junit.runner.JUnitCore.run(JUnitCore.java:115)
	at app//org.junit.vintage.engine.execution.RunnerExecutor.execute(RunnerExecutor.java:42)
	at app//org.junit.vintage.engine.VintageTestEngine.executeAllChildren(VintageTestEngine.java:80)
	at app//org.junit.vintage.engine.VintageTestEngine.execute(VintageTestEngine.java:72)
	at org.junit.platform.launcher.core.EngineExecutionOrchestrator.execute(EngineExecutionOrchestrator.java:107)
	at org.junit.platform.launcher.core.EngineExecutionOrchestrator.execute(EngineExecutionOrchestrator.java:88)
	at org.junit.platform.launcher.core.EngineExecutionOrchestrator.lambda$execute$0(EngineExecutionOrchestrator.java:54)
	at org.junit.platform.launcher.core.EngineExecutionOrchestrator.withInterceptedStreams(EngineExecutionOrchestrator.java:67)
	at org.junit.platform.launcher.core.EngineExecutionOrchestrator.execute(EngineExecutionOrchestrator.java:52)
	at org.junit.platform.launcher.core.DefaultLauncher.execute(DefaultLauncher.java:114)
	at org.junit.platform.launcher.core.DefaultLauncher.execute(DefaultLauncher.java:86)
	at org.junit.platform.launcher.core.DefaultLauncherSession$DelegatingLauncher.execute(DefaultLauncherSession.java:86)
	at org.junit.platform.launcher.core.SessionPerRequestLauncher.execute(SessionPerRequestLauncher.java:53)
	at org.gradle.api.internal.tasks.testing.junitplatform.JUnitPlatformTestClassProcessor$CollectAllTestClassesExecutor.processAllTestClasses(JUnitPlatformTestClassProcessor.java:99)
	at org.gradle.api.internal.tasks.testing.junitplatform.JUnitPlatformTestClassProcessor$CollectAllTestClassesExecutor.access$000(JUnitPlatformTestClassProcessor.java:79)
	at org.gradle.api.internal.tasks.testing.junitplatform.JUnitPlatformTestClassProcessor.stop(JUnitPlatformTestClassProcessor.java:75)
	at org.gradle.api.internal.tasks.testing.SuiteTestClassProcessor.stop(SuiteTestClassProcessor.java:61)
	at java.base@11.0.18/jdk.internal.reflect.NativeMethodAccessorImpl.invoke0(Native Method)
	at java.base@11.0.18/jdk.internal.reflect.NativeMethodAccessorImpl.invoke(NativeMethodAccessorImpl.java:62)
	at java.base@11.0.18/jdk.internal.reflect.DelegatingMethodAccessorImpl.invoke(DelegatingMethodAccessorImpl.java:43)
	at java.base@11.0.18/java.lang.reflect.Method.invoke(Method.java:566)
	at org.gradle.internal.dispatch.ReflectionDispatch.dispatch(ReflectionDispatch.java:36)
	at org.gradle.internal.dispatch.ReflectionDispatch.dispatch(ReflectionDispatch.java:24)
	at org.gradle.internal.dispatch.ContextClassLoaderDispatch.dispatch(ContextClassLoaderDispatch.java:33)
	at org.gradle.internal.dispatch.ProxyDispatchAdapter$DispatchingInvocationHandler.invoke(ProxyDispatchAdapter.java:94)
	at com.sun.proxy.$Proxy2.stop(Unknown Source)
	at org.gradle.api.internal.tasks.testing.worker.TestWorker$3.run(TestWorker.java:193)
	at org.gradle.api.internal.tasks.testing.worker.TestWorker.executeAndMaintainThreadName(TestWorker.java:129)
	at org.gradle.api.internal.tasks.testing.worker.TestWorker.execute(TestWorker.java:100)
	at org.gradle.api.internal.tasks.testing.worker.TestWorker.execute(TestWorker.java:60)
	at org.gradle.process.internal.worker.child.ActionExecutionWorker.execute(ActionExecutionWorker.java:56)
	at org.gradle.process.internal.worker.child.SystemApplicationClassLoaderWorker.call(SystemApplicationClassLoaderWorker.java:133)
	at org.gradle.process.internal.worker.child.SystemApplicationClassLoaderWorker.call(SystemApplicationClassLoaderWorker.java:71)
	at app//worker.org.gradle.process.internal.worker.GradleWorkerMain.run(GradleWorkerMain.java:69)
	at app//worker.org.gradle.process.internal.worker.GradleWorkerMain.main(GradleWorkerMain.java:74)
</failure>
  </testcase>
  <testcase name="testClear4Lines" classname="tetris.ClearLinesTests" time="0.026">
    <failure message="org.scalatest.exceptions.TestFailedException: didPass was false&#10;Hint: When a new tetromino is placed, any full lines are removed from the board. If a lines is&#10;removed, the lines above it are moved down to such that the line is replaced by the line above it.&#10;Empty lines are added to the top to ensure the game has the correct height.&#10;--------------------------------------------------------------------------------&#10;This is what went wrong:&#10;&#10;step=0, rand=0, actions=&lt;&gt;&#10;Want | Got ✗&#10;------------&#10;.... | IIII &#10;IIII | IIII &#10;.... | IIII &#10;...O | IIII &#10;Z.ZZ | IIII &#10;Z.ZZ | IIII &#10;Z.ZZ | IIII &#10;Z.ZZ | IIII &#10;.ZZZ | IIII &#10;&#10;step=1, rand=0, actions=&lt;RotateRight&gt;&#10;Want | Got ✗&#10;------------&#10;..I. | IIII &#10;..I. | IIII &#10;..I. | IIII &#10;..IO | IIII &#10;Z.ZZ | IIII &#10;Z.ZZ | IIII &#10;Z.ZZ | IIII &#10;Z.ZZ | IIII &#10;.ZZZ | IIII &#10;&#10;step=2, rand=0, actions=&lt;Left&gt;&#10;Want | Got ✗&#10;------------&#10;.I.. | IIII &#10;.I.. | IIII &#10;.I.. | IIII &#10;.I.O | IIII &#10;Z.ZZ | IIII &#10;Z.ZZ | IIII &#10;Z.ZZ | IIII &#10;Z.ZZ | IIII &#10;.ZZZ | IIII &#10;&#10;step=3, rand=0, actions=&lt;Down&gt;&#10;Want | Got ✗&#10;------------&#10;.... | IIII &#10;.I.. | IIII &#10;.I.. | IIII &#10;.I.O | IIII &#10;ZIZZ | IIII &#10;Z.ZZ | IIII &#10;Z.ZZ | IIII &#10;Z.ZZ | IIII &#10;.ZZZ | IIII &#10;&#10;step=4, rand=0, actions=&lt;Down&gt;&#10;Want | Got ✗&#10;------------&#10;.... | IIII &#10;.... | IIII &#10;.I.. | IIII &#10;.I.O | IIII &#10;ZIZZ | IIII &#10;ZIZZ | IIII &#10;Z.ZZ | IIII &#10;Z.ZZ | IIII &#10;.ZZZ | IIII &#10;&#10;step=5, rand=0, actions=&lt;Down&gt;&#10;Want | Got ✗&#10;------------&#10;.... | IIII &#10;.... | IIII &#10;.... | IIII &#10;.I.O | IIII &#10;ZIZZ | IIII &#10;ZIZZ | IIII &#10;ZIZZ | IIII &#10;Z.ZZ | IIII &#10;.ZZZ | IIII &#10;&#10;step=6, rand=0, actions=&lt;Down&gt;&#10;Want | Got ✗&#10;------------&#10;.... | IIII &#10;.... | IIII &#10;.... | IIII &#10;...O | IIII &#10;ZIZZ | IIII &#10;ZIZZ | IIII &#10;ZIZZ | IIII &#10;ZIZZ | IIII &#10;.ZZZ | IIII &#10;&#10;step=7, rand=0, actions=&lt;Down&gt;&#10;Want | Got ✗&#10;------------&#10;.... | IIII &#10;IIII | IIII &#10;.... | IIII &#10;.... | IIII &#10;.... | IIII &#10;.... | IIII &#10;.... | IIII &#10;...O | IIII &#10;.ZZZ | IIII &#10;&#10;" type="org.scalatest.exceptions.TestFailedException">org.scalatest.exceptions.TestFailedException: didPass was false
Hint: When a new tetromino is placed, any full lines are removed from the board. If a lines is
removed, the lines above it are moved down to such that the line is replaced by the line above it.
Empty lines are added to the top to ensure the game has the correct height.
--------------------------------------------------------------------------------
This is what went wrong:

step=0, rand=0, actions=&lt;&gt;
Want | Got ✗
------------
.... | IIII 
IIII | IIII 
.... | IIII 
...O | IIII 
Z.ZZ | IIII 
Z.ZZ | IIII 
Z.ZZ | IIII 
Z.ZZ | IIII 
.ZZZ | IIII 

step=1, rand=0, actions=&lt;RotateRight&gt;
Want | Got ✗
------------
..I. | IIII 
..I. | IIII 
..I. | IIII 
..IO | IIII 
Z.ZZ | IIII 
Z.ZZ | IIII 
Z.ZZ | IIII 
Z.ZZ | IIII 
.ZZZ | IIII 

step=2, rand=0, actions=&lt;Left&gt;
Want | Got ✗
------------
.I.. | IIII 
.I.. | IIII 
.I.. | IIII 
.I.O | IIII 
Z.ZZ | IIII 
Z.ZZ | IIII 
Z.ZZ | IIII 
Z.ZZ | IIII 
.ZZZ | IIII 

step=3, rand=0, actions=&lt;Down&gt;
Want | Got ✗
------------
.... | IIII 
.I.. | IIII 
.I.. | IIII 
.I.O | IIII 
ZIZZ | IIII 
Z.ZZ | IIII 
Z.ZZ | IIII 
Z.ZZ | IIII 
.ZZZ | IIII 

step=4, rand=0, actions=&lt;Down&gt;
Want | Got ✗
------------
.... | IIII 
.... | IIII 
.I.. | IIII 
.I.O | IIII 
ZIZZ | IIII 
ZIZZ | IIII 
Z.ZZ | IIII 
Z.ZZ | IIII 
.ZZZ | IIII 

step=5, rand=0, actions=&lt;Down&gt;
Want | Got ✗
------------
.... | IIII 
.... | IIII 
.... | IIII 
.I.O | IIII 
ZIZZ | IIII 
ZIZZ | IIII 
ZIZZ | IIII 
Z.ZZ | IIII 
.ZZZ | IIII 

step=6, rand=0, actions=&lt;Down&gt;
Want | Got ✗
------------
.... | IIII 
.... | IIII 
.... | IIII 
...O | IIII 
ZIZZ | IIII 
ZIZZ | IIII 
ZIZZ | IIII 
ZIZZ | IIII 
.ZZZ | IIII 

step=7, rand=0, actions=&lt;Down&gt;
Want | Got ✗
------------
.... | IIII 
IIII | IIII 
.... | IIII 
.... | IIII 
.... | IIII 
.... | IIII 
.... | IIII 
...O | IIII 
.ZZZ | IIII 


	at app//org.scalatest.Assertions.newAssertionFailedException(Assertions.scala:530)
	at app//org.scalatest.Assertions.newAssertionFailedException$(Assertions.scala:529)
	at app//org.scalatest.FunSuite.newAssertionFailedException(FunSuite.scala:1560)
	at app//org.scalatest.Assertions$AssertionsHelper.macroAssert(Assertions.scala:503)
	at app//generic.GameTestSuite.checkGame(GameTestSuite.scala:298)
	at app//tetris.TetrisTestSuiteBase.checkGame(TetrisTestSuiteBase.scala:106)
	at app//tetris.ClearLinesTests.$anonfun$new$5(ClearLinesTests.scala:415)
	at app//scala.runtime.java8.JFunction0$mcV$sp.apply(JFunction0$mcV$sp.scala:18)
	at app//infrastructure.TestBase.$anonfun$test$1(TestBase.scala:36)
	at app//org.scalatest.OutcomeOf.outcomeOf(OutcomeOf.scala:85)
	at app//org.scalatest.OutcomeOf.outcomeOf$(OutcomeOf.scala:83)
	at app//org.scalatest.OutcomeOf$.outcomeOf(OutcomeOf.scala:104)
	at app//org.scalatest.Transformer.apply(Transformer.scala:22)
	at app//org.scalatest.Transformer.apply(Transformer.scala:20)
	at app//org.scalatest.FunSuiteLike$$anon$1.apply(FunSuiteLike.scala:186)
	at app//org.scalatest.TestSuite.withFixture(TestSuite.scala:196)
	at app//org.scalatest.TestSuite.withFixture$(TestSuite.scala:195)
	at app//infrastructure.TestBase.org$scalatest$concurrent$TimeLimitedTests$$super$withFixture(TestBase.scala:9)
	at app//org.scalatest.concurrent.TimeLimitedTests.$anonfun$withFixture$3(TimeLimitedTests.scala:154)
	at app//org.scalatest.enablers.Timed$$anon$1.timeoutAfter(Timed.scala:127)
	at app//org.scalatest.concurrent.TimeLimits.failAfterImpl(TimeLimits.scala:239)
	at app//org.scalatest.concurrent.TimeLimits.failAfterImpl$(TimeLimits.scala:233)
	at app//org.scalatest.concurrent.TimeLimits$.failAfterImpl(TimeLimits.scala:305)
	at app//org.scalatest.concurrent.TimeLimitedTests.withFixture(TimeLimitedTests.scala:153)
	at app//org.scalatest.concurrent.TimeLimitedTests.withFixture$(TimeLimitedTests.scala:150)
	at app//infrastructure.TestBase.withFixture(TestBase.scala:9)
	at app//org.scalatest.FunSuiteLike.invokeWithFixture$1(FunSuiteLike.scala:184)
	at app//org.scalatest.FunSuiteLike.$anonfun$runTest$1(FunSuiteLike.scala:196)
	at app//org.scalatest.SuperEngine.runTestImpl(Engine.scala:286)
	at app//org.scalatest.FunSuiteLike.runTest(FunSuiteLike.scala:196)
	at app//org.scalatest.FunSuiteLike.runTest$(FunSuiteLike.scala:178)
	at app//org.scalatest.FunSuite.runTest(FunSuite.scala:1560)
	at app//org.scalatest.FunSuiteLike.$anonfun$runTests$1(FunSuiteLike.scala:229)
	at app//org.scalatest.SuperEngine.$anonfun$runTestsInBranch$1(Engine.scala:393)
	at app//scala.collection.immutable.List.foreach(List.scala:333)
	at app//org.scalatest.SuperEngine.traverseSubNodes$1(Engine.scala:381)
	at app//org.scalatest.SuperEngine.runTestsInBranch(Engine.scala:376)
	at app//org.scalatest.SuperEngine.runTestsImpl(Engine.scala:458)
	at app//org.scalatest.FunSuiteLike.runTests(FunSuiteLike.scala:229)
	at app//org.scalatest.FunSuiteLike.runTests$(FunSuiteLike.scala:228)
	at app//org.scalatest.FunSuite.runTests(FunSuite.scala:1560)
	at app//org.scalatest.Suite.run(Suite.scala:1124)
	at app//org.scalatest.Suite.run$(Suite.scala:1106)
	at app//org.scalatest.FunSuite.org$scalatest$FunSuiteLike$$super$run(FunSuite.scala:1560)
	at app//org.scalatest.FunSuiteLike.$anonfun$run$1(FunSuiteLike.scala:233)
	at app//org.scalatest.SuperEngine.runImpl(Engine.scala:518)
	at app//org.scalatest.FunSuiteLike.run(FunSuiteLike.scala:233)
	at app//org.scalatest.FunSuiteLike.run$(FunSuiteLike.scala:232)
	at app//infrastructure.TestBase.run(TestBase.scala:26)
	at app//org.scalatest.Suite.callExecuteOnSuite$1(Suite.scala:1187)
	at app//org.scalatest.Suite.$anonfun$runNestedSuites$1(Suite.scala:1234)
	at app//scala.collection.ArrayOps$.foreach$extension(ArrayOps.scala:1323)
	at app//org.scalatest.Suite.runNestedSuites(Suite.scala:1232)
	at app//org.scalatest.Suite.runNestedSuites$(Suite.scala:1166)
	at app//org.scalatest.Suites.runNestedSuites(Suites.scala:56)
	at app//org.scalatest.Suite.run(Suite.scala:1121)
	at app//org.scalatest.Suite.run$(Suite.scala:1106)
	at app//tetris.TetrisTestSuitesBase.runDirect(TetrisTestSuitesBase.scala:20)
	at app//tetris.TetrisTestSuitesBase.runWithScoreCounter(TetrisTestSuitesBase.scala:14)
	at app//tetris.TetrisTestSuite3_2.run(TetrisTestSuite3_2.scala:25)
	at app//org.scalatestplus.junit.JUnitRunner.run(JUnitRunner.scala:99)
	at app//org.junit.runner.JUnitCore.run(JUnitCore.java:137)
	at app//org.junit.runner.JUnitCore.run(JUnitCore.java:115)
	at app//org.junit.vintage.engine.execution.RunnerExecutor.execute(RunnerExecutor.java:42)
	at app//org.junit.vintage.engine.VintageTestEngine.executeAllChildren(VintageTestEngine.java:80)
	at app//org.junit.vintage.engine.VintageTestEngine.execute(VintageTestEngine.java:72)
	at org.junit.platform.launcher.core.EngineExecutionOrchestrator.execute(EngineExecutionOrchestrator.java:107)
	at org.junit.platform.launcher.core.EngineExecutionOrchestrator.execute(EngineExecutionOrchestrator.java:88)
	at org.junit.platform.launcher.core.EngineExecutionOrchestrator.lambda$execute$0(EngineExecutionOrchestrator.java:54)
	at org.junit.platform.launcher.core.EngineExecutionOrchestrator.withInterceptedStreams(EngineExecutionOrchestrator.java:67)
	at org.junit.platform.launcher.core.EngineExecutionOrchestrator.execute(EngineExecutionOrchestrator.java:52)
	at org.junit.platform.launcher.core.DefaultLauncher.execute(DefaultLauncher.java:114)
	at org.junit.platform.launcher.core.DefaultLauncher.execute(DefaultLauncher.java:86)
	at org.junit.platform.launcher.core.DefaultLauncherSession$DelegatingLauncher.execute(DefaultLauncherSession.java:86)
	at org.junit.platform.launcher.core.SessionPerRequestLauncher.execute(SessionPerRequestLauncher.java:53)
	at org.gradle.api.internal.tasks.testing.junitplatform.JUnitPlatformTestClassProcessor$CollectAllTestClassesExecutor.processAllTestClasses(JUnitPlatformTestClassProcessor.java:99)
	at org.gradle.api.internal.tasks.testing.junitplatform.JUnitPlatformTestClassProcessor$CollectAllTestClassesExecutor.access$000(JUnitPlatformTestClassProcessor.java:79)
	at org.gradle.api.internal.tasks.testing.junitplatform.JUnitPlatformTestClassProcessor.stop(JUnitPlatformTestClassProcessor.java:75)
	at org.gradle.api.internal.tasks.testing.SuiteTestClassProcessor.stop(SuiteTestClassProcessor.java:61)
	at java.base@11.0.18/jdk.internal.reflect.NativeMethodAccessorImpl.invoke0(Native Method)
	at java.base@11.0.18/jdk.internal.reflect.NativeMethodAccessorImpl.invoke(NativeMethodAccessorImpl.java:62)
	at java.base@11.0.18/jdk.internal.reflect.DelegatingMethodAccessorImpl.invoke(DelegatingMethodAccessorImpl.java:43)
	at java.base@11.0.18/java.lang.reflect.Method.invoke(Method.java:566)
	at org.gradle.internal.dispatch.ReflectionDispatch.dispatch(ReflectionDispatch.java:36)
	at org.gradle.internal.dispatch.ReflectionDispatch.dispatch(ReflectionDispatch.java:24)
	at org.gradle.internal.dispatch.ContextClassLoaderDispatch.dispatch(ContextClassLoaderDispatch.java:33)
	at org.gradle.internal.dispatch.ProxyDispatchAdapter$DispatchingInvocationHandler.invoke(ProxyDispatchAdapter.java:94)
	at com.sun.proxy.$Proxy2.stop(Unknown Source)
	at org.gradle.api.internal.tasks.testing.worker.TestWorker$3.run(TestWorker.java:193)
	at org.gradle.api.internal.tasks.testing.worker.TestWorker.executeAndMaintainThreadName(TestWorker.java:129)
	at org.gradle.api.internal.tasks.testing.worker.TestWorker.execute(TestWorker.java:100)
	at org.gradle.api.internal.tasks.testing.worker.TestWorker.execute(TestWorker.java:60)
	at org.gradle.process.internal.worker.child.ActionExecutionWorker.execute(ActionExecutionWorker.java:56)
	at org.gradle.process.internal.worker.child.SystemApplicationClassLoaderWorker.call(SystemApplicationClassLoaderWorker.java:133)
	at org.gradle.process.internal.worker.child.SystemApplicationClassLoaderWorker.call(SystemApplicationClassLoaderWorker.java:71)
	at app//worker.org.gradle.process.internal.worker.GradleWorkerMain.run(GradleWorkerMain.java:69)
	at app//worker.org.gradle.process.internal.worker.GradleWorkerMain.main(GradleWorkerMain.java:74)
</failure>
  </testcase>
  <system-out><![CDATA[]]></system-out>
  <system-err><![CDATA[]]></system-err>
</testsuite>
